数据集：pureSMRI_1431_threeStage
模型名称：PktNet
使用优化器：Adam
初始学习率：1e-05
train_batch_size：32
test_batch_size：8
train_num_workers：8
test_num_workers:4
fiveFold_2 start:
----------
epoch 1/200
[1/27][1/200], train_loss: 0.847840
[2/27][1/200], train_loss: 0.729338
[3/27][1/200], train_loss: 0.740349
[4/27][1/200], train_loss: 0.676664
[5/27][1/200], train_loss: 0.782837
[6/27][1/200], train_loss: 0.840196
[7/27][1/200], train_loss: 0.701175
[8/27][1/200], train_loss: 0.726735
[9/27][1/200], train_loss: 0.728974
[10/27][1/200], train_loss: 0.640227
[11/27][1/200], train_loss: 0.693110
[12/27][1/200], train_loss: 0.515173
[13/27][1/200], train_loss: 0.570541
[14/27][1/200], train_loss: 0.626062
[15/27][1/200], train_loss: 0.810760
[16/27][1/200], train_loss: 0.842979
[17/27][1/200], train_loss: 0.752921
[18/27][1/200], train_loss: 0.736574
[19/27][1/200], train_loss: 0.577570
[20/27][1/200], train_loss: 0.654946
[21/27][1/200], train_loss: 0.648744
[22/27][1/200], train_loss: 0.584095
[23/27][1/200], train_loss: 0.719148
[24/27][1/200], train_loss: 0.678385
[25/27][1/200], train_loss: 0.670796
[26/27][1/200], train_loss: 0.551026
[27/27][1/200], train_loss: 0.983050
ACC: 0.6492
SEN: 0.0577
SPE: 0.9139
AUC: 0.4858
F1_Score: 0.0923
confusionMatrix：
tensor([[531,  50],
        [245,  15]], device='cuda:0')
Epoch 1 average train loss: 0.704823
Current epoch: 1
ACC: 0.7048
SEN: 0.0462
SPE: 1.0000
AUC: 0.5231
F1_Score: 0.0882
confusionMatrix：
tensor([[145,   0],
        [ 62,   3]], device='cuda:0')
saved new best accuracy model
Current end epoch: 1 current accuracy: 0.704762 
Best accuracy: 0.704762 at epoch 1
Eopch:1 train acc:0.6492270827293396, test acc:0.7047619223594666
----------
epoch 2/200
[1/27][2/200], train_loss: 0.641333
[2/27][2/200], train_loss: 0.633902
[3/27][2/200], train_loss: 0.690740
[4/27][2/200], train_loss: 0.666170
[5/27][2/200], train_loss: 0.639922
[6/27][2/200], train_loss: 0.676907
[7/27][2/200], train_loss: 0.640984
[8/27][2/200], train_loss: 0.615152
[9/27][2/200], train_loss: 0.612892
[10/27][2/200], train_loss: 0.548531
[11/27][2/200], train_loss: 0.565020
[12/27][2/200], train_loss: 0.442858
[13/27][2/200], train_loss: 0.502758
[14/27][2/200], train_loss: 0.599786
[15/27][2/200], train_loss: 0.670461
[16/27][2/200], train_loss: 0.697652
[17/27][2/200], train_loss: 0.580380
[18/27][2/200], train_loss: 0.582974
[19/27][2/200], train_loss: 0.650954
[20/27][2/200], train_loss: 0.585867
[21/27][2/200], train_loss: 0.414587
[22/27][2/200], train_loss: 0.506607
[23/27][2/200], train_loss: 0.680428
[24/27][2/200], train_loss: 0.690226
[25/27][2/200], train_loss: 0.640914
[26/27][2/200], train_loss: 0.447422
[27/27][2/200], train_loss: 0.654196
ACC: 0.6920
SEN: 0.1231
SPE: 0.9466
AUC: 0.5349
F1_Score: 0.1981
confusionMatrix：
tensor([[550,  31],
        [228,  32]], device='cuda:0')
Epoch 2 average train loss: 0.602949
Current epoch: 2
ACC: 0.6286
SEN: 0.9231
SPE: 0.4966
AUC: 0.7098
F1_Score: 0.6061
confusionMatrix：
tensor([[72, 73],
        [ 5, 60]], device='cuda:0')
Current end epoch: 2 current accuracy: 0.628571 
Best accuracy: 0.704762 at epoch 1
Eopch:2 train acc:0.6920332908630371, test acc:0.6285714507102966
----------
epoch 3/200
[1/27][3/200], train_loss: 0.592333
[2/27][3/200], train_loss: 0.635025
[3/27][3/200], train_loss: 0.681669
[4/27][3/200], train_loss: 0.566457
[5/27][3/200], train_loss: 0.642244
[6/27][3/200], train_loss: 0.677694
[7/27][3/200], train_loss: 0.567358
[8/27][3/200], train_loss: 0.537826
[9/27][3/200], train_loss: 0.508660
[10/27][3/200], train_loss: 0.452516
[11/27][3/200], train_loss: 0.538534
[12/27][3/200], train_loss: 0.480475
[13/27][3/200], train_loss: 0.452169
[14/27][3/200], train_loss: 0.552559
[15/27][3/200], train_loss: 0.535286
[16/27][3/200], train_loss: 0.664854
[17/27][3/200], train_loss: 0.576695
[18/27][3/200], train_loss: 0.468634
[19/27][3/200], train_loss: 0.473224
[20/27][3/200], train_loss: 0.562083
[21/27][3/200], train_loss: 0.566793
[22/27][3/200], train_loss: 0.423993
[23/27][3/200], train_loss: 0.476265
[24/27][3/200], train_loss: 0.574586
[25/27][3/200], train_loss: 0.569005
[26/27][3/200], train_loss: 0.392716
[27/27][3/200], train_loss: 0.784927
ACC: 0.7218
SEN: 0.3423
SPE: 0.8916
AUC: 0.6169
F1_Score: 0.4320
confusionMatrix：
tensor([[518,  63],
        [171,  89]], device='cuda:0')
Epoch 3 average train loss: 0.553873
Current epoch: 3
ACC: 0.7857
SEN: 0.3538
SPE: 0.9793
AUC: 0.6666
F1_Score: 0.5055
confusionMatrix：
tensor([[142,   3],
        [ 42,  23]], device='cuda:0')
saved new best accuracy model
Current end epoch: 3 current accuracy: 0.785714 
Best accuracy: 0.785714 at epoch 3
Eopch:3 train acc:0.7217597961425781, test acc:0.7857142686843872
----------
epoch 4/200
[1/27][4/200], train_loss: 0.411471
[2/27][4/200], train_loss: 0.391292
[3/27][4/200], train_loss: 0.663981
[4/27][4/200], train_loss: 0.643450
[5/27][4/200], train_loss: 0.575927
[6/27][4/200], train_loss: 0.458934
[7/27][4/200], train_loss: 0.478587
[8/27][4/200], train_loss: 0.468217
[9/27][4/200], train_loss: 0.469367
[10/27][4/200], train_loss: 0.403343
[11/27][4/200], train_loss: 0.360337
[12/27][4/200], train_loss: 0.325663
[13/27][4/200], train_loss: 0.390929
[14/27][4/200], train_loss: 0.536452
[15/27][4/200], train_loss: 0.381738
[16/27][4/200], train_loss: 0.492116
[17/27][4/200], train_loss: 0.440795
[18/27][4/200], train_loss: 0.380028
[19/27][4/200], train_loss: 0.508855
[20/27][4/200], train_loss: 0.557139
[21/27][4/200], train_loss: 0.327600
[22/27][4/200], train_loss: 0.399145
[23/27][4/200], train_loss: 0.438504
[24/27][4/200], train_loss: 0.599959
[25/27][4/200], train_loss: 0.523835
[26/27][4/200], train_loss: 0.359838
[27/27][4/200], train_loss: 0.426994
ACC: 0.8038
SEN: 0.5423
SPE: 0.9208
AUC: 0.7316
F1_Score: 0.6309
confusionMatrix：
tensor([[535,  46],
        [119, 141]], device='cuda:0')
Epoch 4 average train loss: 0.459796
Current epoch: 4
ACC: 0.7762
SEN: 0.8923
SPE: 0.7241
AUC: 0.8082
F1_Score: 0.7117
confusionMatrix：
tensor([[105,  40],
        [  7,  58]], device='cuda:0')
Current end epoch: 4 current accuracy: 0.776190 
Best accuracy: 0.785714 at epoch 3
Eopch:4 train acc:0.8038049936294556, test acc:0.776190459728241
----------
epoch 5/200
[1/27][5/200], train_loss: 0.374963
[2/27][5/200], train_loss: 0.433749
[3/27][5/200], train_loss: 0.633541
[4/27][5/200], train_loss: 0.516106
[5/27][5/200], train_loss: 0.595870
[6/27][5/200], train_loss: 0.541296
[7/27][5/200], train_loss: 0.476935
[8/27][5/200], train_loss: 0.439906
[9/27][5/200], train_loss: 0.416098
[10/27][5/200], train_loss: 0.396458
[11/27][5/200], train_loss: 0.432729
[12/27][5/200], train_loss: 0.342064
[13/27][5/200], train_loss: 0.363442
[14/27][5/200], train_loss: 0.551556
[15/27][5/200], train_loss: 0.415852
[16/27][5/200], train_loss: 0.552055
[17/27][5/200], train_loss: 0.477690
[18/27][5/200], train_loss: 0.367355
[19/27][5/200], train_loss: 0.434690
[20/27][5/200], train_loss: 0.515286
[21/27][5/200], train_loss: 0.470004
[22/27][5/200], train_loss: 0.364897
[23/27][5/200], train_loss: 0.400226
[24/27][5/200], train_loss: 0.502353
[25/27][5/200], train_loss: 0.487501
[26/27][5/200], train_loss: 0.344933
[27/27][5/200], train_loss: 0.644795
ACC: 0.7800
SEN: 0.5269
SPE: 0.8933
AUC: 0.7101
F1_Score: 0.5969
confusionMatrix：
tensor([[519,  62],
        [123, 137]], device='cuda:0')
Epoch 5 average train loss: 0.462680
Current epoch: 5
ACC: 0.7857
SEN: 0.4308
SPE: 0.9448
AUC: 0.6878
F1_Score: 0.5545
confusionMatrix：
tensor([[137,   8],
        [ 37,  28]], device='cuda:0')
Current end epoch: 5 current accuracy: 0.785714 
Best accuracy: 0.785714 at epoch 3
Eopch:5 train acc:0.7800237536430359, test acc:0.7857142686843872
----------
epoch 6/200
[1/27][6/200], train_loss: 0.334628
[2/27][6/200], train_loss: 0.286709
[3/27][6/200], train_loss: 0.560166
[4/27][6/200], train_loss: 0.566851
[5/27][6/200], train_loss: 0.572735
[6/27][6/200], train_loss: 0.390212
[7/27][6/200], train_loss: 0.420759
[8/27][6/200], train_loss: 0.393543
[9/27][6/200], train_loss: 0.398227
[10/27][6/200], train_loss: 0.358954
[11/27][6/200], train_loss: 0.293798
[12/27][6/200], train_loss: 0.240251
[13/27][6/200], train_loss: 0.331887
[14/27][6/200], train_loss: 0.525905
[15/27][6/200], train_loss: 0.318849
[16/27][6/200], train_loss: 0.419943
[17/27][6/200], train_loss: 0.383763
[18/27][6/200], train_loss: 0.322771
[19/27][6/200], train_loss: 0.451280
[20/27][6/200], train_loss: 0.497538
[21/27][6/200], train_loss: 0.290630
[22/27][6/200], train_loss: 0.332411
[23/27][6/200], train_loss: 0.338959
[24/27][6/200], train_loss: 0.524013
[25/27][6/200], train_loss: 0.477905
[26/27][6/200], train_loss: 0.301378
[27/27][6/200], train_loss: 0.376377
ACC: 0.8288
SEN: 0.6154
SPE: 0.9243
AUC: 0.7698
F1_Score: 0.6897
confusionMatrix：
tensor([[537,  44],
        [100, 160]], device='cuda:0')
Epoch 6 average train loss: 0.396683
Current epoch: 6
ACC: 0.8095
SEN: 0.8000
SPE: 0.8138
AUC: 0.8069
F1_Score: 0.7222
confusionMatrix：
tensor([[118,  27],
        [ 13,  52]], device='cuda:0')
saved new best accuracy model
Current end epoch: 6 current accuracy: 0.809524 
Best accuracy: 0.809524 at epoch 6
Eopch:6 train acc:0.8287752866744995, test acc:0.8095238208770752
----------
epoch 7/200
[1/27][7/200], train_loss: 0.266158
[2/27][7/200], train_loss: 0.334791
[3/27][7/200], train_loss: 0.587858
[4/27][7/200], train_loss: 0.507896
[5/27][7/200], train_loss: 0.521902
[6/27][7/200], train_loss: 0.445468
[7/27][7/200], train_loss: 0.409554
[8/27][7/200], train_loss: 0.388978
[9/27][7/200], train_loss: 0.357930
[10/27][7/200], train_loss: 0.337134
[11/27][7/200], train_loss: 0.314715
[12/27][7/200], train_loss: 0.256517
[13/27][7/200], train_loss: 0.304568
[14/27][7/200], train_loss: 0.471258
[15/27][7/200], train_loss: 0.299982
[16/27][7/200], train_loss: 0.409096
[17/27][7/200], train_loss: 0.370977
[18/27][7/200], train_loss: 0.278116
[19/27][7/200], train_loss: 0.372567
[20/27][7/200], train_loss: 0.451588
[21/27][7/200], train_loss: 0.326415
[22/27][7/200], train_loss: 0.285588
[23/27][7/200], train_loss: 0.301097
[24/27][7/200], train_loss: 0.446649
[25/27][7/200], train_loss: 0.446913
[26/27][7/200], train_loss: 0.276124
[27/27][7/200], train_loss: 0.405647
ACC: 0.8371
SEN: 0.6462
SPE: 0.9225
AUC: 0.7844
F1_Score: 0.7104
confusionMatrix：
tensor([[536,  45],
        [ 92, 168]], device='cuda:0')
Epoch 7 average train loss: 0.376870
Current epoch: 7
ACC: 0.8333
SEN: 0.7077
SPE: 0.8897
AUC: 0.7987
F1_Score: 0.7244
confusionMatrix：
tensor([[129,  16],
        [ 19,  46]], device='cuda:0')
saved new best accuracy model
Current end epoch: 7 current accuracy: 0.833333 
Best accuracy: 0.833333 at epoch 7
Eopch:7 train acc:0.8370987176895142, test acc:0.8333333134651184
----------
epoch 8/200
[1/27][8/200], train_loss: 0.222784
[2/27][8/200], train_loss: 0.264501
[3/27][8/200], train_loss: 0.532667
[4/27][8/200], train_loss: 0.495650
[5/27][8/200], train_loss: 0.495629
[6/27][8/200], train_loss: 0.405161
[7/27][8/200], train_loss: 0.364512
[8/27][8/200], train_loss: 0.342939
[9/27][8/200], train_loss: 0.313679
[10/27][8/200], train_loss: 0.310858
[11/27][8/200], train_loss: 0.271590
[12/27][8/200], train_loss: 0.205622
[13/27][8/200], train_loss: 0.261120
[14/27][8/200], train_loss: 0.449100
[15/27][8/200], train_loss: 0.270728
[16/27][8/200], train_loss: 0.357744
[17/27][8/200], train_loss: 0.322367
[18/27][8/200], train_loss: 0.237770
[19/27][8/200], train_loss: 0.331058
[20/27][8/200], train_loss: 0.410064
[21/27][8/200], train_loss: 0.269144
[22/27][8/200], train_loss: 0.251941
[23/27][8/200], train_loss: 0.253953
[24/27][8/200], train_loss: 0.422579
[25/27][8/200], train_loss: 0.432712
[26/27][8/200], train_loss: 0.237753
[27/27][8/200], train_loss: 0.297266
ACC: 0.8656
SEN: 0.7000
SPE: 0.9398
AUC: 0.8199
F1_Score: 0.7631
confusionMatrix：
tensor([[546,  35],
        [ 78, 182]], device='cuda:0')
Epoch 8 average train loss: 0.334477
Current epoch: 8
ACC: 0.8667
SEN: 0.8308
SPE: 0.8828
AUC: 0.8568
F1_Score: 0.7941
confusionMatrix：
tensor([[128,  17],
        [ 11,  54]], device='cuda:0')
saved new best accuracy model
Current end epoch: 8 current accuracy: 0.866667 
Best accuracy: 0.866667 at epoch 8
Eopch:8 train acc:0.8656361699104309, test acc:0.8666666746139526
----------
epoch 9/200
[1/27][9/200], train_loss: 0.178736
[2/27][9/200], train_loss: 0.275856
[3/27][9/200], train_loss: 0.471661
[4/27][9/200], train_loss: 0.427484
[5/27][9/200], train_loss: 0.460641
[6/27][9/200], train_loss: 0.427703
[7/27][9/200], train_loss: 0.334981
[8/27][9/200], train_loss: 0.276311
[9/27][9/200], train_loss: 0.257126
[10/27][9/200], train_loss: 0.297544
[11/27][9/200], train_loss: 0.269310
[12/27][9/200], train_loss: 0.178811
[13/27][9/200], train_loss: 0.220163
[14/27][9/200], train_loss: 0.430205
[15/27][9/200], train_loss: 0.262397
[16/27][9/200], train_loss: 0.331293
[17/27][9/200], train_loss: 0.291949
[18/27][9/200], train_loss: 0.199808
[19/27][9/200], train_loss: 0.284487
[20/27][9/200], train_loss: 0.375791
[21/27][9/200], train_loss: 0.266424
[22/27][9/200], train_loss: 0.226174
[23/27][9/200], train_loss: 0.228070
[24/27][9/200], train_loss: 0.387583
[25/27][9/200], train_loss: 0.416183
[26/27][9/200], train_loss: 0.209769
[27/27][9/200], train_loss: 0.264017
ACC: 0.8823
SEN: 0.7500
SPE: 0.9415
AUC: 0.8457
F1_Score: 0.7975
confusionMatrix：
tensor([[547,  34],
        [ 65, 195]], device='cuda:0')
Epoch 9 average train loss: 0.305573
Current epoch: 9
ACC: 0.8857
SEN: 0.8462
SPE: 0.9034
AUC: 0.8748
F1_Score: 0.8209
confusionMatrix：
tensor([[131,  14],
        [ 10,  55]], device='cuda:0')
saved new best accuracy model
Current end epoch: 9 current accuracy: 0.885714 
Best accuracy: 0.885714 at epoch 9
Eopch:9 train acc:0.8822829723358154, test acc:0.8857142925262451
----------
epoch 10/200
[1/27][10/200], train_loss: 0.144266
[2/27][10/200], train_loss: 0.242612
[3/27][10/200], train_loss: 0.391204
[4/27][10/200], train_loss: 0.380776
[5/27][10/200], train_loss: 0.424477
[6/27][10/200], train_loss: 0.415035
[7/27][10/200], train_loss: 0.296613
[8/27][10/200], train_loss: 0.206635
[9/27][10/200], train_loss: 0.221340
[10/27][10/200], train_loss: 0.290794
[11/27][10/200], train_loss: 0.243840
[12/27][10/200], train_loss: 0.140499
[13/27][10/200], train_loss: 0.199515
[14/27][10/200], train_loss: 0.480558
[15/27][10/200], train_loss: 0.243909
[16/27][10/200], train_loss: 0.296702
[17/27][10/200], train_loss: 0.261014
[18/27][10/200], train_loss: 0.178755
[19/27][10/200], train_loss: 0.246583
[20/27][10/200], train_loss: 0.339034
[21/27][10/200], train_loss: 0.280472
[22/27][10/200], train_loss: 0.177472
[23/27][10/200], train_loss: 0.203408
[24/27][10/200], train_loss: 0.371961
[25/27][10/200], train_loss: 0.419245
[26/27][10/200], train_loss: 0.194985
[27/27][10/200], train_loss: 0.228908
ACC: 0.8966
SEN: 0.7615
SPE: 0.9570
AUC: 0.8593
F1_Score: 0.8199
confusionMatrix：
tensor([[556,  25],
        [ 62, 198]], device='cuda:0')
Epoch 10 average train loss: 0.278541
Current epoch: 10
ACC: 0.8905
SEN: 0.8462
SPE: 0.9103
AUC: 0.8782
F1_Score: 0.8271
confusionMatrix：
tensor([[132,  13],
        [ 10,  55]], device='cuda:0')
saved new best accuracy model
Current end epoch: 10 current accuracy: 0.890476 
Best accuracy: 0.890476 at epoch 10
Eopch:10 train acc:0.8965517282485962, test acc:0.8904761672019958
----------
epoch 11/200
[1/27][11/200], train_loss: 0.131014
[2/27][11/200], train_loss: 0.198466
[3/27][11/200], train_loss: 0.349266
[4/27][11/200], train_loss: 0.386836
[5/27][11/200], train_loss: 0.432702
[6/27][11/200], train_loss: 0.378782
[7/27][11/200], train_loss: 0.267884
[8/27][11/200], train_loss: 0.194183
[9/27][11/200], train_loss: 0.229785
[10/27][11/200], train_loss: 0.296219
[11/27][11/200], train_loss: 0.218767
[12/27][11/200], train_loss: 0.102138
[13/27][11/200], train_loss: 0.204149
[14/27][11/200], train_loss: 0.521962
[15/27][11/200], train_loss: 0.281316
[16/27][11/200], train_loss: 0.281213
[17/27][11/200], train_loss: 0.234828
[18/27][11/200], train_loss: 0.191676
[19/27][11/200], train_loss: 0.249325
[20/27][11/200], train_loss: 0.330823
[21/27][11/200], train_loss: 0.184753
[22/27][11/200], train_loss: 0.210651
[23/27][11/200], train_loss: 0.182183
[24/27][11/200], train_loss: 0.385875
[25/27][11/200], train_loss: 0.366643
[26/27][11/200], train_loss: 0.167142
[27/27][11/200], train_loss: 0.168659
ACC: 0.9013
SEN: 0.7769
SPE: 0.9570
AUC: 0.8669
F1_Score: 0.8296
confusionMatrix：
tensor([[556,  25],
        [ 58, 202]], device='cuda:0')
Epoch 11 average train loss: 0.264713
Current epoch: 11
ACC: 0.8667
SEN: 0.9077
SPE: 0.8483
AUC: 0.8780
F1_Score: 0.8082
confusionMatrix：
tensor([[123,  22],
        [  6,  59]], device='cuda:0')
Current end epoch: 11 current accuracy: 0.866667 
Best accuracy: 0.890476 at epoch 10
Eopch:11 train acc:0.9013079404830933, test acc:0.8666666746139526
----------
epoch 12/200
[1/27][12/200], train_loss: 0.136712
[2/27][12/200], train_loss: 0.251528
[3/27][12/200], train_loss: 0.287209
[4/27][12/200], train_loss: 0.300312
[5/27][12/200], train_loss: 0.403334
[6/27][12/200], train_loss: 0.396728
[7/27][12/200], train_loss: 0.255139
[8/27][12/200], train_loss: 0.150572
[9/27][12/200], train_loss: 0.185412
[10/27][12/200], train_loss: 0.266831
[11/27][12/200], train_loss: 0.223037
[12/27][12/200], train_loss: 0.114335
[13/27][12/200], train_loss: 0.152581
[14/27][12/200], train_loss: 0.410081
[15/27][12/200], train_loss: 0.246661
[16/27][12/200], train_loss: 0.278966
[17/27][12/200], train_loss: 0.226290
[18/27][12/200], train_loss: 0.135432
[19/27][12/200], train_loss: 0.191488
[20/27][12/200], train_loss: 0.320338
[21/27][12/200], train_loss: 0.278158
[22/27][12/200], train_loss: 0.159315
[23/27][12/200], train_loss: 0.169142
[24/27][12/200], train_loss: 0.322724
[25/27][12/200], train_loss: 0.399379
[26/27][12/200], train_loss: 0.179911
[27/27][12/200], train_loss: 0.240765
ACC: 0.9132
SEN: 0.8038
SPE: 0.9621
AUC: 0.8830
F1_Score: 0.8513
confusionMatrix：
tensor([[559,  22],
        [ 51, 209]], device='cuda:0')
Epoch 12 average train loss: 0.247496
Current epoch: 12
ACC: 0.8952
SEN: 0.8462
SPE: 0.9172
AUC: 0.8817
F1_Score: 0.8333
confusionMatrix：
tensor([[133,  12],
        [ 10,  55]], device='cuda:0')
saved new best accuracy model
Current end epoch: 12 current accuracy: 0.895238 
Best accuracy: 0.895238 at epoch 12
Eopch:12 train acc:0.9131985902786255, test acc:0.8952381014823914
----------
epoch 13/200
[1/27][13/200], train_loss: 0.101561
[2/27][13/200], train_loss: 0.178799
[3/27][13/200], train_loss: 0.274398
[4/27][13/200], train_loss: 0.322883
[5/27][13/200], train_loss: 0.335407
[6/27][13/200], train_loss: 0.314467
[7/27][13/200], train_loss: 0.254562
[8/27][13/200], train_loss: 0.153155
[9/27][13/200], train_loss: 0.156277
[10/27][13/200], train_loss: 0.211391
[11/27][13/200], train_loss: 0.176708
[12/27][13/200], train_loss: 0.119957
[13/27][13/200], train_loss: 0.155768
[14/27][13/200], train_loss: 0.326742
[15/27][13/200], train_loss: 0.184533
[16/27][13/200], train_loss: 0.211849
[17/27][13/200], train_loss: 0.207303
[18/27][13/200], train_loss: 0.111977
[19/27][13/200], train_loss: 0.136872
[20/27][13/200], train_loss: 0.281609
[21/27][13/200], train_loss: 0.230974
[22/27][13/200], train_loss: 0.123830
[23/27][13/200], train_loss: 0.164596
[24/27][13/200], train_loss: 0.278419
[25/27][13/200], train_loss: 0.360536
[26/27][13/200], train_loss: 0.147171
[27/27][13/200], train_loss: 0.172148
ACC: 0.9298
SEN: 0.8500
SPE: 0.9656
AUC: 0.9078
F1_Score: 0.8822
confusionMatrix：
tensor([[561,  20],
        [ 39, 221]], device='cuda:0')
Epoch 13 average train loss: 0.210885
Current epoch: 13
ACC: 0.8952
SEN: 0.8308
SPE: 0.9241
AUC: 0.8775
F1_Score: 0.8308
confusionMatrix：
tensor([[134,  11],
        [ 11,  54]], device='cuda:0')
Current end epoch: 13 current accuracy: 0.895238 
Best accuracy: 0.895238 at epoch 12
Eopch:13 train acc:0.92984539270401, test acc:0.8952381014823914
----------
epoch 14/200
[1/27][14/200], train_loss: 0.094669
[2/27][14/200], train_loss: 0.130682
[3/27][14/200], train_loss: 0.219406
[4/27][14/200], train_loss: 0.296851
[5/27][14/200], train_loss: 0.361187
[6/27][14/200], train_loss: 0.303531
[7/27][14/200], train_loss: 0.203854
[8/27][14/200], train_loss: 0.126529
[9/27][14/200], train_loss: 0.147516
[10/27][14/200], train_loss: 0.217511
[11/27][14/200], train_loss: 0.164196
[12/27][14/200], train_loss: 0.082091
[13/27][14/200], train_loss: 0.125069
[14/27][14/200], train_loss: 0.360116
[15/27][14/200], train_loss: 0.216719
[16/27][14/200], train_loss: 0.220511
[17/27][14/200], train_loss: 0.170004
[18/27][14/200], train_loss: 0.137837
[19/27][14/200], train_loss: 0.157454
[20/27][14/200], train_loss: 0.275901
[21/27][14/200], train_loss: 0.175790
[22/27][14/200], train_loss: 0.123384
[23/27][14/200], train_loss: 0.117983
[24/27][14/200], train_loss: 0.290562
[25/27][14/200], train_loss: 0.335859
[26/27][14/200], train_loss: 0.109093
[27/27][14/200], train_loss: 0.107827
ACC: 0.9310
SEN: 0.8423
SPE: 0.9707
AUC: 0.9065
F1_Score: 0.8831
confusionMatrix：
tensor([[564,  17],
        [ 41, 219]], device='cuda:0')
Epoch 14 average train loss: 0.195264
Current epoch: 14
ACC: 0.9048
SEN: 0.9077
SPE: 0.9034
AUC: 0.9056
F1_Score: 0.8551
confusionMatrix：
tensor([[131,  14],
        [  6,  59]], device='cuda:0')
saved new best accuracy model
Current end epoch: 14 current accuracy: 0.904762 
Best accuracy: 0.904762 at epoch 14
Eopch:14 train acc:0.931034505367279, test acc:0.9047619104385376
----------
epoch 15/200
[1/27][15/200], train_loss: 0.081561
[2/27][15/200], train_loss: 0.171521
[3/27][15/200], train_loss: 0.202380
[4/27][15/200], train_loss: 0.235493
[5/27][15/200], train_loss: 0.308551
[6/27][15/200], train_loss: 0.302841
[7/27][15/200], train_loss: 0.205697
[8/27][15/200], train_loss: 0.094877
[9/27][15/200], train_loss: 0.126347
[10/27][15/200], train_loss: 0.193050
[11/27][15/200], train_loss: 0.162817
[12/27][15/200], train_loss: 0.093977
[13/27][15/200], train_loss: 0.107619
[14/27][15/200], train_loss: 0.297889
[15/27][15/200], train_loss: 0.188698
[16/27][15/200], train_loss: 0.213284
[17/27][15/200], train_loss: 0.155685
[18/27][15/200], train_loss: 0.101670
[19/27][15/200], train_loss: 0.124295
[20/27][15/200], train_loss: 0.265540
[21/27][15/200], train_loss: 0.231734
[22/27][15/200], train_loss: 0.102911
[23/27][15/200], train_loss: 0.115326
[24/27][15/200], train_loss: 0.256159
[25/27][15/200], train_loss: 0.342494
[26/27][15/200], train_loss: 0.108596
[27/27][15/200], train_loss: 0.129225
ACC: 0.9358
SEN: 0.8500
SPE: 0.9742
AUC: 0.9121
F1_Score: 0.8911
confusionMatrix：
tensor([[566,  15],
        [ 39, 221]], device='cuda:0')
Epoch 15 average train loss: 0.182231
Current epoch: 15
ACC: 0.9048
SEN: 0.8615
SPE: 0.9241
AUC: 0.8928
F1_Score: 0.8485
confusionMatrix：
tensor([[134,  11],
        [  9,  56]], device='cuda:0')
Current end epoch: 15 current accuracy: 0.904762 
Best accuracy: 0.904762 at epoch 14
Eopch:15 train acc:0.9357907176017761, test acc:0.9047619104385376
----------
epoch 16/200
[1/27][16/200], train_loss: 0.072598
[2/27][16/200], train_loss: 0.115452
[3/27][16/200], train_loss: 0.168217
[4/27][16/200], train_loss: 0.226374
[5/27][16/200], train_loss: 0.273030
[6/27][16/200], train_loss: 0.238098
[7/27][16/200], train_loss: 0.192078
[8/27][16/200], train_loss: 0.093086
[9/27][16/200], train_loss: 0.120246
[10/27][16/200], train_loss: 0.163653
[11/27][16/200], train_loss: 0.134454
[12/27][16/200], train_loss: 0.094091
[13/27][16/200], train_loss: 0.111361
[14/27][16/200], train_loss: 0.228315
[15/27][16/200], train_loss: 0.143954
[16/27][16/200], train_loss: 0.173433
[17/27][16/200], train_loss: 0.142591
[18/27][16/200], train_loss: 0.089795
[19/27][16/200], train_loss: 0.093850
[20/27][16/200], train_loss: 0.228470
[21/27][16/200], train_loss: 0.216147
[22/27][16/200], train_loss: 0.090667
[23/27][16/200], train_loss: 0.122353
[24/27][16/200], train_loss: 0.220220
[25/27][16/200], train_loss: 0.295228
[26/27][16/200], train_loss: 0.089591
[27/27][16/200], train_loss: 0.115152
ACC: 0.9489
SEN: 0.8808
SPE: 0.9793
AUC: 0.9301
F1_Score: 0.9142
confusionMatrix：
tensor([[569,  12],
        [ 31, 229]], device='cuda:0')
Epoch 16 average train loss: 0.157500
Current epoch: 16
ACC: 0.9048
SEN: 0.8462
SPE: 0.9310
AUC: 0.8886
F1_Score: 0.8462
confusionMatrix：
tensor([[135,  10],
        [ 10,  55]], device='cuda:0')
Current end epoch: 16 current accuracy: 0.904762 
Best accuracy: 0.904762 at epoch 14
Eopch:16 train acc:0.9488704204559326, test acc:0.9047619104385376
----------
epoch 17/200
[1/27][17/200], train_loss: 0.071415
[2/27][17/200], train_loss: 0.083456
[3/27][17/200], train_loss: 0.133184
[4/27][17/200], train_loss: 0.183381
[5/27][17/200], train_loss: 0.265389
[6/27][17/200], train_loss: 0.199079
[7/27][17/200], train_loss: 0.170015
[8/27][17/200], train_loss: 0.076167
[9/27][17/200], train_loss: 0.113537
[10/27][17/200], train_loss: 0.153650
[11/27][17/200], train_loss: 0.129986
[12/27][17/200], train_loss: 0.086548
[13/27][17/200], train_loss: 0.095208
[14/27][17/200], train_loss: 0.213198
[15/27][17/200], train_loss: 0.136141
[16/27][17/200], train_loss: 0.161826
[17/27][17/200], train_loss: 0.112138
[18/27][17/200], train_loss: 0.076213
[19/27][17/200], train_loss: 0.078542
[20/27][17/200], train_loss: 0.213496
[21/27][17/200], train_loss: 0.176750
[22/27][17/200], train_loss: 0.071362
[23/27][17/200], train_loss: 0.087009
[24/27][17/200], train_loss: 0.212575
[25/27][17/200], train_loss: 0.277141
[26/27][17/200], train_loss: 0.062376
[27/27][17/200], train_loss: 0.068588
ACC: 0.9560
SEN: 0.9038
SPE: 0.9793
AUC: 0.9416
F1_Score: 0.9270
confusionMatrix：
tensor([[569,  12],
        [ 25, 235]], device='cuda:0')
Epoch 17 average train loss: 0.137347
Current epoch: 17
ACC: 0.9190
SEN: 0.8923
SPE: 0.9310
AUC: 0.9117
F1_Score: 0.8722
confusionMatrix：
tensor([[135,  10],
        [  7,  58]], device='cuda:0')
saved new best accuracy model
Current end epoch: 17 current accuracy: 0.919048 
Best accuracy: 0.919048 at epoch 17
Eopch:17 train acc:0.9560047388076782, test acc:0.9190475940704346
----------
epoch 18/200
[1/27][18/200], train_loss: 0.054892
[2/27][18/200], train_loss: 0.081052
[3/27][18/200], train_loss: 0.118603
[4/27][18/200], train_loss: 0.145756
[5/27][18/200], train_loss: 0.245966
[6/27][18/200], train_loss: 0.179741
[7/27][18/200], train_loss: 0.150349
[8/27][18/200], train_loss: 0.055639
[9/27][18/200], train_loss: 0.089917
[10/27][18/200], train_loss: 0.132223
[11/27][18/200], train_loss: 0.116984
[12/27][18/200], train_loss: 0.072174
[13/27][18/200], train_loss: 0.075308
[14/27][18/200], train_loss: 0.203566
[15/27][18/200], train_loss: 0.132783
[16/27][18/200], train_loss: 0.145512
[17/27][18/200], train_loss: 0.091027
[18/27][18/200], train_loss: 0.077774
[19/27][18/200], train_loss: 0.074019
[20/27][18/200], train_loss: 0.193224
[21/27][18/200], train_loss: 0.135810
[22/27][18/200], train_loss: 0.061666
[23/27][18/200], train_loss: 0.064558
[24/27][18/200], train_loss: 0.188279
[25/27][18/200], train_loss: 0.228802
[26/27][18/200], train_loss: 0.045351
[27/27][18/200], train_loss: 0.044622
ACC: 0.9608
SEN: 0.9115
SPE: 0.9828
AUC: 0.9472
F1_Score: 0.9349
confusionMatrix：
tensor([[571,  10],
        [ 23, 237]], device='cuda:0')
Epoch 18 average train loss: 0.118726
Current epoch: 18
ACC: 0.9143
SEN: 0.9077
SPE: 0.9172
AUC: 0.9125
F1_Score: 0.8676
confusionMatrix：
tensor([[133,  12],
        [  6,  59]], device='cuda:0')
Current end epoch: 18 current accuracy: 0.914286 
Best accuracy: 0.919048 at epoch 17
Eopch:18 train acc:0.9607610106468201, test acc:0.9142857193946838
----------
epoch 19/200
[1/27][19/200], train_loss: 0.042642
[2/27][19/200], train_loss: 0.085042
[3/27][19/200], train_loss: 0.103855
[4/27][19/200], train_loss: 0.114462
[5/27][19/200], train_loss: 0.220754
[6/27][19/200], train_loss: 0.165232
[7/27][19/200], train_loss: 0.137893
[8/27][19/200], train_loss: 0.040468
[9/27][19/200], train_loss: 0.075766
[10/27][19/200], train_loss: 0.115074
[11/27][19/200], train_loss: 0.091689
[12/27][19/200], train_loss: 0.052996
[13/27][19/200], train_loss: 0.057251
[14/27][19/200], train_loss: 0.194549
[15/27][19/200], train_loss: 0.113092
[16/27][19/200], train_loss: 0.124523
[17/27][19/200], train_loss: 0.077911
[18/27][19/200], train_loss: 0.073443
[19/27][19/200], train_loss: 0.068512
[20/27][19/200], train_loss: 0.166342
[21/27][19/200], train_loss: 0.125504
[22/27][19/200], train_loss: 0.050378
[23/27][19/200], train_loss: 0.058852
[24/27][19/200], train_loss: 0.171412
[25/27][19/200], train_loss: 0.197185
[26/27][19/200], train_loss: 0.036831
[27/27][19/200], train_loss: 0.035618
ACC: 0.9679
SEN: 0.9231
SPE: 0.9880
AUC: 0.9555
F1_Score: 0.9467
confusionMatrix：
tensor([[574,   7],
        [ 20, 240]], device='cuda:0')
Epoch 19 average train loss: 0.103603
Current epoch: 19
ACC: 0.9048
SEN: 0.9077
SPE: 0.9034
AUC: 0.9056
F1_Score: 0.8551
confusionMatrix：
tensor([[131,  14],
        [  6,  59]], device='cuda:0')
Current end epoch: 19 current accuracy: 0.904762 
Best accuracy: 0.919048 at epoch 17
Eopch:19 train acc:0.9678953886032104, test acc:0.9047619104385376
----------
epoch 20/200
[1/27][20/200], train_loss: 0.037259
[2/27][20/200], train_loss: 0.083344
[3/27][20/200], train_loss: 0.097334
[4/27][20/200], train_loss: 0.101955
[5/27][20/200], train_loss: 0.203183
[6/27][20/200], train_loss: 0.147024
[7/27][20/200], train_loss: 0.121597
[8/27][20/200], train_loss: 0.034538
[9/27][20/200], train_loss: 0.067963
[10/27][20/200], train_loss: 0.099281
[11/27][20/200], train_loss: 0.075507
[12/27][20/200], train_loss: 0.044569
[13/27][20/200], train_loss: 0.049067
[14/27][20/200], train_loss: 0.172029
[15/27][20/200], train_loss: 0.100671
[16/27][20/200], train_loss: 0.112413
[17/27][20/200], train_loss: 0.067158
[18/27][20/200], train_loss: 0.062541
[19/27][20/200], train_loss: 0.058390
[20/27][20/200], train_loss: 0.143596
[21/27][20/200], train_loss: 0.105444
[22/27][20/200], train_loss: 0.045068
[23/27][20/200], train_loss: 0.050439
[24/27][20/200], train_loss: 0.158563
[25/27][20/200], train_loss: 0.161109
[26/27][20/200], train_loss: 0.030052
[27/27][20/200], train_loss: 0.029545
ACC: 0.9738
SEN: 0.9346
SPE: 0.9914
AUC: 0.9630
F1_Score: 0.9567
confusionMatrix：
tensor([[576,   5],
        [ 17, 243]], device='cuda:0')
Epoch 20 average train loss: 0.091098
Current epoch: 20
ACC: 0.8905
SEN: 0.9077
SPE: 0.8828
AUC: 0.8952
F1_Score: 0.8369
confusionMatrix：
tensor([[128,  17],
        [  6,  59]], device='cuda:0')
Current end epoch: 20 current accuracy: 0.890476 
Best accuracy: 0.919048 at epoch 17
Eopch:20 train acc:0.9738406538963318, test acc:0.8904761672019958
----------
epoch 21/200
[1/27][21/200], train_loss: 0.036717
[2/27][21/200], train_loss: 0.084578
[3/27][21/200], train_loss: 0.078704
[4/27][21/200], train_loss: 0.082669
[5/27][21/200], train_loss: 0.170329
[6/27][21/200], train_loss: 0.130833
[7/27][21/200], train_loss: 0.107867
[8/27][21/200], train_loss: 0.031434
[9/27][21/200], train_loss: 0.065859
[10/27][21/200], train_loss: 0.097431
[11/27][21/200], train_loss: 0.066826
[12/27][21/200], train_loss: 0.033288
[13/27][21/200], train_loss: 0.042252
[14/27][21/200], train_loss: 0.162546
[15/27][21/200], train_loss: 0.084435
[16/27][21/200], train_loss: 0.099548
[17/27][21/200], train_loss: 0.057773
[18/27][21/200], train_loss: 0.056916
[19/27][21/200], train_loss: 0.054252
[20/27][21/200], train_loss: 0.126906
[21/27][21/200], train_loss: 0.088817
[22/27][21/200], train_loss: 0.039278
[23/27][21/200], train_loss: 0.051194
[24/27][21/200], train_loss: 0.142841
[25/27][21/200], train_loss: 0.136399
[26/27][21/200], train_loss: 0.025244
[27/27][21/200], train_loss: 0.025098
ACC: 0.9774
SEN: 0.9423
SPE: 0.9931
AUC: 0.9677
F1_Score: 0.9627
confusionMatrix：
tensor([[577,   4],
        [ 15, 245]], device='cuda:0')
Epoch 21 average train loss: 0.080742
Current epoch: 21
ACC: 0.8762
SEN: 0.9077
SPE: 0.8621
AUC: 0.8849
F1_Score: 0.8194
confusionMatrix：
tensor([[125,  20],
        [  6,  59]], device='cuda:0')
Current end epoch: 21 current accuracy: 0.876190 
Best accuracy: 0.919048 at epoch 17
Eopch:21 train acc:0.9774078726768494, test acc:0.8761904835700989
----------
epoch 22/200
[1/27][22/200], train_loss: 0.035638
[2/27][22/200], train_loss: 0.077938
[3/27][22/200], train_loss: 0.073080
[4/27][22/200], train_loss: 0.083760
[5/27][22/200], train_loss: 0.169147
[6/27][22/200], train_loss: 0.112311
[7/27][22/200], train_loss: 0.092461
[8/27][22/200], train_loss: 0.029730
[9/27][22/200], train_loss: 0.057561
[10/27][22/200], train_loss: 0.082054
[11/27][22/200], train_loss: 0.061859
[12/27][22/200], train_loss: 0.028601
[13/27][22/200], train_loss: 0.037140
[14/27][22/200], train_loss: 0.139211
[15/27][22/200], train_loss: 0.067610
[16/27][22/200], train_loss: 0.086751
[17/27][22/200], train_loss: 0.048951
[18/27][22/200], train_loss: 0.045960
[19/27][22/200], train_loss: 0.038127
[20/27][22/200], train_loss: 0.102574
[21/27][22/200], train_loss: 0.079246
[22/27][22/200], train_loss: 0.030292
[23/27][22/200], train_loss: 0.036126
[24/27][22/200], train_loss: 0.131556
[25/27][22/200], train_loss: 0.129548
[26/27][22/200], train_loss: 0.020130
[27/27][22/200], train_loss: 0.019492
ACC: 0.9798
SEN: 0.9500
SPE: 0.9931
AUC: 0.9716
F1_Score: 0.9667
confusionMatrix：
tensor([[577,   4],
        [ 13, 247]], device='cuda:0')
Epoch 22 average train loss: 0.070995
Current epoch: 22
ACC: 0.8810
SEN: 0.9231
SPE: 0.8621
AUC: 0.8926
F1_Score: 0.8276
confusionMatrix：
tensor([[125,  20],
        [  5,  60]], device='cuda:0')
Current end epoch: 22 current accuracy: 0.880952 
Best accuracy: 0.919048 at epoch 17
Eopch:22 train acc:0.9797859787940979, test acc:0.8809523582458496
----------
epoch 23/200
[1/27][23/200], train_loss: 0.031918
[2/27][23/200], train_loss: 0.071318
[3/27][23/200], train_loss: 0.056077
[4/27][23/200], train_loss: 0.070766
[5/27][23/200], train_loss: 0.149240
[6/27][23/200], train_loss: 0.097639
[7/27][23/200], train_loss: 0.083455
[8/27][23/200], train_loss: 0.031603
[9/27][23/200], train_loss: 0.059073
[10/27][23/200], train_loss: 0.091127
[11/27][23/200], train_loss: 0.058296
[12/27][23/200], train_loss: 0.016956
[13/27][23/200], train_loss: 0.039545
[14/27][23/200], train_loss: 0.165428
[15/27][23/200], train_loss: 0.048508
[16/27][23/200], train_loss: 0.068262
[17/27][23/200], train_loss: 0.052515
[18/27][23/200], train_loss: 0.051986
[19/27][23/200], train_loss: 0.034774
[20/27][23/200], train_loss: 0.093444
[21/27][23/200], train_loss: 0.067640
[22/27][23/200], train_loss: 0.030854
[23/27][23/200], train_loss: 0.040714
[24/27][23/200], train_loss: 0.152977
[25/27][23/200], train_loss: 0.105019
[26/27][23/200], train_loss: 0.020164
[27/27][23/200], train_loss: 0.019334
ACC: 0.9834
SEN: 0.9538
SPE: 0.9966
AUC: 0.9752
F1_Score: 0.9725
confusionMatrix：
tensor([[579,   2],
        [ 12, 248]], device='cuda:0')
Epoch 23 average train loss: 0.066986
Current epoch: 23
ACC: 0.8952
SEN: 0.9077
SPE: 0.8897
AUC: 0.8987
F1_Score: 0.8429
confusionMatrix：
tensor([[129,  16],
        [  6,  59]], device='cuda:0')
Current end epoch: 23 current accuracy: 0.895238 
Best accuracy: 0.919048 at epoch 17
Eopch:23 train acc:0.9833531379699707, test acc:0.8952381014823914
----------
epoch 24/200
[1/27][24/200], train_loss: 0.025936
[2/27][24/200], train_loss: 0.038598
[3/27][24/200], train_loss: 0.046140
[4/27][24/200], train_loss: 0.050736
[5/27][24/200], train_loss: 0.104480
[6/27][24/200], train_loss: 0.091901
[7/27][24/200], train_loss: 0.080932
[8/27][24/200], train_loss: 0.039751
[9/27][24/200], train_loss: 0.062270
[10/27][24/200], train_loss: 0.122653
[11/27][24/200], train_loss: 0.068820
[12/27][24/200], train_loss: 0.011810
[13/27][24/200], train_loss: 0.127296
[14/27][24/200], train_loss: 0.223892
[15/27][24/200], train_loss: 0.100786
[16/27][24/200], train_loss: 0.059026
[17/27][24/200], train_loss: 0.042380
[18/27][24/200], train_loss: 0.055739
[19/27][24/200], train_loss: 0.043952
[20/27][24/200], train_loss: 0.095667
[21/27][24/200], train_loss: 0.100715
[22/27][24/200], train_loss: 0.051885
[23/27][24/200], train_loss: 0.038342
[24/27][24/200], train_loss: 0.181059
[25/27][24/200], train_loss: 0.164899
[26/27][24/200], train_loss: 0.024565
[27/27][24/200], train_loss: 0.022377
ACC: 0.9738
SEN: 0.9423
SPE: 0.9880
AUC: 0.9651
F1_Score: 0.9570
confusionMatrix：
tensor([[574,   7],
        [ 15, 245]], device='cuda:0')
Epoch 24 average train loss: 0.076911
Current epoch: 24
ACC: 0.8524
SEN: 0.9385
SPE: 0.8138
AUC: 0.8761
F1_Score: 0.7974
confusionMatrix：
tensor([[118,  27],
        [  4,  61]], device='cuda:0')
Current end epoch: 24 current accuracy: 0.852381 
Best accuracy: 0.919048 at epoch 17
Eopch:24 train acc:0.9738406538963318, test acc:0.8523809313774109
----------
epoch 25/200
[1/27][25/200], train_loss: 0.061607
[2/27][25/200], train_loss: 0.072940
[3/27][25/200], train_loss: 0.042035
[4/27][25/200], train_loss: 0.058729
[5/27][25/200], train_loss: 0.116014
[6/27][25/200], train_loss: 0.065764
[7/27][25/200], train_loss: 0.060301
[8/27][25/200], train_loss: 0.036752
[9/27][25/200], train_loss: 0.063054
[10/27][25/200], train_loss: 0.095970
[11/27][25/200], train_loss: 0.042033
[12/27][25/200], train_loss: 0.012544
[13/27][25/200], train_loss: 0.092738
[14/27][25/200], train_loss: 0.289765
[15/27][25/200], train_loss: 0.039359
[16/27][25/200], train_loss: 0.048110
[17/27][25/200], train_loss: 0.126413
[18/27][25/200], train_loss: 0.051799
[19/27][25/200], train_loss: 0.027608
[20/27][25/200], train_loss: 0.079502
[21/27][25/200], train_loss: 0.021115
[22/27][25/200], train_loss: 0.022447
[23/27][25/200], train_loss: 0.028287
[24/27][25/200], train_loss: 0.080066
[25/27][25/200], train_loss: 0.081881
[26/27][25/200], train_loss: 0.025486
[27/27][25/200], train_loss: 0.042461
ACC: 0.9834
SEN: 0.9538
SPE: 0.9966
AUC: 0.9752
F1_Score: 0.9725
confusionMatrix：
tensor([[579,   2],
        [ 12, 248]], device='cuda:0')
Epoch 25 average train loss: 0.066103
Current epoch: 25
ACC: 0.8952
SEN: 0.8923
SPE: 0.8966
AUC: 0.8944
F1_Score: 0.8406
confusionMatrix：
tensor([[130,  15],
        [  7,  58]], device='cuda:0')
Current end epoch: 25 current accuracy: 0.895238 
Best accuracy: 0.919048 at epoch 17
Eopch:25 train acc:0.9833531379699707, test acc:0.8952381014823914
----------
epoch 26/200
[1/27][26/200], train_loss: 0.025836
[2/27][26/200], train_loss: 0.063015
[3/27][26/200], train_loss: 0.046580
[4/27][26/200], train_loss: 0.056152
[5/27][26/200], train_loss: 0.064763
[6/27][26/200], train_loss: 0.065821
[7/27][26/200], train_loss: 0.101549
[8/27][26/200], train_loss: 0.020611
[9/27][26/200], train_loss: 0.031398
[10/27][26/200], train_loss: 0.047646
[11/27][26/200], train_loss: 0.056309
[12/27][26/200], train_loss: 0.047673
[13/27][26/200], train_loss: 0.031771
[14/27][26/200], train_loss: 0.072767
[15/27][26/200], train_loss: 0.062450
[16/27][26/200], train_loss: 0.138536
[17/27][26/200], train_loss: 0.057239
[18/27][26/200], train_loss: 0.031649
[19/27][26/200], train_loss: 0.053390
[20/27][26/200], train_loss: 0.237222
[21/27][26/200], train_loss: 0.060481
[22/27][26/200], train_loss: 0.028131
[23/27][26/200], train_loss: 0.068049
[24/27][26/200], train_loss: 0.196457
[25/27][26/200], train_loss: 0.113986
[26/27][26/200], train_loss: 0.015662
[27/27][26/200], train_loss: 0.014052
ACC: 0.9786
SEN: 0.9500
SPE: 0.9914
AUC: 0.9707
F1_Score: 0.9648
confusionMatrix：
tensor([[576,   5],
        [ 13, 247]], device='cuda:0')
Epoch 26 average train loss: 0.067007
Current epoch: 26
ACC: 0.8429
SEN: 0.9385
SPE: 0.8000
AUC: 0.8692
F1_Score: 0.7871
confusionMatrix：
tensor([[116,  29],
        [  4,  61]], device='cuda:0')
Current end epoch: 26 current accuracy: 0.842857 
Best accuracy: 0.919048 at epoch 17
Eopch:26 train acc:0.9785969257354736, test acc:0.8428571224212646
----------
epoch 27/200
[1/27][27/200], train_loss: 0.052703
[2/27][27/200], train_loss: 0.142189
[3/27][27/200], train_loss: 0.062795
[4/27][27/200], train_loss: 0.046258
[5/27][27/200], train_loss: 0.062931
[6/27][27/200], train_loss: 0.114306
[7/27][27/200], train_loss: 0.111459
[8/27][27/200], train_loss: 0.030999
[9/27][27/200], train_loss: 0.028596
[10/27][27/200], train_loss: 0.055746
[11/27][27/200], train_loss: 0.086750
[12/27][27/200], train_loss: 0.070906
[13/27][27/200], train_loss: 0.051707
[14/27][27/200], train_loss: 0.069069
[15/27][27/200], train_loss: 0.037496
[16/27][27/200], train_loss: 0.102378
[17/27][27/200], train_loss: 0.108865
[18/27][27/200], train_loss: 0.073113
[19/27][27/200], train_loss: 0.026270
[20/27][27/200], train_loss: 0.043257
[21/27][27/200], train_loss: 0.124012
[22/27][27/200], train_loss: 0.074648
[23/27][27/200], train_loss: 0.070588
[24/27][27/200], train_loss: 0.040372
[25/27][27/200], train_loss: 0.062412
[26/27][27/200], train_loss: 0.091981
[27/27][27/200], train_loss: 0.247715
ACC: 0.9798
SEN: 0.9577
SPE: 0.9897
AUC: 0.9737
F1_Score: 0.9670
confusionMatrix：
tensor([[575,   6],
        [ 11, 249]], device='cuda:0')
Epoch 27 average train loss: 0.077390
Current epoch: 27
ACC: 0.9143
SEN: 0.8462
SPE: 0.9448
AUC: 0.8955
F1_Score: 0.8594
confusionMatrix：
tensor([[137,   8],
        [ 10,  55]], device='cuda:0')
Current end epoch: 27 current accuracy: 0.914286 
Best accuracy: 0.919048 at epoch 17
Eopch:27 train acc:0.9797859787940979, test acc:0.9142857193946838
----------
epoch 28/200
[1/27][28/200], train_loss: 0.030376
[2/27][28/200], train_loss: 0.029353
[3/27][28/200], train_loss: 0.132435
[4/27][28/200], train_loss: 0.189469
[5/27][28/200], train_loss: 0.178306
[6/27][28/200], train_loss: 0.053856
[7/27][28/200], train_loss: 0.239772
[8/27][28/200], train_loss: 0.216257
[9/27][28/200], train_loss: 0.119937
[10/27][28/200], train_loss: 0.088447
[11/27][28/200], train_loss: 0.057963
[12/27][28/200], train_loss: 0.125475
[13/27][28/200], train_loss: 0.178005
[14/27][28/200], train_loss: 0.113164
[15/27][28/200], train_loss: 0.050632
[16/27][28/200], train_loss: 0.065275
[17/27][28/200], train_loss: 0.114155
[18/27][28/200], train_loss: 0.158945
[19/27][28/200], train_loss: 0.110073
[20/27][28/200], train_loss: 0.114831
[21/27][28/200], train_loss: 0.052176
[22/27][28/200], train_loss: 0.096802
[23/27][28/200], train_loss: 0.283851
[24/27][28/200], train_loss: 0.153105
[25/27][28/200], train_loss: 0.038415
[26/27][28/200], train_loss: 0.035208
[27/27][28/200], train_loss: 0.150731
ACC: 0.9548
SEN: 0.9308
SPE: 0.9656
AUC: 0.9482
F1_Score: 0.9272
confusionMatrix：
tensor([[561,  20],
        [ 18, 242]], device='cuda:0')
Epoch 28 average train loss: 0.117667
Current epoch: 28
ACC: 0.8333
SEN: 0.5077
SPE: 0.9793
AUC: 0.7435
F1_Score: 0.6535
confusionMatrix：
tensor([[142,   3],
        [ 32,  33]], device='cuda:0')
Current end epoch: 28 current accuracy: 0.833333 
Best accuracy: 0.919048 at epoch 17
Eopch:28 train acc:0.954815685749054, test acc:0.8333333134651184
----------
epoch 29/200
[1/27][29/200], train_loss: 0.161619
[2/27][29/200], train_loss: 0.156401
[3/27][29/200], train_loss: 0.127542
[4/27][29/200], train_loss: 0.047436
[5/27][29/200], train_loss: 0.141694
[6/27][29/200], train_loss: 0.163010
[7/27][29/200], train_loss: 0.123586
[8/27][29/200], train_loss: 0.032796
[9/27][29/200], train_loss: 0.034320
[10/27][29/200], train_loss: 0.069573
[11/27][29/200], train_loss: 0.091752
[12/27][29/200], train_loss: 0.009911
[13/27][29/200], train_loss: 0.026831
[14/27][29/200], train_loss: 0.092265
[15/27][29/200], train_loss: 0.041703
[16/27][29/200], train_loss: 0.040533
[17/27][29/200], train_loss: 0.030759
[18/27][29/200], train_loss: 0.024229
[19/27][29/200], train_loss: 0.022023
[20/27][29/200], train_loss: 0.052789
[21/27][29/200], train_loss: 0.043076
[22/27][29/200], train_loss: 0.023604
[23/27][29/200], train_loss: 0.028753
[24/27][29/200], train_loss: 0.051500
[25/27][29/200], train_loss: 0.042679
[26/27][29/200], train_loss: 0.009862
[27/27][29/200], train_loss: 0.014352
ACC: 0.9750
SEN: 0.9538
SPE: 0.9845
AUC: 0.9692
F1_Score: 0.9594
confusionMatrix：
tensor([[572,   9],
        [ 12, 248]], device='cuda:0')
Epoch 29 average train loss: 0.063133
Current epoch: 29
ACC: 0.9048
SEN: 0.7846
SPE: 0.9586
AUC: 0.8716
F1_Score: 0.8361
confusionMatrix：
tensor([[139,   6],
        [ 14,  51]], device='cuda:0')
Current end epoch: 29 current accuracy: 0.904762 
Best accuracy: 0.919048 at epoch 17
Eopch:29 train acc:0.975029706954956, test acc:0.9047619104385376
----------
epoch 30/200
[1/27][30/200], train_loss: 0.047947
[2/27][30/200], train_loss: 0.026889
[3/27][30/200], train_loss: 0.061917
[4/27][30/200], train_loss: 0.047630
[5/27][30/200], train_loss: 0.040706
[6/27][30/200], train_loss: 0.044198
[7/27][30/200], train_loss: 0.049439
[8/27][30/200], train_loss: 0.020639
[9/27][30/200], train_loss: 0.033898
[10/27][30/200], train_loss: 0.036661
[11/27][30/200], train_loss: 0.021911
[12/27][30/200], train_loss: 0.009976
[13/27][30/200], train_loss: 0.014601
[14/27][30/200], train_loss: 0.062837
[15/27][30/200], train_loss: 0.023619
[16/27][30/200], train_loss: 0.041603
[17/27][30/200], train_loss: 0.026343
[18/27][30/200], train_loss: 0.026204
[19/27][30/200], train_loss: 0.015127
[20/27][30/200], train_loss: 0.045211
[21/27][30/200], train_loss: 0.024551
[22/27][30/200], train_loss: 0.022335
[23/27][30/200], train_loss: 0.051229
[24/27][30/200], train_loss: 0.094773
[25/27][30/200], train_loss: 0.033173
[26/27][30/200], train_loss: 0.005780
[27/27][30/200], train_loss: 0.013140
ACC: 0.9941
SEN: 0.9885
SPE: 0.9966
AUC: 0.9925
F1_Score: 0.9904
confusionMatrix：
tensor([[579,   2],
        [  3, 257]], device='cuda:0')
Epoch 30 average train loss: 0.034901
Current epoch: 30
ACC: 0.8571
SEN: 0.5846
SPE: 0.9793
AUC: 0.7820
F1_Score: 0.7170
confusionMatrix：
tensor([[142,   3],
        [ 27,  38]], device='cuda:0')
Current end epoch: 30 current accuracy: 0.857143 
Best accuracy: 0.919048 at epoch 17
Eopch:30 train acc:0.9940546751022339, test acc:0.8571428656578064
----------
epoch 31/200
[1/27][31/200], train_loss: 0.057827
[2/27][31/200], train_loss: 0.066786
[3/27][31/200], train_loss: 0.156544
[4/27][31/200], train_loss: 0.048409
[5/27][31/200], train_loss: 0.032217
[6/27][31/200], train_loss: 0.054574
[7/27][31/200], train_loss: 0.088642
[8/27][31/200], train_loss: 0.034743
[9/27][31/200], train_loss: 0.042378
[10/27][31/200], train_loss: 0.038972
[11/27][31/200], train_loss: 0.022534
[12/27][31/200], train_loss: 0.008412
[13/27][31/200], train_loss: 0.024749
[14/27][31/200], train_loss: 0.114879
[15/27][31/200], train_loss: 0.029430
[16/27][31/200], train_loss: 0.035472
[17/27][31/200], train_loss: 0.021886
[18/27][31/200], train_loss: 0.015850
[19/27][31/200], train_loss: 0.012884
[20/27][31/200], train_loss: 0.032679
[21/27][31/200], train_loss: 0.037891
[22/27][31/200], train_loss: 0.021767
[23/27][31/200], train_loss: 0.033401
[24/27][31/200], train_loss: 0.043411
[25/27][31/200], train_loss: 0.030333
[26/27][31/200], train_loss: 0.005933
[27/27][31/200], train_loss: 0.006774
ACC: 0.9893
SEN: 0.9731
SPE: 0.9966
AUC: 0.9848
F1_Score: 0.9825
confusionMatrix：
tensor([[579,   2],
        [  7, 253]], device='cuda:0')
Epoch 31 average train loss: 0.041458
Current epoch: 31
ACC: 0.9000
SEN: 0.7692
SPE: 0.9586
AUC: 0.8639
F1_Score: 0.8264
confusionMatrix：
tensor([[139,   6],
        [ 15,  50]], device='cuda:0')
Current end epoch: 31 current accuracy: 0.900000 
Best accuracy: 0.919048 at epoch 17
Eopch:31 train acc:0.9892984628677368, test acc:0.8999999761581421
----------
epoch 32/200
[1/27][32/200], train_loss: 0.013493
[2/27][32/200], train_loss: 0.017920
[3/27][32/200], train_loss: 0.067065
[4/27][32/200], train_loss: 0.078253
[5/27][32/200], train_loss: 0.077019
[6/27][32/200], train_loss: 0.015037
[7/27][32/200], train_loss: 0.038693
[8/27][32/200], train_loss: 0.023340
[9/27][32/200], train_loss: 0.109695
[10/27][32/200], train_loss: 0.091303
[11/27][32/200], train_loss: 0.020673
[12/27][32/200], train_loss: 0.006773
[13/27][32/200], train_loss: 0.012525
[14/27][32/200], train_loss: 0.079749
[15/27][32/200], train_loss: 0.036059
[16/27][32/200], train_loss: 0.067286
[17/27][32/200], train_loss: 0.040403
[18/27][32/200], train_loss: 0.022160
[19/27][32/200], train_loss: 0.016363
[20/27][32/200], train_loss: 0.051112
[21/27][32/200], train_loss: 0.086936
[22/27][32/200], train_loss: 0.037504
[23/27][32/200], train_loss: 0.029302
[24/27][32/200], train_loss: 0.030482
[25/27][32/200], train_loss: 0.021563
[26/27][32/200], train_loss: 0.004450
[27/27][32/200], train_loss: 0.006742
ACC: 0.9929
SEN: 0.9808
SPE: 0.9983
AUC: 0.9895
F1_Score: 0.9884
confusionMatrix：
tensor([[580,   1],
        [  5, 255]], device='cuda:0')
Epoch 32 average train loss: 0.040811
Current epoch: 32
ACC: 0.9000
SEN: 0.7846
SPE: 0.9517
AUC: 0.8682
F1_Score: 0.8293
confusionMatrix：
tensor([[138,   7],
        [ 14,  51]], device='cuda:0')
Current end epoch: 32 current accuracy: 0.900000 
Best accuracy: 0.919048 at epoch 17
Eopch:32 train acc:0.9928656220436096, test acc:0.8999999761581421
----------
epoch 33/200
[1/27][33/200], train_loss: 0.012610
[2/27][33/200], train_loss: 0.010881
[3/27][33/200], train_loss: 0.033671
[4/27][33/200], train_loss: 0.055807
[5/27][33/200], train_loss: 0.061669
[6/27][33/200], train_loss: 0.020263
[7/27][33/200], train_loss: 0.049013
[8/27][33/200], train_loss: 0.011947
[9/27][33/200], train_loss: 0.059575
[10/27][33/200], train_loss: 0.045241
[11/27][33/200], train_loss: 0.015964
[12/27][33/200], train_loss: 0.007127
[13/27][33/200], train_loss: 0.006865
[14/27][33/200], train_loss: 0.035174
[15/27][33/200], train_loss: 0.016008
[16/27][33/200], train_loss: 0.036164
[17/27][33/200], train_loss: 0.030686
[18/27][33/200], train_loss: 0.024115
[19/27][33/200], train_loss: 0.018932
[20/27][33/200], train_loss: 0.070371
[21/27][33/200], train_loss: 0.039073
[22/27][33/200], train_loss: 0.047883
[23/27][33/200], train_loss: 0.080733
[24/27][33/200], train_loss: 0.070238
[25/27][33/200], train_loss: 0.018708
[26/27][33/200], train_loss: 0.003782
[27/27][33/200], train_loss: 0.013003
ACC: 0.9964
SEN: 0.9923
SPE: 0.9983
AUC: 0.9953
F1_Score: 0.9942
confusionMatrix：
tensor([[580,   1],
        [  2, 258]], device='cuda:0')
Epoch 33 average train loss: 0.033167
Current epoch: 33
ACC: 0.8762
SEN: 0.6462
SPE: 0.9793
AUC: 0.8127
F1_Score: 0.7636
confusionMatrix：
tensor([[142,   3],
        [ 23,  42]], device='cuda:0')
Current end epoch: 33 current accuracy: 0.876190 
Best accuracy: 0.919048 at epoch 17
Eopch:33 train acc:0.9964328408241272, test acc:0.8761904835700989
----------
epoch 34/200
[1/27][34/200], train_loss: 0.041924
[2/27][34/200], train_loss: 0.038969
[3/27][34/200], train_loss: 0.053991
[4/27][34/200], train_loss: 0.029753
[5/27][34/200], train_loss: 0.026117
[6/27][34/200], train_loss: 0.020308
[7/27][34/200], train_loss: 0.044774
[8/27][34/200], train_loss: 0.016816
[9/27][34/200], train_loss: 0.048065
[10/27][34/200], train_loss: 0.029048
[11/27][34/200], train_loss: 0.014889
[12/27][34/200], train_loss: 0.007414
[13/27][34/200], train_loss: 0.007026
[14/27][34/200], train_loss: 0.035269
[15/27][34/200], train_loss: 0.029982
[16/27][34/200], train_loss: 0.030904
[17/27][34/200], train_loss: 0.019883
[18/27][34/200], train_loss: 0.019280
[19/27][34/200], train_loss: 0.012848
[20/27][34/200], train_loss: 0.025326
[21/27][34/200], train_loss: 0.009256
[22/27][34/200], train_loss: 0.011384
[23/27][34/200], train_loss: 0.030198
[24/27][34/200], train_loss: 0.070343
[25/27][34/200], train_loss: 0.051559
[26/27][34/200], train_loss: 0.007193
[27/27][34/200], train_loss: 0.003316
ACC: 0.9988
SEN: 0.9962
SPE: 1.0000
AUC: 0.9981
F1_Score: 0.9981
confusionMatrix：
tensor([[581,   0],
        [  1, 259]], device='cuda:0')
Epoch 34 average train loss: 0.027253
Current epoch: 34
ACC: 0.9000
SEN: 0.7692
SPE: 0.9586
AUC: 0.8639
F1_Score: 0.8264
confusionMatrix：
tensor([[139,   6],
        [ 15,  50]], device='cuda:0')
Current end epoch: 34 current accuracy: 0.900000 
Best accuracy: 0.919048 at epoch 17
Eopch:34 train acc:0.9988109469413757, test acc:0.8999999761581421
----------
epoch 35/200
[1/27][35/200], train_loss: 0.008327
[2/27][35/200], train_loss: 0.015379
[3/27][35/200], train_loss: 0.055676
[4/27][35/200], train_loss: 0.040903
[5/27][35/200], train_loss: 0.092014
[6/27][35/200], train_loss: 0.015920
[7/27][35/200], train_loss: 0.019562
[8/27][35/200], train_loss: 0.009322
[9/27][35/200], train_loss: 0.037748
[10/27][35/200], train_loss: 0.107551
[11/27][35/200], train_loss: 0.064671
[12/27][35/200], train_loss: 0.026467
[13/27][35/200], train_loss: 0.007877
[14/27][35/200], train_loss: 0.024255
[15/27][35/200], train_loss: 0.038231
[16/27][35/200], train_loss: 0.073426
[17/27][35/200], train_loss: 0.059803
[18/27][35/200], train_loss: 0.044453
[19/27][35/200], train_loss: 0.020366
[20/27][35/200], train_loss: 0.026155
[21/27][35/200], train_loss: 0.014529
[22/27][35/200], train_loss: 0.023905
[23/27][35/200], train_loss: 0.057046
[24/27][35/200], train_loss: 0.088684
[25/27][35/200], train_loss: 0.041047
[26/27][35/200], train_loss: 0.007143
[27/27][35/200], train_loss: 0.004521
ACC: 0.9929
SEN: 0.9885
SPE: 0.9948
AUC: 0.9916
F1_Score: 0.9885
confusionMatrix：
tensor([[578,   3],
        [  3, 257]], device='cuda:0')
Epoch 35 average train loss: 0.037962
Current epoch: 35
ACC: 0.8952
SEN: 0.7538
SPE: 0.9586
AUC: 0.8562
F1_Score: 0.8167
confusionMatrix：
tensor([[139,   6],
        [ 16,  49]], device='cuda:0')
Current end epoch: 35 current accuracy: 0.895238 
Best accuracy: 0.919048 at epoch 17
Eopch:35 train acc:0.9928656220436096, test acc:0.8952381014823914
----------
epoch 36/200
[1/27][36/200], train_loss: 0.011976
[2/27][36/200], train_loss: 0.015035
[3/27][36/200], train_loss: 0.069979
[4/27][36/200], train_loss: 0.044764
[5/27][36/200], train_loss: 0.053324
[6/27][36/200], train_loss: 0.020280
[7/27][36/200], train_loss: 0.029246
[8/27][36/200], train_loss: 0.005203
[9/27][36/200], train_loss: 0.015973
[10/27][36/200], train_loss: 0.035599
[11/27][36/200], train_loss: 0.069498
[12/27][36/200], train_loss: 0.080793
[13/27][36/200], train_loss: 0.024424
[14/27][36/200], train_loss: 0.029879
[15/27][36/200], train_loss: 0.020308
[16/27][36/200], train_loss: 0.054790
[17/27][36/200], train_loss: 0.074224
[18/27][36/200], train_loss: 0.064199
[19/27][36/200], train_loss: 0.029316
[20/27][36/200], train_loss: 0.035113
[21/27][36/200], train_loss: 0.014417
[22/27][36/200], train_loss: 0.024836
[23/27][36/200], train_loss: 0.054060
[24/27][36/200], train_loss: 0.076003
[25/27][36/200], train_loss: 0.046405
[26/27][36/200], train_loss: 0.009291
[27/27][36/200], train_loss: 0.003551
ACC: 0.9952
SEN: 0.9923
SPE: 0.9966
AUC: 0.9944
F1_Score: 0.9923
confusionMatrix：
tensor([[579,   2],
        [  2, 258]], device='cuda:0')
Epoch 36 average train loss: 0.037500
Current epoch: 36
ACC: 0.9048
SEN: 0.8000
SPE: 0.9517
AUC: 0.8759
F1_Score: 0.8387
confusionMatrix：
tensor([[138,   7],
        [ 13,  52]], device='cuda:0')
Current end epoch: 36 current accuracy: 0.904762 
Best accuracy: 0.919048 at epoch 17
Eopch:36 train acc:0.9952437281608582, test acc:0.9047619104385376
----------
epoch 37/200
[1/27][37/200], train_loss: 0.007709
[2/27][37/200], train_loss: 0.012063
[3/27][37/200], train_loss: 0.036592
[4/27][37/200], train_loss: 0.052170
[5/27][37/200], train_loss: 0.100299
[6/27][37/200], train_loss: 0.037733
[7/27][37/200], train_loss: 0.031139
[8/27][37/200], train_loss: 0.005106
[9/27][37/200], train_loss: 0.019221
[10/27][37/200], train_loss: 0.060068
[11/27][37/200], train_loss: 0.067717
[12/27][37/200], train_loss: 0.060066
[13/27][37/200], train_loss: 0.022919
[14/27][37/200], train_loss: 0.026748
[15/27][37/200], train_loss: 0.013491
[16/27][37/200], train_loss: 0.026242
[17/27][37/200], train_loss: 0.053104
[18/27][37/200], train_loss: 0.069855
[19/27][37/200], train_loss: 0.050683
[20/27][37/200], train_loss: 0.078854
[21/27][37/200], train_loss: 0.009974
[22/27][37/200], train_loss: 0.029176
[23/27][37/200], train_loss: 0.094257
[24/27][37/200], train_loss: 0.077857
[25/27][37/200], train_loss: 0.025444
[26/27][37/200], train_loss: 0.004479
[27/27][37/200], train_loss: 0.003301
ACC: 0.9929
SEN: 0.9769
SPE: 1.0000
AUC: 0.9885
F1_Score: 0.9883
confusionMatrix：
tensor([[581,   0],
        [  6, 254]], device='cuda:0')
Epoch 37 average train loss: 0.039862
Current epoch: 37
ACC: 0.9000
SEN: 0.7846
SPE: 0.9517
AUC: 0.8682
F1_Score: 0.8293
confusionMatrix：
tensor([[138,   7],
        [ 14,  51]], device='cuda:0')
Current end epoch: 37 current accuracy: 0.900000 
Best accuracy: 0.919048 at epoch 17
Eopch:37 train acc:0.9928656220436096, test acc:0.8999999761581421
----------
epoch 38/200
[1/27][38/200], train_loss: 0.007744
[2/27][38/200], train_loss: 0.008656
[3/27][38/200], train_loss: 0.025599
[4/27][38/200], train_loss: 0.035631
[5/27][38/200], train_loss: 0.069094
[6/27][38/200], train_loss: 0.043291
[7/27][38/200], train_loss: 0.040201
[8/27][38/200], train_loss: 0.005125
[9/27][38/200], train_loss: 0.017809
[10/27][38/200], train_loss: 0.049623
[11/27][38/200], train_loss: 0.063518
[12/27][38/200], train_loss: 0.055534
[13/27][38/200], train_loss: 0.023690
[14/27][38/200], train_loss: 0.025598
[15/27][38/200], train_loss: 0.015666
[16/27][38/200], train_loss: 0.033811
[17/27][38/200], train_loss: 0.041673
[18/27][38/200], train_loss: 0.035044
[19/27][38/200], train_loss: 0.025622
[20/27][38/200], train_loss: 0.042006
[21/27][38/200], train_loss: 0.006458
[22/27][38/200], train_loss: 0.008581
[23/27][38/200], train_loss: 0.014476
[24/27][38/200], train_loss: 0.038108
[25/27][38/200], train_loss: 0.075189
[26/27][38/200], train_loss: 0.022347
[27/27][38/200], train_loss: 0.003821
ACC: 0.9988
SEN: 0.9962
SPE: 1.0000
AUC: 0.9981
F1_Score: 0.9981
confusionMatrix：
tensor([[581,   0],
        [  1, 259]], device='cuda:0')
Epoch 38 average train loss: 0.030886
Current epoch: 38
ACC: 0.9190
SEN: 0.8615
SPE: 0.9448
AUC: 0.9032
F1_Score: 0.8682
confusionMatrix：
tensor([[137,   8],
        [  9,  56]], device='cuda:0')
Current end epoch: 38 current accuracy: 0.919048 
Best accuracy: 0.919048 at epoch 17
Eopch:38 train acc:0.9988109469413757, test acc:0.9190475940704346
----------
epoch 39/200
[1/27][39/200], train_loss: 0.004152
[2/27][39/200], train_loss: 0.005966
[3/27][39/200], train_loss: 0.028870
[4/27][39/200], train_loss: 0.036560
[5/27][39/200], train_loss: 0.057383
[6/27][39/200], train_loss: 0.019723
[7/27][39/200], train_loss: 0.018078
[8/27][39/200], train_loss: 0.003018
[9/27][39/200], train_loss: 0.007605
[10/27][39/200], train_loss: 0.008786
[11/27][39/200], train_loss: 0.012988
[12/27][39/200], train_loss: 0.043664
[13/27][39/200], train_loss: 0.062007
[14/27][39/200], train_loss: 0.066223
[15/27][39/200], train_loss: 0.021164
[16/27][39/200], train_loss: 0.013730
[17/27][39/200], train_loss: 0.039298
[18/27][39/200], train_loss: 0.097490
[19/27][39/200], train_loss: 0.058954
[20/27][39/200], train_loss: 0.032242
[21/27][39/200], train_loss: 0.004669
[22/27][39/200], train_loss: 0.013597
[23/27][39/200], train_loss: 0.024155
[24/27][39/200], train_loss: 0.058558
[25/27][39/200], train_loss: 0.043010
[26/27][39/200], train_loss: 0.017467
[27/27][39/200], train_loss: 0.002749
ACC: 0.9952
SEN: 0.9885
SPE: 0.9983
AUC: 0.9934
F1_Score: 0.9923
confusionMatrix：
tensor([[580,   1],
        [  3, 257]], device='cuda:0')
Epoch 39 average train loss: 0.029708
Current epoch: 39
ACC: 0.9190
SEN: 0.8923
SPE: 0.9310
AUC: 0.9117
F1_Score: 0.8722
confusionMatrix：
tensor([[135,  10],
        [  7,  58]], device='cuda:0')
Current end epoch: 39 current accuracy: 0.919048 
Best accuracy: 0.919048 at epoch 17
Eopch:39 train acc:0.9952437281608582, test acc:0.9190475940704346
----------
epoch 40/200
[1/27][40/200], train_loss: 0.003849
[2/27][40/200], train_loss: 0.002367
[3/27][40/200], train_loss: 0.006832
[4/27][40/200], train_loss: 0.011349
[5/27][40/200], train_loss: 0.046395
[6/27][40/200], train_loss: 0.042847
[7/27][40/200], train_loss: 0.041321
[8/27][40/200], train_loss: 0.006131
[9/27][40/200], train_loss: 0.007221
[10/27][40/200], train_loss: 0.015036
[11/27][40/200], train_loss: 0.042467
[12/27][40/200], train_loss: 0.061259
[13/27][40/200], train_loss: 0.030978
[14/27][40/200], train_loss: 0.033143
[15/27][40/200], train_loss: 0.010316
[16/27][40/200], train_loss: 0.006736
[17/27][40/200], train_loss: 0.006566
[18/27][40/200], train_loss: 0.019543
[19/27][40/200], train_loss: 0.065874
[20/27][40/200], train_loss: 0.200344
[21/27][40/200], train_loss: 0.006392
[22/27][40/200], train_loss: 0.011455
[23/27][40/200], train_loss: 0.059015
[24/27][40/200], train_loss: 0.196183
[25/27][40/200], train_loss: 0.079323
[26/27][40/200], train_loss: 0.009809
[27/27][40/200], train_loss: 0.002947
ACC: 0.9893
SEN: 0.9769
SPE: 0.9948
AUC: 0.9859
F1_Score: 0.9826
confusionMatrix：
tensor([[578,   3],
        [  6, 254]], device='cuda:0')
Epoch 40 average train loss: 0.037989
Current epoch: 40
ACC: 0.9048
SEN: 0.7846
SPE: 0.9586
AUC: 0.8716
F1_Score: 0.8361
confusionMatrix：
tensor([[139,   6],
        [ 14,  51]], device='cuda:0')
Current end epoch: 40 current accuracy: 0.904762 
Best accuracy: 0.919048 at epoch 17
Eopch:40 train acc:0.9892984628677368, test acc:0.9047619104385376
----------
epoch 41/200
[1/27][41/200], train_loss: 0.010424
[2/27][41/200], train_loss: 0.012727
[3/27][41/200], train_loss: 0.067077
[4/27][41/200], train_loss: 0.039128
[5/27][41/200], train_loss: 0.034090
[6/27][41/200], train_loss: 0.013069
[7/27][41/200], train_loss: 0.023752
[8/27][41/200], train_loss: 0.004015
[9/27][41/200], train_loss: 0.010888
[10/27][41/200], train_loss: 0.015804
[11/27][41/200], train_loss: 0.018773
[12/27][41/200], train_loss: 0.036579
[13/27][41/200], train_loss: 0.047191
[14/27][41/200], train_loss: 0.057138
[15/27][41/200], train_loss: 0.025232
[16/27][41/200], train_loss: 0.009159
[17/27][41/200], train_loss: 0.014217
[18/27][41/200], train_loss: 0.060401
[19/27][41/200], train_loss: 0.100780
[20/27][41/200], train_loss: 0.046743
[21/27][41/200], train_loss: 0.004522
[22/27][41/200], train_loss: 0.011489
[23/27][41/200], train_loss: 0.004198
[24/27][41/200], train_loss: 0.007090
[25/27][41/200], train_loss: 0.028185
[26/27][41/200], train_loss: 0.054191
[27/27][41/200], train_loss: 0.019364
ACC: 0.9929
SEN: 0.9846
SPE: 0.9966
AUC: 0.9906
F1_Score: 0.9884
confusionMatrix：
tensor([[579,   2],
        [  4, 256]], device='cuda:0')
Epoch 41 average train loss: 0.028749
Current epoch: 41
ACC: 0.8762
SEN: 0.9231
SPE: 0.8552
AUC: 0.8891
F1_Score: 0.8219
confusionMatrix：
tensor([[124,  21],
        [  5,  60]], device='cuda:0')
Current end epoch: 41 current accuracy: 0.876190 
Best accuracy: 0.919048 at epoch 17
Eopch:41 train acc:0.9928656220436096, test acc:0.8761904835700989
----------
epoch 42/200
[1/27][42/200], train_loss: 0.009226
[2/27][42/200], train_loss: 0.011783
[3/27][42/200], train_loss: 0.004569
[4/27][42/200], train_loss: 0.005653
[5/27][42/200], train_loss: 0.045439
[6/27][42/200], train_loss: 0.054647
[7/27][42/200], train_loss: 0.095865
[8/27][42/200], train_loss: 0.029654
[9/27][42/200], train_loss: 0.006171
[10/27][42/200], train_loss: 0.009203
[11/27][42/200], train_loss: 0.012839
[12/27][42/200], train_loss: 0.044849
[13/27][42/200], train_loss: 0.096788
[14/27][42/200], train_loss: 0.050070
[15/27][42/200], train_loss: 0.055041
[16/27][42/200], train_loss: 0.005003
[17/27][42/200], train_loss: 0.007351
[18/27][42/200], train_loss: 0.017513
[19/27][42/200], train_loss: 0.066897
[20/27][42/200], train_loss: 0.174564
[21/27][42/200], train_loss: 0.027517
[22/27][42/200], train_loss: 0.015177
[23/27][42/200], train_loss: 0.005247
[24/27][42/200], train_loss: 0.014763
[25/27][42/200], train_loss: 0.067320
[26/27][42/200], train_loss: 0.066599
[27/27][42/200], train_loss: 0.005114
ACC: 0.9941
SEN: 0.9846
SPE: 0.9983
AUC: 0.9914
F1_Score: 0.9903
confusionMatrix：
tensor([[580,   1],
        [  4, 256]], device='cuda:0')
Epoch 42 average train loss: 0.037217
Current epoch: 42
ACC: 0.8952
SEN: 0.9231
SPE: 0.8828
AUC: 0.9029
F1_Score: 0.8451
confusionMatrix：
tensor([[128,  17],
        [  5,  60]], device='cuda:0')
Current end epoch: 42 current accuracy: 0.895238 
Best accuracy: 0.919048 at epoch 17
Eopch:42 train acc:0.9940546751022339, test acc:0.8952381014823914
----------
epoch 43/200
[1/27][43/200], train_loss: 0.003668
[2/27][43/200], train_loss: 0.004674
[3/27][43/200], train_loss: 0.004314
[4/27][43/200], train_loss: 0.011017
[5/27][43/200], train_loss: 0.041574
[6/27][43/200], train_loss: 0.035213
[7/27][43/200], train_loss: 0.055239
[8/27][43/200], train_loss: 0.026472
[9/27][43/200], train_loss: 0.007010
[10/27][43/200], train_loss: 0.012503
[11/27][43/200], train_loss: 0.012076
[12/27][43/200], train_loss: 0.028175
[13/27][43/200], train_loss: 0.064816
[14/27][43/200], train_loss: 0.041993
[15/27][43/200], train_loss: 0.090080
[16/27][43/200], train_loss: 0.005315
[17/27][43/200], train_loss: 0.002461
[18/27][43/200], train_loss: 0.007797
[19/27][43/200], train_loss: 0.022087
[20/27][43/200], train_loss: 0.119045
[21/27][43/200], train_loss: 0.029011
[22/27][43/200], train_loss: 0.080842
[23/27][43/200], train_loss: 0.015190
[24/27][43/200], train_loss: 0.009402
[25/27][43/200], train_loss: 0.013285
[26/27][43/200], train_loss: 0.040002
[27/27][43/200], train_loss: 0.012440
ACC: 0.9952
SEN: 0.9923
SPE: 0.9966
AUC: 0.9944
F1_Score: 0.9923
confusionMatrix：
tensor([[579,   2],
        [  2, 258]], device='cuda:0')
Epoch 43 average train loss: 0.029470
Current epoch: 43
ACC: 0.7810
SEN: 0.9385
SPE: 0.7103
AUC: 0.8244
F1_Score: 0.7262
confusionMatrix：
tensor([[103,  42],
        [  4,  61]], device='cuda:0')
Current end epoch: 43 current accuracy: 0.780952 
Best accuracy: 0.919048 at epoch 17
Eopch:43 train acc:0.9952437281608582, test acc:0.7809523940086365
----------
epoch 44/200
[1/27][44/200], train_loss: 0.069964
[2/27][44/200], train_loss: 0.152450
[3/27][44/200], train_loss: 0.010081
[4/27][44/200], train_loss: 0.004443
[5/27][44/200], train_loss: 0.011117
[6/27][44/200], train_loss: 0.029423
[7/27][44/200], train_loss: 0.146521
[8/27][44/200], train_loss: 0.117586
[9/27][44/200], train_loss: 0.044478
[10/27][44/200], train_loss: 0.032638
[11/27][44/200], train_loss: 0.037407
[12/27][44/200], train_loss: 0.070683
[13/27][44/200], train_loss: 0.071116
[14/27][44/200], train_loss: 0.028613
[15/27][44/200], train_loss: 0.029454
[16/27][44/200], train_loss: 0.006559
[17/27][44/200], train_loss: 0.004652
[18/27][44/200], train_loss: 0.004061
[19/27][44/200], train_loss: 0.008242
[20/27][44/200], train_loss: 0.017805
[21/27][44/200], train_loss: 0.009183
[22/27][44/200], train_loss: 0.055633
[23/27][44/200], train_loss: 0.040004
[24/27][44/200], train_loss: 0.058868
[25/27][44/200], train_loss: 0.048306
[26/27][44/200], train_loss: 0.007947
[27/27][44/200], train_loss: 0.007823
ACC: 0.9869
SEN: 0.9692
SPE: 0.9948
AUC: 0.9820
F1_Score: 0.9786
confusionMatrix：
tensor([[578,   3],
        [  8, 252]], device='cuda:0')
Epoch 44 average train loss: 0.041669
Current epoch: 44
ACC: 0.7619
SEN: 0.9385
SPE: 0.6828
AUC: 0.8106
F1_Score: 0.7093
confusionMatrix：
tensor([[99, 46],
        [ 4, 61]], device='cuda:0')
Current end epoch: 44 current accuracy: 0.761905 
Best accuracy: 0.919048 at epoch 17
Eopch:44 train acc:0.9869203567504883, test acc:0.761904776096344
----------
epoch 45/200
[1/27][45/200], train_loss: 0.100968
[2/27][45/200], train_loss: 0.185848
[3/27][45/200], train_loss: 0.036962
[4/27][45/200], train_loss: 0.011257
[5/27][45/200], train_loss: 0.008048
[6/27][45/200], train_loss: 0.023592
[7/27][45/200], train_loss: 0.088055
[8/27][45/200], train_loss: 0.145491
[9/27][45/200], train_loss: 0.088291
[10/27][45/200], train_loss: 0.073538
[11/27][45/200], train_loss: 0.026715
[12/27][45/200], train_loss: 0.033302
[13/27][45/200], train_loss: 0.154992
[14/27][45/200], train_loss: 0.132037
[15/27][45/200], train_loss: 0.088368
[16/27][45/200], train_loss: 0.008384
[17/27][45/200], train_loss: 0.008987
[18/27][45/200], train_loss: 0.029927
[19/27][45/200], train_loss: 0.050052
[20/27][45/200], train_loss: 0.109377
[21/27][45/200], train_loss: 0.034695
[22/27][45/200], train_loss: 0.018048
[23/27][45/200], train_loss: 0.017322
[24/27][45/200], train_loss: 0.019612
[25/27][45/200], train_loss: 0.012137
[26/27][45/200], train_loss: 0.009993
[27/27][45/200], train_loss: 0.002883
ACC: 0.9822
SEN: 0.9731
SPE: 0.9862
AUC: 0.9797
F1_Score: 0.9712
confusionMatrix：
tensor([[573,   8],
        [  7, 253]], device='cuda:0')
Epoch 45 average train loss: 0.056255
Current epoch: 45
ACC: 0.8190
SEN: 0.9231
SPE: 0.7724
AUC: 0.8477
F1_Score: 0.7595
confusionMatrix：
tensor([[112,  33],
        [  5,  60]], device='cuda:0')
Current end epoch: 45 current accuracy: 0.819048 
Best accuracy: 0.919048 at epoch 17
Eopch:45 train acc:0.9821640849113464, test acc:0.8190476298332214
----------
epoch 46/200
[1/27][46/200], train_loss: 0.008606
[2/27][46/200], train_loss: 0.061450
[3/27][46/200], train_loss: 0.085374
[4/27][46/200], train_loss: 0.065245
[5/27][46/200], train_loss: 0.017399
[6/27][46/200], train_loss: 0.005688
[7/27][46/200], train_loss: 0.034276
[8/27][46/200], train_loss: 0.063489
[9/27][46/200], train_loss: 0.121617
[10/27][46/200], train_loss: 0.127004
[11/27][46/200], train_loss: 0.055021
[12/27][46/200], train_loss: 0.001499
[13/27][46/200], train_loss: 0.009155
[14/27][46/200], train_loss: 0.028361
[15/27][46/200], train_loss: 0.248198
[16/27][46/200], train_loss: 0.093144
[17/27][46/200], train_loss: 0.028452
[18/27][46/200], train_loss: 0.003004
[19/27][46/200], train_loss: 0.005831
[20/27][46/200], train_loss: 0.031941
[21/27][46/200], train_loss: 0.018137
[22/27][46/200], train_loss: 0.139297
[23/27][46/200], train_loss: 0.067248
[24/27][46/200], train_loss: 0.104294
[25/27][46/200], train_loss: 0.028449
[26/27][46/200], train_loss: 0.003922
[27/27][46/200], train_loss: 0.002868
ACC: 0.9715
SEN: 0.9577
SPE: 0.9776
AUC: 0.9677
F1_Score: 0.9540
confusionMatrix：
tensor([[568,  13],
        [ 11, 249]], device='cuda:0')
Epoch 46 average train loss: 0.054036
Current epoch: 46
ACC: 0.8381
SEN: 0.9385
SPE: 0.7931
AUC: 0.8658
F1_Score: 0.7821
confusionMatrix：
tensor([[115,  30],
        [  4,  61]], device='cuda:0')
Current end epoch: 46 current accuracy: 0.838095 
Best accuracy: 0.919048 at epoch 17
Eopch:46 train acc:0.9714625477790833, test acc:0.8380952477455139
----------
epoch 47/200
[1/27][47/200], train_loss: 0.014157
[2/27][47/200], train_loss: 0.064763
[3/27][47/200], train_loss: 0.125598
[4/27][47/200], train_loss: 0.057265
[5/27][47/200], train_loss: 0.054545
[6/27][47/200], train_loss: 0.007973
[7/27][47/200], train_loss: 0.016629
[8/27][47/200], train_loss: 0.028607
[9/27][47/200], train_loss: 0.098381
[10/27][47/200], train_loss: 0.120309
[11/27][47/200], train_loss: 0.130463
[12/27][47/200], train_loss: 0.001303
[13/27][47/200], train_loss: 0.003073
[14/27][47/200], train_loss: 0.015392
[15/27][47/200], train_loss: 0.015884
[16/27][47/200], train_loss: 0.053319
[17/27][47/200], train_loss: 0.144026
[18/27][47/200], train_loss: 0.036716
[19/27][47/200], train_loss: 0.024466
[20/27][47/200], train_loss: 0.023887
[21/27][47/200], train_loss: 0.002057
[22/27][47/200], train_loss: 0.007456
[23/27][47/200], train_loss: 0.010515
[24/27][47/200], train_loss: 0.183217
[25/27][47/200], train_loss: 0.144972
[26/27][47/200], train_loss: 0.005210
[27/27][47/200], train_loss: 0.005733
ACC: 0.9798
SEN: 0.9500
SPE: 0.9931
AUC: 0.9716
F1_Score: 0.9667
confusionMatrix：
tensor([[577,   4],
        [ 13, 247]], device='cuda:0')
Epoch 47 average train loss: 0.051701
Current epoch: 47
ACC: 0.9095
SEN: 0.9077
SPE: 0.9103
AUC: 0.9090
F1_Score: 0.8613
confusionMatrix：
tensor([[132,  13],
        [  6,  59]], device='cuda:0')
Current end epoch: 47 current accuracy: 0.909524 
Best accuracy: 0.919048 at epoch 17
Eopch:47 train acc:0.9797859787940979, test acc:0.9095237851142883
----------
epoch 48/200
[1/27][48/200], train_loss: 0.001564
[2/27][48/200], train_loss: 0.002364
[3/27][48/200], train_loss: 0.007811
[4/27][48/200], train_loss: 0.021180
[5/27][48/200], train_loss: 0.134845
[6/27][48/200], train_loss: 0.057657
[7/27][48/200], train_loss: 0.013896
[8/27][48/200], train_loss: 0.002133
[9/27][48/200], train_loss: 0.001747
[10/27][48/200], train_loss: 0.004971
[11/27][48/200], train_loss: 0.037898
[12/27][48/200], train_loss: 0.005033
[13/27][48/200], train_loss: 0.027175
[14/27][48/200], train_loss: 0.179417
[15/27][48/200], train_loss: 0.028882
[16/27][48/200], train_loss: 0.008237
[17/27][48/200], train_loss: 0.002716
[18/27][48/200], train_loss: 0.002615
[19/27][48/200], train_loss: 0.010661
[20/27][48/200], train_loss: 0.042134
[21/27][48/200], train_loss: 0.034193
[22/27][48/200], train_loss: 0.012968
[23/27][48/200], train_loss: 0.020794
[24/27][48/200], train_loss: 0.005169
[25/27][48/200], train_loss: 0.003360
[26/27][48/200], train_loss: 0.002455
[27/27][48/200], train_loss: 0.003277
ACC: 0.9952
SEN: 0.9885
SPE: 0.9983
AUC: 0.9934
F1_Score: 0.9923
confusionMatrix：
tensor([[580,   1],
        [  3, 257]], device='cuda:0')
Epoch 48 average train loss: 0.025006
Current epoch: 48
ACC: 0.9143
SEN: 0.8769
SPE: 0.9310
AUC: 0.9040
F1_Score: 0.8636
confusionMatrix：
tensor([[135,  10],
        [  8,  57]], device='cuda:0')
Current end epoch: 48 current accuracy: 0.914286 
Best accuracy: 0.919048 at epoch 17
Eopch:48 train acc:0.9952437281608582, test acc:0.9142857193946838
----------
epoch 49/200
[1/27][49/200], train_loss: 0.001831
[2/27][49/200], train_loss: 0.001611
[3/27][49/200], train_loss: 0.002087
[4/27][49/200], train_loss: 0.004280
[5/27][49/200], train_loss: 0.004976
[6/27][49/200], train_loss: 0.004746
[7/27][49/200], train_loss: 0.004829
[8/27][49/200], train_loss: 0.002563
[9/27][49/200], train_loss: 0.002751
[10/27][49/200], train_loss: 0.005639
[11/27][49/200], train_loss: 0.005412
[12/27][49/200], train_loss: 0.001267
[13/27][49/200], train_loss: 0.001332
[14/27][49/200], train_loss: 0.004887
[15/27][49/200], train_loss: 0.004543
[16/27][49/200], train_loss: 0.003325
[17/27][49/200], train_loss: 0.001847
[18/27][49/200], train_loss: 0.001209
[19/27][49/200], train_loss: 0.001982
[20/27][49/200], train_loss: 0.002469
[21/27][49/200], train_loss: 0.001420
[22/27][49/200], train_loss: 0.001080
[23/27][49/200], train_loss: 0.002488
[24/27][49/200], train_loss: 0.002601
[25/27][49/200], train_loss: 0.001385
[26/27][49/200], train_loss: 0.000957
[27/27][49/200], train_loss: 0.001451
ACC: 1.0000
SEN: 1.0000
SPE: 1.0000
AUC: 1.0000
F1_Score: 1.0000
confusionMatrix：
tensor([[581,   0],
        [  0, 260]], device='cuda:0')
Epoch 49 average train loss: 0.002777
Current epoch: 49
ACC: 0.9143
SEN: 0.8923
SPE: 0.9241
AUC: 0.9082
F1_Score: 0.8657
confusionMatrix：
tensor([[134,  11],
        [  7,  58]], device='cuda:0')
Current end epoch: 49 current accuracy: 0.914286 
Best accuracy: 0.919048 at epoch 17
Eopch:49 train acc:1.0, test acc:0.9142857193946838
----------
epoch 50/200
[1/27][50/200], train_loss: 0.001103
[2/27][50/200], train_loss: 0.000911
[3/27][50/200], train_loss: 0.001138
[4/27][50/200], train_loss: 0.001818
[5/27][50/200], train_loss: 0.003233
[6/27][50/200], train_loss: 0.002741
[7/27][50/200], train_loss: 0.002135
[8/27][50/200], train_loss: 0.001051
[9/27][50/200], train_loss: 0.000625
[10/27][50/200], train_loss: 0.001210
[11/27][50/200], train_loss: 0.000904
[12/27][50/200], train_loss: 0.000509
[13/27][50/200], train_loss: 0.000681
[14/27][50/200], train_loss: 0.002310
[15/27][50/200], train_loss: 0.001475
[16/27][50/200], train_loss: 0.001687
[17/27][50/200], train_loss: 0.001154
[18/27][50/200], train_loss: 0.000657
[19/27][50/200], train_loss: 0.001412
[20/27][50/200], train_loss: 0.001634
[21/27][50/200], train_loss: 0.000774
[22/27][50/200], train_loss: 0.000650
[23/27][50/200], train_loss: 0.001582
[24/27][50/200], train_loss: 0.002320
[25/27][50/200], train_loss: 0.001100
[26/27][50/200], train_loss: 0.000559
[27/27][50/200], train_loss: 0.001104
ACC: 1.0000
SEN: 1.0000
SPE: 1.0000
AUC: 1.0000
F1_Score: 1.0000
confusionMatrix：
tensor([[581,   0],
        [  0, 260]], device='cuda:0')
Epoch 50 average train loss: 0.001351
Current epoch: 50
ACC: 0.9143
SEN: 0.8769
SPE: 0.9310
AUC: 0.9040
F1_Score: 0.8636
confusionMatrix：
tensor([[135,  10],
        [  8,  57]], device='cuda:0')
Current end epoch: 50 current accuracy: 0.914286 
Best accuracy: 0.919048 at epoch 17
Eopch:50 train acc:1.0, test acc:0.9142857193946838
----------
epoch 51/200
[1/27][51/200], train_loss: 0.000730
[2/27][51/200], train_loss: 0.000464
[3/27][51/200], train_loss: 0.000614
[4/27][51/200], train_loss: 0.001156
[5/27][51/200], train_loss: 0.001912
[6/27][51/200], train_loss: 0.001740
[7/27][51/200], train_loss: 0.001289
[8/27][51/200], train_loss: 0.000761
[9/27][51/200], train_loss: 0.000433
[10/27][51/200], train_loss: 0.000917
[11/27][51/200], train_loss: 0.000668
[12/27][51/200], train_loss: 0.000361
[13/27][51/200], train_loss: 0.000515
[14/27][51/200], train_loss: 0.001796
[15/27][51/200], train_loss: 0.001054
[16/27][51/200], train_loss: 0.001283
[17/27][51/200], train_loss: 0.000875
[18/27][51/200], train_loss: 0.000492
[19/27][51/200], train_loss: 0.001203
[20/27][51/200], train_loss: 0.001358
[21/27][51/200], train_loss: 0.000639
[22/27][51/200], train_loss: 0.000541
[23/27][51/200], train_loss: 0.001364
[24/27][51/200], train_loss: 0.001713
[25/27][51/200], train_loss: 0.000864
[26/27][51/200], train_loss: 0.000418
[27/27][51/200], train_loss: 0.000782
ACC: 1.0000
SEN: 1.0000
SPE: 1.0000
AUC: 1.0000
F1_Score: 1.0000
confusionMatrix：
tensor([[581,   0],
        [  0, 260]], device='cuda:0')
Epoch 51 average train loss: 0.000961
Current epoch: 51
ACC: 0.9143
SEN: 0.8769
SPE: 0.9310
AUC: 0.9040
F1_Score: 0.8636
confusionMatrix：
tensor([[135,  10],
        [  8,  57]], device='cuda:0')
Current end epoch: 51 current accuracy: 0.914286 
Best accuracy: 0.919048 at epoch 17
Eopch:51 train acc:1.0, test acc:0.9142857193946838
----------
epoch 52/200
[1/27][52/200], train_loss: 0.000575
[2/27][52/200], train_loss: 0.000363
[3/27][52/200], train_loss: 0.000469
[4/27][52/200], train_loss: 0.000938
[5/27][52/200], train_loss: 0.001571
[6/27][52/200], train_loss: 0.001456
[7/27][52/200], train_loss: 0.001035
[8/27][52/200], train_loss: 0.000638
[9/27][52/200], train_loss: 0.000352
[10/27][52/200], train_loss: 0.000788
[11/27][52/200], train_loss: 0.000578
[12/27][52/200], train_loss: 0.000290
[13/27][52/200], train_loss: 0.000423
[14/27][52/200], train_loss: 0.001623
[15/27][52/200], train_loss: 0.000924
[16/27][52/200], train_loss: 0.001128
[17/27][52/200], train_loss: 0.000736
[18/27][52/200], train_loss: 0.000411
[19/27][52/200], train_loss: 0.001008
[20/27][52/200], train_loss: 0.001155
[21/27][52/200], train_loss: 0.000516
[22/27][52/200], train_loss: 0.000450
[23/27][52/200], train_loss: 0.001148
[24/27][52/200], train_loss: 0.001504
[25/27][52/200], train_loss: 0.000764
[26/27][52/200], train_loss: 0.000342
[27/27][52/200], train_loss: 0.000644
ACC: 1.0000
SEN: 1.0000
SPE: 1.0000
AUC: 1.0000
F1_Score: 1.0000
confusionMatrix：
tensor([[581,   0],
        [  0, 260]], device='cuda:0')
Epoch 52 average train loss: 0.000809
Current epoch: 52
ACC: 0.9190
SEN: 0.8769
SPE: 0.9379
AUC: 0.9074
F1_Score: 0.8702
confusionMatrix：
tensor([[136,   9],
        [  8,  57]], device='cuda:0')
Current end epoch: 52 current accuracy: 0.919048 
Best accuracy: 0.919048 at epoch 17
Eopch:52 train acc:1.0, test acc:0.9190475940704346
----------
epoch 53/200
[1/27][53/200], train_loss: 0.000486
[2/27][53/200], train_loss: 0.000303
[3/27][53/200], train_loss: 0.000386
[4/27][53/200], train_loss: 0.000808
[5/27][53/200], train_loss: 0.001366
[6/27][53/200], train_loss: 0.001285
[7/27][53/200], train_loss: 0.000896
[8/27][53/200], train_loss: 0.000560
[9/27][53/200], train_loss: 0.000302
[10/27][53/200], train_loss: 0.000690
[11/27][53/200], train_loss: 0.000504
[12/27][53/200], train_loss: 0.000245
[13/27][53/200], train_loss: 0.000366
[14/27][53/200], train_loss: 0.001427
[15/27][53/200], train_loss: 0.000805
[16/27][53/200], train_loss: 0.000992
[17/27][53/200], train_loss: 0.000640
[18/27][53/200], train_loss: 0.000358
[19/27][53/200], train_loss: 0.000901
[20/27][53/200], train_loss: 0.001026
[21/27][53/200], train_loss: 0.000452
[22/27][53/200], train_loss: 0.000395
[23/27][53/200], train_loss: 0.001019
[24/27][53/200], train_loss: 0.001317
[25/27][53/200], train_loss: 0.000678
[26/27][53/200], train_loss: 0.000291
[27/27][53/200], train_loss: 0.000545
ACC: 1.0000
SEN: 1.0000
SPE: 1.0000
AUC: 1.0000
F1_Score: 1.0000
confusionMatrix：
tensor([[581,   0],
        [  0, 260]], device='cuda:0')
Epoch 53 average train loss: 0.000705
Current epoch: 53
ACC: 0.9190
SEN: 0.8769
SPE: 0.9379
AUC: 0.9074
F1_Score: 0.8702
confusionMatrix：
tensor([[136,   9],
        [  8,  57]], device='cuda:0')
Current end epoch: 53 current accuracy: 0.919048 
Best accuracy: 0.919048 at epoch 17
Eopch:53 train acc:1.0, test acc:0.9190475940704346
Cross-testation fiveFold_2 end:
Training completed, recorder.best_accuracy: 0.919048 at epoch: 17
######################################################################################

