数据集：pureSMRI_1431_threeStage
模型名称：PktNet
使用优化器：Adam
初始学习率：1e-05
train_batch_size：32
test_batch_size：8
train_num_workers：8
test_num_workers:4
fiveFold_3 start:
----------
epoch 1/200
[1/27][1/200], train_loss: 0.704912
[2/27][1/200], train_loss: 0.703424
[3/27][1/200], train_loss: 0.755381
[4/27][1/200], train_loss: 0.815461
[5/27][1/200], train_loss: 0.610789
[6/27][1/200], train_loss: 0.716953
[7/27][1/200], train_loss: 0.585512
[8/27][1/200], train_loss: 0.845541
[9/27][1/200], train_loss: 0.647549
[10/27][1/200], train_loss: 0.717899
[11/27][1/200], train_loss: 0.633500
[12/27][1/200], train_loss: 0.741839
[13/27][1/200], train_loss: 0.600849
[14/27][1/200], train_loss: 0.645880
[15/27][1/200], train_loss: 0.623794
[16/27][1/200], train_loss: 0.483437
[17/27][1/200], train_loss: 0.855420
[18/27][1/200], train_loss: 0.664636
[19/27][1/200], train_loss: 0.595346
[20/27][1/200], train_loss: 0.600089
[21/27][1/200], train_loss: 0.594437
[22/27][1/200], train_loss: 0.562420
[23/27][1/200], train_loss: 0.532603
[24/27][1/200], train_loss: 0.612347
[25/27][1/200], train_loss: 0.586788
[26/27][1/200], train_loss: 0.580518
[27/27][1/200], train_loss: 0.723418
ACC: 0.6683
SEN: 0.0500
SPE: 0.9449
AUC: 0.4975
F1_Score: 0.0852
confusionMatrix：
tensor([[549,  32],
        [247,  13]], device='cuda:0')
Epoch 1 average train loss: 0.657065
Current epoch: 1
ACC: 0.5619
SEN: 0.6308
SPE: 0.5310
AUC: 0.5809
F1_Score: 0.4713
confusionMatrix：
tensor([[77, 68],
        [24, 41]], device='cuda:0')
saved new best accuracy model
Current end epoch: 1 current accuracy: 0.561905 
Best accuracy: 0.561905 at epoch 1
Eopch:1 train acc:0.6682521104812622, test acc:0.561904788017273
----------
epoch 2/200
[1/27][2/200], train_loss: 0.639307
[2/27][2/200], train_loss: 0.602326
[3/27][2/200], train_loss: 0.554152
[4/27][2/200], train_loss: 0.682191
[5/27][2/200], train_loss: 0.546073
[6/27][2/200], train_loss: 0.570531
[7/27][2/200], train_loss: 0.466766
[8/27][2/200], train_loss: 0.619897
[9/27][2/200], train_loss: 0.631376
[10/27][2/200], train_loss: 0.604367
[11/27][2/200], train_loss: 0.479861
[12/27][2/200], train_loss: 0.652443
[13/27][2/200], train_loss: 0.572105
[14/27][2/200], train_loss: 0.455605
[15/27][2/200], train_loss: 0.484936
[16/27][2/200], train_loss: 0.402494
[17/27][2/200], train_loss: 0.661486
[18/27][2/200], train_loss: 0.520471
[19/27][2/200], train_loss: 0.530861
[20/27][2/200], train_loss: 0.455748
[21/27][2/200], train_loss: 0.554312
[22/27][2/200], train_loss: 0.511725
[23/27][2/200], train_loss: 0.369763
[24/27][2/200], train_loss: 0.551405
[25/27][2/200], train_loss: 0.377078
[26/27][2/200], train_loss: 0.445023
[27/27][2/200], train_loss: 0.696528
ACC: 0.7313
SEN: 0.2923
SPE: 0.9277
AUC: 0.6100
F1_Score: 0.4021
confusionMatrix：
tensor([[539,  42],
        [184,  76]], device='cuda:0')
Epoch 2 average train loss: 0.542179
Current epoch: 2
ACC: 0.8190
SEN: 0.7231
SPE: 0.8621
AUC: 0.7926
F1_Score: 0.7121
confusionMatrix：
tensor([[125,  20],
        [ 18,  47]], device='cuda:0')
saved new best accuracy model
Current end epoch: 2 current accuracy: 0.819048 
Best accuracy: 0.819048 at epoch 2
Eopch:2 train acc:0.731272280216217, test acc:0.8190476298332214
----------
epoch 3/200
[1/27][3/200], train_loss: 0.501848
[2/27][3/200], train_loss: 0.452936
[3/27][3/200], train_loss: 0.378802
[4/27][3/200], train_loss: 0.562819
[5/27][3/200], train_loss: 0.450777
[6/27][3/200], train_loss: 0.518979
[7/27][3/200], train_loss: 0.394554
[8/27][3/200], train_loss: 0.733077
[9/27][3/200], train_loss: 0.449611
[10/27][3/200], train_loss: 0.433099
[11/27][3/200], train_loss: 0.398699
[12/27][3/200], train_loss: 0.436550
[13/27][3/200], train_loss: 0.602202
[14/27][3/200], train_loss: 0.375946
[15/27][3/200], train_loss: 0.489861
[16/27][3/200], train_loss: 0.240680
[17/27][3/200], train_loss: 0.770840
[18/27][3/200], train_loss: 0.447860
[19/27][3/200], train_loss: 0.720564
[20/27][3/200], train_loss: 0.473060
[21/27][3/200], train_loss: 0.540361
[22/27][3/200], train_loss: 0.520421
[23/27][3/200], train_loss: 0.341733
[24/27][3/200], train_loss: 0.584728
[25/27][3/200], train_loss: 0.362821
[26/27][3/200], train_loss: 0.437922
[27/27][3/200], train_loss: 0.612498
ACC: 0.7551
SEN: 0.4462
SPE: 0.8933
AUC: 0.6697
F1_Score: 0.5297
confusionMatrix：
tensor([[519,  62],
        [144, 116]], device='cuda:0')
Epoch 3 average train loss: 0.490120
Current epoch: 3
ACC: 0.8048
SEN: 0.7692
SPE: 0.8207
AUC: 0.7950
F1_Score: 0.7092
confusionMatrix：
tensor([[119,  26],
        [ 15,  50]], device='cuda:0')
Current end epoch: 3 current accuracy: 0.804762 
Best accuracy: 0.819048 at epoch 2
Eopch:3 train acc:0.7550535202026367, test acc:0.8047618865966797
----------
epoch 4/200
[1/27][4/200], train_loss: 0.514246
[2/27][4/200], train_loss: 0.470399
[3/27][4/200], train_loss: 0.408974
[4/27][4/200], train_loss: 0.497726
[5/27][4/200], train_loss: 0.419603
[6/27][4/200], train_loss: 0.443036
[7/27][4/200], train_loss: 0.366029
[8/27][4/200], train_loss: 0.535231
[9/27][4/200], train_loss: 0.485847
[10/27][4/200], train_loss: 0.440193
[11/27][4/200], train_loss: 0.376859
[12/27][4/200], train_loss: 0.466648
[13/27][4/200], train_loss: 0.536252
[14/27][4/200], train_loss: 0.365254
[15/27][4/200], train_loss: 0.422261
[16/27][4/200], train_loss: 0.260719
[17/27][4/200], train_loss: 0.641658
[18/27][4/200], train_loss: 0.437752
[19/27][4/200], train_loss: 0.541536
[20/27][4/200], train_loss: 0.422250
[21/27][4/200], train_loss: 0.537631
[22/27][4/200], train_loss: 0.469489
[23/27][4/200], train_loss: 0.284859
[24/27][4/200], train_loss: 0.523810
[25/27][4/200], train_loss: 0.285108
[26/27][4/200], train_loss: 0.407488
[27/27][4/200], train_loss: 0.600225
ACC: 0.7883
SEN: 0.5269
SPE: 0.9053
AUC: 0.7161
F1_Score: 0.6062
confusionMatrix：
tensor([[526,  55],
        [123, 137]], device='cuda:0')
Epoch 4 average train loss: 0.450410
Current epoch: 4
ACC: 0.8333
SEN: 0.7077
SPE: 0.8897
AUC: 0.7987
F1_Score: 0.7244
confusionMatrix：
tensor([[129,  16],
        [ 19,  46]], device='cuda:0')
saved new best accuracy model
Current end epoch: 4 current accuracy: 0.833333 
Best accuracy: 0.833333 at epoch 4
Eopch:4 train acc:0.7883471846580505, test acc:0.8333333134651184
----------
epoch 5/200
[1/27][5/200], train_loss: 0.431043
[2/27][5/200], train_loss: 0.409563
[3/27][5/200], train_loss: 0.331301
[4/27][5/200], train_loss: 0.443693
[5/27][5/200], train_loss: 0.361679
[6/27][5/200], train_loss: 0.399674
[7/27][5/200], train_loss: 0.339114
[8/27][5/200], train_loss: 0.499895
[9/27][5/200], train_loss: 0.438278
[10/27][5/200], train_loss: 0.369908
[11/27][5/200], train_loss: 0.349076
[12/27][5/200], train_loss: 0.435326
[13/27][5/200], train_loss: 0.546432
[14/27][5/200], train_loss: 0.361155
[15/27][5/200], train_loss: 0.397657
[16/27][5/200], train_loss: 0.218999
[17/27][5/200], train_loss: 0.653376
[18/27][5/200], train_loss: 0.417415
[19/27][5/200], train_loss: 0.543356
[20/27][5/200], train_loss: 0.411668
[21/27][5/200], train_loss: 0.496550
[22/27][5/200], train_loss: 0.423235
[23/27][5/200], train_loss: 0.261625
[24/27][5/200], train_loss: 0.491133
[25/27][5/200], train_loss: 0.272281
[26/27][5/200], train_loss: 0.393591
[27/27][5/200], train_loss: 0.514863
ACC: 0.8038
SEN: 0.5615
SPE: 0.9122
AUC: 0.7369
F1_Score: 0.6389
confusionMatrix：
tensor([[530,  51],
        [114, 146]], device='cuda:0')
Epoch 5 average train loss: 0.415255
Current epoch: 5
ACC: 0.8429
SEN: 0.7538
SPE: 0.8828
AUC: 0.8183
F1_Score: 0.7481
confusionMatrix：
tensor([[128,  17],
        [ 16,  49]], device='cuda:0')
saved new best accuracy model
Current end epoch: 5 current accuracy: 0.842857 
Best accuracy: 0.842857 at epoch 5
Eopch:5 train acc:0.8038049936294556, test acc:0.8428571224212646
----------
epoch 6/200
[1/27][6/200], train_loss: 0.425353
[2/27][6/200], train_loss: 0.398427
[3/27][6/200], train_loss: 0.306841
[4/27][6/200], train_loss: 0.432211
[5/27][6/200], train_loss: 0.320292
[6/27][6/200], train_loss: 0.364881
[7/27][6/200], train_loss: 0.314241
[8/27][6/200], train_loss: 0.433992
[9/27][6/200], train_loss: 0.412989
[10/27][6/200], train_loss: 0.339400
[11/27][6/200], train_loss: 0.329782
[12/27][6/200], train_loss: 0.420728
[13/27][6/200], train_loss: 0.502050
[14/27][6/200], train_loss: 0.332377
[15/27][6/200], train_loss: 0.357370
[16/27][6/200], train_loss: 0.211412
[17/27][6/200], train_loss: 0.590851
[18/27][6/200], train_loss: 0.382127
[19/27][6/200], train_loss: 0.500682
[20/27][6/200], train_loss: 0.382343
[21/27][6/200], train_loss: 0.461321
[22/27][6/200], train_loss: 0.369028
[23/27][6/200], train_loss: 0.227022
[24/27][6/200], train_loss: 0.435023
[25/27][6/200], train_loss: 0.237349
[26/27][6/200], train_loss: 0.379233
[27/27][6/200], train_loss: 0.441218
ACC: 0.8276
SEN: 0.6115
SPE: 0.9243
AUC: 0.7679
F1_Score: 0.6868
confusionMatrix：
tensor([[537,  44],
        [101, 159]], device='cuda:0')
Epoch 6 average train loss: 0.381798
Current epoch: 6
ACC: 0.8810
SEN: 0.8154
SPE: 0.9103
AUC: 0.8629
F1_Score: 0.8092
confusionMatrix：
tensor([[132,  13],
        [ 12,  53]], device='cuda:0')
saved new best accuracy model
Current end epoch: 6 current accuracy: 0.880952 
Best accuracy: 0.880952 at epoch 6
Eopch:6 train acc:0.8275862336158752, test acc:0.8809523582458496
----------
epoch 7/200
[1/27][7/200], train_loss: 0.384875
[2/27][7/200], train_loss: 0.376942
[3/27][7/200], train_loss: 0.268414
[4/27][7/200], train_loss: 0.394987
[5/27][7/200], train_loss: 0.274631
[6/27][7/200], train_loss: 0.331303
[7/27][7/200], train_loss: 0.281937
[8/27][7/200], train_loss: 0.372847
[9/27][7/200], train_loss: 0.365382
[10/27][7/200], train_loss: 0.302750
[11/27][7/200], train_loss: 0.303239
[12/27][7/200], train_loss: 0.382677
[13/27][7/200], train_loss: 0.462927
[14/27][7/200], train_loss: 0.288633
[15/27][7/200], train_loss: 0.319109
[16/27][7/200], train_loss: 0.188681
[17/27][7/200], train_loss: 0.530430
[18/27][7/200], train_loss: 0.330269
[19/27][7/200], train_loss: 0.494996
[20/27][7/200], train_loss: 0.346171
[21/27][7/200], train_loss: 0.410271
[22/27][7/200], train_loss: 0.318553
[23/27][7/200], train_loss: 0.190548
[24/27][7/200], train_loss: 0.354250
[25/27][7/200], train_loss: 0.194277
[26/27][7/200], train_loss: 0.377644
[27/27][7/200], train_loss: 0.368044
ACC: 0.8573
SEN: 0.6731
SPE: 0.9398
AUC: 0.8064
F1_Score: 0.7447
confusionMatrix：
tensor([[546,  35],
        [ 85, 175]], device='cuda:0')
Epoch 7 average train loss: 0.341288
Current epoch: 7
ACC: 0.8952
SEN: 0.7385
SPE: 0.9655
AUC: 0.8520
F1_Score: 0.8136
confusionMatrix：
tensor([[140,   5],
        [ 17,  48]], device='cuda:0')
saved new best accuracy model
Current end epoch: 7 current accuracy: 0.895238 
Best accuracy: 0.895238 at epoch 7
Eopch:7 train acc:0.8573127388954163, test acc:0.8952381014823914
----------
epoch 8/200
[1/27][8/200], train_loss: 0.325550
[2/27][8/200], train_loss: 0.352640
[3/27][8/200], train_loss: 0.228617
[4/27][8/200], train_loss: 0.317595
[5/27][8/200], train_loss: 0.275037
[6/27][8/200], train_loss: 0.291160
[7/27][8/200], train_loss: 0.252310
[8/27][8/200], train_loss: 0.374741
[9/27][8/200], train_loss: 0.315419
[10/27][8/200], train_loss: 0.308622
[11/27][8/200], train_loss: 0.255854
[12/27][8/200], train_loss: 0.347631
[13/27][8/200], train_loss: 0.400697
[14/27][8/200], train_loss: 0.233067
[15/27][8/200], train_loss: 0.289941
[16/27][8/200], train_loss: 0.185940
[17/27][8/200], train_loss: 0.446102
[18/27][8/200], train_loss: 0.281971
[19/27][8/200], train_loss: 0.453126
[20/27][8/200], train_loss: 0.311678
[21/27][8/200], train_loss: 0.368389
[22/27][8/200], train_loss: 0.258410
[23/27][8/200], train_loss: 0.157339
[24/27][8/200], train_loss: 0.290142
[25/27][8/200], train_loss: 0.162038
[26/27][8/200], train_loss: 0.365057
[27/27][8/200], train_loss: 0.318616
ACC: 0.8728
SEN: 0.7077
SPE: 0.9466
AUC: 0.8272
F1_Score: 0.7747
confusionMatrix：
tensor([[550,  31],
        [ 76, 184]], device='cuda:0')
Epoch 8 average train loss: 0.302507
Current epoch: 8
ACC: 0.8857
SEN: 0.7231
SPE: 0.9586
AUC: 0.8408
F1_Score: 0.7966
confusionMatrix：
tensor([[139,   6],
        [ 18,  47]], device='cuda:0')
Current end epoch: 8 current accuracy: 0.885714 
Best accuracy: 0.895238 at epoch 7
Eopch:8 train acc:0.8727704882621765, test acc:0.8857142925262451
----------
epoch 9/200
[1/27][9/200], train_loss: 0.297226
[2/27][9/200], train_loss: 0.336260
[3/27][9/200], train_loss: 0.192499
[4/27][9/200], train_loss: 0.280266
[5/27][9/200], train_loss: 0.237211
[6/27][9/200], train_loss: 0.253591
[7/27][9/200], train_loss: 0.234476
[8/27][9/200], train_loss: 0.273207
[9/27][9/200], train_loss: 0.270747
[10/27][9/200], train_loss: 0.282283
[11/27][9/200], train_loss: 0.230479
[12/27][9/200], train_loss: 0.326389
[13/27][9/200], train_loss: 0.350605
[14/27][9/200], train_loss: 0.197195
[15/27][9/200], train_loss: 0.259788
[16/27][9/200], train_loss: 0.170291
[17/27][9/200], train_loss: 0.398521
[18/27][9/200], train_loss: 0.250463
[19/27][9/200], train_loss: 0.432885
[20/27][9/200], train_loss: 0.276543
[21/27][9/200], train_loss: 0.335853
[22/27][9/200], train_loss: 0.210299
[23/27][9/200], train_loss: 0.134612
[24/27][9/200], train_loss: 0.258452
[25/27][9/200], train_loss: 0.141958
[26/27][9/200], train_loss: 0.354421
[27/27][9/200], train_loss: 0.283818
ACC: 0.8811
SEN: 0.7308
SPE: 0.9484
AUC: 0.8396
F1_Score: 0.7917
confusionMatrix：
tensor([[551,  30],
        [ 70, 190]], device='cuda:0')
Epoch 9 average train loss: 0.269272
Current epoch: 9
ACC: 0.9000
SEN: 0.8000
SPE: 0.9448
AUC: 0.8724
F1_Score: 0.8320
confusionMatrix：
tensor([[137,   8],
        [ 13,  52]], device='cuda:0')
saved new best accuracy model
Current end epoch: 9 current accuracy: 0.900000 
Best accuracy: 0.900000 at epoch 9
Eopch:9 train acc:0.8810939192771912, test acc:0.8999999761581421
----------
epoch 10/200
[1/27][10/200], train_loss: 0.277380
[2/27][10/200], train_loss: 0.318647
[3/27][10/200], train_loss: 0.174783
[4/27][10/200], train_loss: 0.269533
[5/27][10/200], train_loss: 0.210985
[6/27][10/200], train_loss: 0.227669
[7/27][10/200], train_loss: 0.209619
[8/27][10/200], train_loss: 0.190759
[9/27][10/200], train_loss: 0.224225
[10/27][10/200], train_loss: 0.232581
[11/27][10/200], train_loss: 0.203478
[12/27][10/200], train_loss: 0.284880
[13/27][10/200], train_loss: 0.313140
[14/27][10/200], train_loss: 0.162378
[15/27][10/200], train_loss: 0.263236
[16/27][10/200], train_loss: 0.131814
[17/27][10/200], train_loss: 0.360212
[18/27][10/200], train_loss: 0.204466
[19/27][10/200], train_loss: 0.456198
[20/27][10/200], train_loss: 0.247514
[21/27][10/200], train_loss: 0.292172
[22/27][10/200], train_loss: 0.184972
[23/27][10/200], train_loss: 0.114586
[24/27][10/200], train_loss: 0.198503
[25/27][10/200], train_loss: 0.116773
[26/27][10/200], train_loss: 0.327873
[27/27][10/200], train_loss: 0.231108
ACC: 0.9061
SEN: 0.7885
SPE: 0.9587
AUC: 0.8736
F1_Score: 0.8384
confusionMatrix：
tensor([[557,  24],
        [ 55, 205]], device='cuda:0')
Epoch 10 average train loss: 0.238129
Current epoch: 10
ACC: 0.9048
SEN: 0.8000
SPE: 0.9517
AUC: 0.8759
F1_Score: 0.8387
confusionMatrix：
tensor([[138,   7],
        [ 13,  52]], device='cuda:0')
saved new best accuracy model
Current end epoch: 10 current accuracy: 0.904762 
Best accuracy: 0.904762 at epoch 10
Eopch:10 train acc:0.9060642123222351, test acc:0.9047619104385376
----------
epoch 11/200
[1/27][11/200], train_loss: 0.263108
[2/27][11/200], train_loss: 0.297973
[3/27][11/200], train_loss: 0.160228
[4/27][11/200], train_loss: 0.260707
[5/27][11/200], train_loss: 0.209106
[6/27][11/200], train_loss: 0.201072
[7/27][11/200], train_loss: 0.192966
[8/27][11/200], train_loss: 0.146207
[9/27][11/200], train_loss: 0.196027
[10/27][11/200], train_loss: 0.208537
[11/27][11/200], train_loss: 0.178866
[12/27][11/200], train_loss: 0.263057
[13/27][11/200], train_loss: 0.273379
[14/27][11/200], train_loss: 0.137203
[15/27][11/200], train_loss: 0.259755
[16/27][11/200], train_loss: 0.109798
[17/27][11/200], train_loss: 0.334208
[18/27][11/200], train_loss: 0.179071
[19/27][11/200], train_loss: 0.454978
[20/27][11/200], train_loss: 0.222199
[21/27][11/200], train_loss: 0.268397
[22/27][11/200], train_loss: 0.167188
[23/27][11/200], train_loss: 0.100571
[24/27][11/200], train_loss: 0.165023
[25/27][11/200], train_loss: 0.098356
[26/27][11/200], train_loss: 0.306980
[27/27][11/200], train_loss: 0.190326
ACC: 0.9180
SEN: 0.8154
SPE: 0.9639
AUC: 0.8896
F1_Score: 0.8600
confusionMatrix：
tensor([[560,  21],
        [ 48, 212]], device='cuda:0')
Epoch 11 average train loss: 0.216492
Current epoch: 11
ACC: 0.9048
SEN: 0.8154
SPE: 0.9448
AUC: 0.8801
F1_Score: 0.8413
confusionMatrix：
tensor([[137,   8],
        [ 12,  53]], device='cuda:0')
Current end epoch: 11 current accuracy: 0.904762 
Best accuracy: 0.904762 at epoch 10
Eopch:11 train acc:0.9179548025131226, test acc:0.9047619104385376
----------
epoch 12/200
[1/27][12/200], train_loss: 0.246446
[2/27][12/200], train_loss: 0.273275
[3/27][12/200], train_loss: 0.154972
[4/27][12/200], train_loss: 0.251795
[5/27][12/200], train_loss: 0.214948
[6/27][12/200], train_loss: 0.180901
[7/27][12/200], train_loss: 0.176912
[8/27][12/200], train_loss: 0.120665
[9/27][12/200], train_loss: 0.181386
[10/27][12/200], train_loss: 0.190560
[11/27][12/200], train_loss: 0.159526
[12/27][12/200], train_loss: 0.247347
[13/27][12/200], train_loss: 0.242592
[14/27][12/200], train_loss: 0.118963
[15/27][12/200], train_loss: 0.255470
[16/27][12/200], train_loss: 0.089877
[17/27][12/200], train_loss: 0.312310
[18/27][12/200], train_loss: 0.160818
[19/27][12/200], train_loss: 0.451018
[20/27][12/200], train_loss: 0.199092
[21/27][12/200], train_loss: 0.250495
[22/27][12/200], train_loss: 0.157546
[23/27][12/200], train_loss: 0.089028
[24/27][12/200], train_loss: 0.141422
[25/27][12/200], train_loss: 0.079945
[26/27][12/200], train_loss: 0.286758
[27/27][12/200], train_loss: 0.161010
ACC: 0.9263
SEN: 0.8269
SPE: 0.9707
AUC: 0.8988
F1_Score: 0.8740
confusionMatrix：
tensor([[564,  17],
        [ 45, 215]], device='cuda:0')
Epoch 12 average train loss: 0.199818
Current epoch: 12
ACC: 0.9143
SEN: 0.8154
SPE: 0.9586
AUC: 0.8870
F1_Score: 0.8548
confusionMatrix：
tensor([[139,   6],
        [ 12,  53]], device='cuda:0')
saved new best accuracy model
Current end epoch: 12 current accuracy: 0.914286 
Best accuracy: 0.914286 at epoch 12
Eopch:12 train acc:0.9262782335281372, test acc:0.9142857193946838
----------
epoch 13/200
[1/27][13/200], train_loss: 0.227274
[2/27][13/200], train_loss: 0.254766
[3/27][13/200], train_loss: 0.149496
[4/27][13/200], train_loss: 0.238957
[5/27][13/200], train_loss: 0.222040
[6/27][13/200], train_loss: 0.161158
[7/27][13/200], train_loss: 0.161396
[8/27][13/200], train_loss: 0.104287
[9/27][13/200], train_loss: 0.169087
[10/27][13/200], train_loss: 0.181227
[11/27][13/200], train_loss: 0.144361
[12/27][13/200], train_loss: 0.232942
[13/27][13/200], train_loss: 0.214626
[14/27][13/200], train_loss: 0.103850
[15/27][13/200], train_loss: 0.245453
[16/27][13/200], train_loss: 0.081087
[17/27][13/200], train_loss: 0.285083
[18/27][13/200], train_loss: 0.148900
[19/27][13/200], train_loss: 0.410132
[20/27][13/200], train_loss: 0.177282
[21/27][13/200], train_loss: 0.242495
[22/27][13/200], train_loss: 0.143908
[23/27][13/200], train_loss: 0.082129
[24/27][13/200], train_loss: 0.133735
[25/27][13/200], train_loss: 0.068827
[26/27][13/200], train_loss: 0.259731
[27/27][13/200], train_loss: 0.137235
ACC: 0.9358
SEN: 0.8500
SPE: 0.9742
AUC: 0.9121
F1_Score: 0.8911
confusionMatrix：
tensor([[566,  15],
        [ 39, 221]], device='cuda:0')
Epoch 13 average train loss: 0.184499
Current epoch: 13
ACC: 0.9095
SEN: 0.8462
SPE: 0.9379
AUC: 0.8920
F1_Score: 0.8527
confusionMatrix：
tensor([[136,   9],
        [ 10,  55]], device='cuda:0')
Current end epoch: 13 current accuracy: 0.909524 
Best accuracy: 0.914286 at epoch 12
Eopch:13 train acc:0.9357907176017761, test acc:0.9095237851142883
----------
epoch 14/200
[1/27][14/200], train_loss: 0.217209
[2/27][14/200], train_loss: 0.247748
[3/27][14/200], train_loss: 0.145795
[4/27][14/200], train_loss: 0.260468
[5/27][14/200], train_loss: 0.168728
[6/27][14/200], train_loss: 0.143784
[7/27][14/200], train_loss: 0.156850
[8/27][14/200], train_loss: 0.085984
[9/27][14/200], train_loss: 0.168531
[10/27][14/200], train_loss: 0.170377
[11/27][14/200], train_loss: 0.142150
[12/27][14/200], train_loss: 0.226290
[13/27][14/200], train_loss: 0.213506
[14/27][14/200], train_loss: 0.092329
[15/27][14/200], train_loss: 0.250912
[16/27][14/200], train_loss: 0.064702
[17/27][14/200], train_loss: 0.272843
[18/27][14/200], train_loss: 0.136616
[19/27][14/200], train_loss: 0.412910
[20/27][14/200], train_loss: 0.150640
[21/27][14/200], train_loss: 0.209554
[22/27][14/200], train_loss: 0.136585
[23/27][14/200], train_loss: 0.080365
[24/27][14/200], train_loss: 0.127736
[25/27][14/200], train_loss: 0.063317
[26/27][14/200], train_loss: 0.245936
[27/27][14/200], train_loss: 0.114762
ACC: 0.9405
SEN: 0.8692
SPE: 0.9725
AUC: 0.9208
F1_Score: 0.9004
confusionMatrix：
tensor([[565,  16],
        [ 34, 226]], device='cuda:0')
Epoch 14 average train loss: 0.174319
Current epoch: 14
ACC: 0.9143
SEN: 0.9077
SPE: 0.9172
AUC: 0.9125
F1_Score: 0.8676
confusionMatrix：
tensor([[133,  12],
        [  6,  59]], device='cuda:0')
Current end epoch: 14 current accuracy: 0.914286 
Best accuracy: 0.914286 at epoch 12
Eopch:14 train acc:0.940546989440918, test acc:0.9142857193946838
----------
epoch 15/200
[1/27][15/200], train_loss: 0.216354
[2/27][15/200], train_loss: 0.249852
[3/27][15/200], train_loss: 0.124285
[4/27][15/200], train_loss: 0.251347
[5/27][15/200], train_loss: 0.089008
[6/27][15/200], train_loss: 0.123845
[7/27][15/200], train_loss: 0.177832
[8/27][15/200], train_loss: 0.077006
[9/27][15/200], train_loss: 0.141367
[10/27][15/200], train_loss: 0.171255
[11/27][15/200], train_loss: 0.163129
[12/27][15/200], train_loss: 0.197653
[13/27][15/200], train_loss: 0.212031
[14/27][15/200], train_loss: 0.100888
[15/27][15/200], train_loss: 0.215114
[16/27][15/200], train_loss: 0.062565
[17/27][15/200], train_loss: 0.312384
[18/27][15/200], train_loss: 0.143971
[19/27][15/200], train_loss: 0.356194
[20/27][15/200], train_loss: 0.138937
[21/27][15/200], train_loss: 0.202241
[22/27][15/200], train_loss: 0.106778
[23/27][15/200], train_loss: 0.080040
[24/27][15/200], train_loss: 0.188038
[25/27][15/200], train_loss: 0.093472
[26/27][15/200], train_loss: 0.225126
[27/27][15/200], train_loss: 0.104244
ACC: 0.9453
SEN: 0.8769
SPE: 0.9759
AUC: 0.9264
F1_Score: 0.9084
confusionMatrix：
tensor([[567,  14],
        [ 32, 228]], device='cuda:0')
Epoch 15 average train loss: 0.167591
Current epoch: 15
ACC: 0.8762
SEN: 0.9385
SPE: 0.8483
AUC: 0.8934
F1_Score: 0.8243
confusionMatrix：
tensor([[123,  22],
        [  4,  61]], device='cuda:0')
Current end epoch: 15 current accuracy: 0.876190 
Best accuracy: 0.914286 at epoch 12
Eopch:15 train acc:0.945303201675415, test acc:0.8761904835700989
----------
epoch 16/200
[1/27][16/200], train_loss: 0.299526
[2/27][16/200], train_loss: 0.265926
[3/27][16/200], train_loss: 0.119174
[4/27][16/200], train_loss: 0.302951
[5/27][16/200], train_loss: 0.062212
[6/27][16/200], train_loss: 0.130762
[7/27][16/200], train_loss: 0.161707
[8/27][16/200], train_loss: 0.108771
[9/27][16/200], train_loss: 0.134318
[10/27][16/200], train_loss: 0.147219
[11/27][16/200], train_loss: 0.177578
[12/27][16/200], train_loss: 0.249596
[13/27][16/200], train_loss: 0.159519
[14/27][16/200], train_loss: 0.128826
[15/27][16/200], train_loss: 0.238217
[16/27][16/200], train_loss: 0.154065
[17/27][16/200], train_loss: 0.222548
[18/27][16/200], train_loss: 0.217001
[19/27][16/200], train_loss: 0.281910
[20/27][16/200], train_loss: 0.149358
[21/27][16/200], train_loss: 0.226177
[22/27][16/200], train_loss: 0.179785
[23/27][16/200], train_loss: 0.091881
[24/27][16/200], train_loss: 0.086403
[25/27][16/200], train_loss: 0.154165
[26/27][16/200], train_loss: 0.355291
[27/27][16/200], train_loss: 0.134819
ACC: 0.9275
SEN: 0.8500
SPE: 0.9621
AUC: 0.9061
F1_Score: 0.8787
confusionMatrix：
tensor([[559,  22],
        [ 39, 221]], device='cuda:0')
Epoch 16 average train loss: 0.182952
Current epoch: 16
ACC: 0.9286
SEN: 0.8769
SPE: 0.9517
AUC: 0.9143
F1_Score: 0.8837
confusionMatrix：
tensor([[138,   7],
        [  8,  57]], device='cuda:0')
saved new best accuracy model
Current end epoch: 16 current accuracy: 0.928571 
Best accuracy: 0.928571 at epoch 16
Eopch:16 train acc:0.9274672865867615, test acc:0.9285714030265808
----------
epoch 17/200
[1/27][17/200], train_loss: 0.174442
[2/27][17/200], train_loss: 0.389320
[3/27][17/200], train_loss: 0.171819
[4/27][17/200], train_loss: 0.136477
[5/27][17/200], train_loss: 0.063939
[6/27][17/200], train_loss: 0.248839
[7/27][17/200], train_loss: 0.254531
[8/27][17/200], train_loss: 0.185946
[9/27][17/200], train_loss: 0.134805
[10/27][17/200], train_loss: 0.208201
[11/27][17/200], train_loss: 0.184618
[12/27][17/200], train_loss: 0.212615
[13/27][17/200], train_loss: 0.162202
[14/27][17/200], train_loss: 0.087705
[15/27][17/200], train_loss: 0.223945
[16/27][17/200], train_loss: 0.056276
[17/27][17/200], train_loss: 0.212788
[18/27][17/200], train_loss: 0.123575
[19/27][17/200], train_loss: 0.273157
[20/27][17/200], train_loss: 0.119403
[21/27][17/200], train_loss: 0.197935
[22/27][17/200], train_loss: 0.112870
[23/27][17/200], train_loss: 0.063989
[24/27][17/200], train_loss: 0.109350
[25/27][17/200], train_loss: 0.093241
[26/27][17/200], train_loss: 0.246687
[27/27][17/200], train_loss: 0.095543
ACC: 0.9417
SEN: 0.8962
SPE: 0.9621
AUC: 0.9291
F1_Score: 0.9049
confusionMatrix：
tensor([[559,  22],
        [ 27, 233]], device='cuda:0')
Epoch 17 average train loss: 0.168304
Current epoch: 17
ACC: 0.9286
SEN: 0.8769
SPE: 0.9517
AUC: 0.9143
F1_Score: 0.8837
confusionMatrix：
tensor([[138,   7],
        [  8,  57]], device='cuda:0')
Current end epoch: 17 current accuracy: 0.928571 
Best accuracy: 0.928571 at epoch 16
Eopch:17 train acc:0.9417360424995422, test acc:0.9285714030265808
----------
epoch 18/200
[1/27][18/200], train_loss: 0.165294
[2/27][18/200], train_loss: 0.263562
[3/27][18/200], train_loss: 0.117639
[4/27][18/200], train_loss: 0.126075
[5/27][18/200], train_loss: 0.074687
[6/27][18/200], train_loss: 0.214448
[7/27][18/200], train_loss: 0.166570
[8/27][18/200], train_loss: 0.069910
[9/27][18/200], train_loss: 0.120655
[10/27][18/200], train_loss: 0.150277
[11/27][18/200], train_loss: 0.098631
[12/27][18/200], train_loss: 0.180424
[13/27][18/200], train_loss: 0.132324
[14/27][18/200], train_loss: 0.069623
[15/27][18/200], train_loss: 0.176683
[16/27][18/200], train_loss: 0.073757
[17/27][18/200], train_loss: 0.174009
[18/27][18/200], train_loss: 0.112744
[19/27][18/200], train_loss: 0.244369
[20/27][18/200], train_loss: 0.112327
[21/27][18/200], train_loss: 0.181696
[22/27][18/200], train_loss: 0.093723
[23/27][18/200], train_loss: 0.053959
[24/27][18/200], train_loss: 0.067868
[25/27][18/200], train_loss: 0.065194
[26/27][18/200], train_loss: 0.231610
[27/27][18/200], train_loss: 0.083760
ACC: 0.9584
SEN: 0.9077
SPE: 0.9811
AUC: 0.9444
F1_Score: 0.9310
confusionMatrix：
tensor([[570,  11],
        [ 24, 236]], device='cuda:0')
Epoch 18 average train loss: 0.134141
Current epoch: 18
ACC: 0.9286
SEN: 0.8769
SPE: 0.9517
AUC: 0.9143
F1_Score: 0.8837
confusionMatrix：
tensor([[138,   7],
        [  8,  57]], device='cuda:0')
Current end epoch: 18 current accuracy: 0.928571 
Best accuracy: 0.928571 at epoch 16
Eopch:18 train acc:0.9583829045295715, test acc:0.9285714030265808
----------
epoch 19/200
[1/27][19/200], train_loss: 0.152249
[2/27][19/200], train_loss: 0.302537
[3/27][19/200], train_loss: 0.107902
[4/27][19/200], train_loss: 0.110317
[5/27][19/200], train_loss: 0.060571
[6/27][19/200], train_loss: 0.173950
[7/27][19/200], train_loss: 0.163807
[8/27][19/200], train_loss: 0.102588
[9/27][19/200], train_loss: 0.116109
[10/27][19/200], train_loss: 0.166343
[11/27][19/200], train_loss: 0.124471
[12/27][19/200], train_loss: 0.162556
[13/27][19/200], train_loss: 0.123520
[14/27][19/200], train_loss: 0.064110
[15/27][19/200], train_loss: 0.174599
[16/27][19/200], train_loss: 0.065083
[17/27][19/200], train_loss: 0.148064
[18/27][19/200], train_loss: 0.100095
[19/27][19/200], train_loss: 0.222259
[20/27][19/200], train_loss: 0.094565
[21/27][19/200], train_loss: 0.126205
[22/27][19/200], train_loss: 0.086142
[23/27][19/200], train_loss: 0.061267
[24/27][19/200], train_loss: 0.055891
[25/27][19/200], train_loss: 0.061278
[26/27][19/200], train_loss: 0.222933
[27/27][19/200], train_loss: 0.077584
ACC: 0.9667
SEN: 0.9192
SPE: 0.9880
AUC: 0.9536
F1_Score: 0.9447
confusionMatrix：
tensor([[574,   7],
        [ 21, 239]], device='cuda:0')
Epoch 19 average train loss: 0.126926
Current epoch: 19
ACC: 0.9286
SEN: 0.8308
SPE: 0.9724
AUC: 0.9016
F1_Score: 0.8780
confusionMatrix：
tensor([[141,   4],
        [ 11,  54]], device='cuda:0')
Current end epoch: 19 current accuracy: 0.928571 
Best accuracy: 0.928571 at epoch 16
Eopch:19 train acc:0.9667062759399414, test acc:0.9285714030265808
----------
epoch 20/200
[1/27][20/200], train_loss: 0.146000
[2/27][20/200], train_loss: 0.253951
[3/27][20/200], train_loss: 0.117201
[4/27][20/200], train_loss: 0.112281
[5/27][20/200], train_loss: 0.068084
[6/27][20/200], train_loss: 0.136329
[7/27][20/200], train_loss: 0.152106
[8/27][20/200], train_loss: 0.119049
[9/27][20/200], train_loss: 0.111793
[10/27][20/200], train_loss: 0.135047
[11/27][20/200], train_loss: 0.130418
[12/27][20/200], train_loss: 0.152176
[13/27][20/200], train_loss: 0.108082
[14/27][20/200], train_loss: 0.055247
[15/27][20/200], train_loss: 0.179497
[16/27][20/200], train_loss: 0.046152
[17/27][20/200], train_loss: 0.141643
[18/27][20/200], train_loss: 0.086917
[19/27][20/200], train_loss: 0.220734
[20/27][20/200], train_loss: 0.085710
[21/27][20/200], train_loss: 0.127081
[22/27][20/200], train_loss: 0.076053
[23/27][20/200], train_loss: 0.052281
[24/27][20/200], train_loss: 0.054526
[25/27][20/200], train_loss: 0.052016
[26/27][20/200], train_loss: 0.206548
[27/27][20/200], train_loss: 0.060648
ACC: 0.9620
SEN: 0.9154
SPE: 0.9828
AUC: 0.9491
F1_Score: 0.9370
confusionMatrix：
tensor([[571,  10],
        [ 22, 238]], device='cuda:0')
Epoch 20 average train loss: 0.118058
Current epoch: 20
ACC: 0.9333
SEN: 0.8615
SPE: 0.9655
AUC: 0.9135
F1_Score: 0.8889
confusionMatrix：
tensor([[140,   5],
        [  9,  56]], device='cuda:0')
saved new best accuracy model
Current end epoch: 20 current accuracy: 0.933333 
Best accuracy: 0.933333 at epoch 20
Eopch:20 train acc:0.9619500637054443, test acc:0.9333333373069763
----------
epoch 21/200
[1/27][21/200], train_loss: 0.140401
[2/27][21/200], train_loss: 0.232500
[3/27][21/200], train_loss: 0.102626
[4/27][21/200], train_loss: 0.095030
[5/27][21/200], train_loss: 0.063843
[6/27][21/200], train_loss: 0.101416
[7/27][21/200], train_loss: 0.101869
[8/27][21/200], train_loss: 0.086049
[9/27][21/200], train_loss: 0.106232
[10/27][21/200], train_loss: 0.096124
[11/27][21/200], train_loss: 0.114842
[12/27][21/200], train_loss: 0.155926
[13/27][21/200], train_loss: 0.126793
[14/27][21/200], train_loss: 0.065022
[15/27][21/200], train_loss: 0.219604
[16/27][21/200], train_loss: 0.043411
[17/27][21/200], train_loss: 0.180135
[18/27][21/200], train_loss: 0.084500
[19/27][21/200], train_loss: 0.244799
[20/27][21/200], train_loss: 0.079482
[21/27][21/200], train_loss: 0.116628
[22/27][21/200], train_loss: 0.063571
[23/27][21/200], train_loss: 0.039082
[24/27][21/200], train_loss: 0.061282
[25/27][21/200], train_loss: 0.066143
[26/27][21/200], train_loss: 0.202104
[27/27][21/200], train_loss: 0.052801
ACC: 0.9667
SEN: 0.9269
SPE: 0.9845
AUC: 0.9557
F1_Score: 0.9451
confusionMatrix：
tensor([[572,   9],
        [ 19, 241]], device='cuda:0')
Epoch 21 average train loss: 0.112675
Current epoch: 21
ACC: 0.9238
SEN: 0.8462
SPE: 0.9586
AUC: 0.9024
F1_Score: 0.8730
confusionMatrix：
tensor([[139,   6],
        [ 10,  55]], device='cuda:0')
Current end epoch: 21 current accuracy: 0.923810 
Best accuracy: 0.933333 at epoch 20
Eopch:21 train acc:0.9667062759399414, test acc:0.9238095283508301
----------
epoch 22/200
[1/27][22/200], train_loss: 0.144754
[2/27][22/200], train_loss: 0.212828
[3/27][22/200], train_loss: 0.107764
[4/27][22/200], train_loss: 0.099116
[5/27][22/200], train_loss: 0.052560
[6/27][22/200], train_loss: 0.089487
[7/27][22/200], train_loss: 0.073340
[8/27][22/200], train_loss: 0.050886
[9/27][22/200], train_loss: 0.089363
[10/27][22/200], train_loss: 0.083236
[11/27][22/200], train_loss: 0.072000
[12/27][22/200], train_loss: 0.120635
[13/27][22/200], train_loss: 0.136514
[14/27][22/200], train_loss: 0.043899
[15/27][22/200], train_loss: 0.174024
[16/27][22/200], train_loss: 0.039557
[17/27][22/200], train_loss: 0.213425
[18/27][22/200], train_loss: 0.090692
[19/27][22/200], train_loss: 0.200796
[20/27][22/200], train_loss: 0.087769
[21/27][22/200], train_loss: 0.150840
[22/27][22/200], train_loss: 0.066297
[23/27][22/200], train_loss: 0.030796
[24/27][22/200], train_loss: 0.082957
[25/27][22/200], train_loss: 0.067591
[26/27][22/200], train_loss: 0.214221
[27/27][22/200], train_loss: 0.047477
ACC: 0.9738
SEN: 0.9500
SPE: 0.9845
AUC: 0.9673
F1_Score: 0.9574
confusionMatrix：
tensor([[572,   9],
        [ 13, 247]], device='cuda:0')
Epoch 22 average train loss: 0.105290
Current epoch: 22
ACC: 0.9286
SEN: 0.8615
SPE: 0.9586
AUC: 0.9101
F1_Score: 0.8819
confusionMatrix：
tensor([[139,   6],
        [  9,  56]], device='cuda:0')
Current end epoch: 22 current accuracy: 0.928571 
Best accuracy: 0.933333 at epoch 20
Eopch:22 train acc:0.9738406538963318, test acc:0.9285714030265808
----------
epoch 23/200
[1/27][23/200], train_loss: 0.115801
[2/27][23/200], train_loss: 0.197484
[3/27][23/200], train_loss: 0.119732
[4/27][23/200], train_loss: 0.097993
[5/27][23/200], train_loss: 0.051721
[6/27][23/200], train_loss: 0.119580
[7/27][23/200], train_loss: 0.107157
[8/27][23/200], train_loss: 0.083637
[9/27][23/200], train_loss: 0.085681
[10/27][23/200], train_loss: 0.078443
[11/27][23/200], train_loss: 0.070850
[12/27][23/200], train_loss: 0.128006
[13/27][23/200], train_loss: 0.114835
[14/27][23/200], train_loss: 0.039998
[15/27][23/200], train_loss: 0.135304
[16/27][23/200], train_loss: 0.036781
[17/27][23/200], train_loss: 0.215029
[18/27][23/200], train_loss: 0.099926
[19/27][23/200], train_loss: 0.152038
[20/27][23/200], train_loss: 0.083467
[21/27][23/200], train_loss: 0.217743
[22/27][23/200], train_loss: 0.077147
[23/27][23/200], train_loss: 0.028937
[24/27][23/200], train_loss: 0.061944
[25/27][23/200], train_loss: 0.083154
[26/27][23/200], train_loss: 0.287424
[27/27][23/200], train_loss: 0.113854
ACC: 0.9631
SEN: 0.9308
SPE: 0.9776
AUC: 0.9542
F1_Score: 0.9398
confusionMatrix：
tensor([[568,  13],
        [ 18, 242]], device='cuda:0')
Epoch 23 average train loss: 0.111247
Current epoch: 23
ACC: 0.9095
SEN: 0.7538
SPE: 0.9793
AUC: 0.8666
F1_Score: 0.8376
confusionMatrix：
tensor([[142,   3],
        [ 16,  49]], device='cuda:0')
Current end epoch: 23 current accuracy: 0.909524 
Best accuracy: 0.933333 at epoch 20
Eopch:23 train acc:0.9631391167640686, test acc:0.9095237851142883
----------
epoch 24/200
[1/27][24/200], train_loss: 0.121913
[2/27][24/200], train_loss: 0.176420
[3/27][24/200], train_loss: 0.212670
[4/27][24/200], train_loss: 0.175781
[5/27][24/200], train_loss: 0.086834
[6/27][24/200], train_loss: 0.104701
[7/27][24/200], train_loss: 0.161346
[8/27][24/200], train_loss: 0.217197
[9/27][24/200], train_loss: 0.116982
[10/27][24/200], train_loss: 0.072596
[11/27][24/200], train_loss: 0.074625
[12/27][24/200], train_loss: 0.158415
[13/27][24/200], train_loss: 0.197969
[14/27][24/200], train_loss: 0.052400
[15/27][24/200], train_loss: 0.142610
[16/27][24/200], train_loss: 0.028130
[17/27][24/200], train_loss: 0.312479
[18/27][24/200], train_loss: 0.146488
[19/27][24/200], train_loss: 0.160511
[20/27][24/200], train_loss: 0.071937
[21/27][24/200], train_loss: 0.235701
[22/27][24/200], train_loss: 0.140750
[23/27][24/200], train_loss: 0.071131
[24/27][24/200], train_loss: 0.044628
[25/27][24/200], train_loss: 0.074446
[26/27][24/200], train_loss: 0.301236
[27/27][24/200], train_loss: 0.152590
ACC: 0.9429
SEN: 0.9000
SPE: 0.9621
AUC: 0.9311
F1_Score: 0.9070
confusionMatrix：
tensor([[559,  22],
        [ 26, 234]], device='cuda:0')
Epoch 24 average train loss: 0.141203
Current epoch: 24
ACC: 0.8810
SEN: 0.6615
SPE: 0.9793
AUC: 0.8204
F1_Score: 0.7748
confusionMatrix：
tensor([[142,   3],
        [ 22,  43]], device='cuda:0')
Current end epoch: 24 current accuracy: 0.880952 
Best accuracy: 0.933333 at epoch 20
Eopch:24 train acc:0.9429250955581665, test acc:0.8809523582458496
----------
epoch 25/200
[1/27][25/200], train_loss: 0.178326
[2/27][25/200], train_loss: 0.116003
[3/27][25/200], train_loss: 0.102302
[4/27][25/200], train_loss: 0.201401
[5/27][25/200], train_loss: 0.328218
[6/27][25/200], train_loss: 0.064843
[7/27][25/200], train_loss: 0.097827
[8/27][25/200], train_loss: 0.241860
[9/27][25/200], train_loss: 0.257722
[10/27][25/200], train_loss: 0.140453
[11/27][25/200], train_loss: 0.114728
[12/27][25/200], train_loss: 0.113820
[13/27][25/200], train_loss: 0.172312
[14/27][25/200], train_loss: 0.168588
[15/27][25/200], train_loss: 0.162573
[16/27][25/200], train_loss: 0.095285
[17/27][25/200], train_loss: 0.243634
[18/27][25/200], train_loss: 0.197099
[19/27][25/200], train_loss: 0.204826
[20/27][25/200], train_loss: 0.065972
[21/27][25/200], train_loss: 0.125810
[22/27][25/200], train_loss: 0.127436
[23/27][25/200], train_loss: 0.126901
[24/27][25/200], train_loss: 0.050277
[25/27][25/200], train_loss: 0.023927
[26/27][25/200], train_loss: 0.180831
[27/27][25/200], train_loss: 0.196228
ACC: 0.9441
SEN: 0.8962
SPE: 0.9656
AUC: 0.9309
F1_Score: 0.9084
confusionMatrix：
tensor([[561,  20],
        [ 27, 233]], device='cuda:0')
Epoch 25 average train loss: 0.151822
Current epoch: 25
ACC: 0.8524
SEN: 0.5231
SPE: 1.0000
AUC: 0.7615
F1_Score: 0.6869
confusionMatrix：
tensor([[145,   0],
        [ 31,  34]], device='cuda:0')
Current end epoch: 25 current accuracy: 0.852381 
Best accuracy: 0.933333 at epoch 20
Eopch:25 train acc:0.9441141486167908, test acc:0.8523809313774109
----------
epoch 26/200
[1/27][26/200], train_loss: 0.303463
[2/27][26/200], train_loss: 0.178879
[3/27][26/200], train_loss: 0.081017
[4/27][26/200], train_loss: 0.106816
[5/27][26/200], train_loss: 0.373471
[6/27][26/200], train_loss: 0.102428
[7/27][26/200], train_loss: 0.079557
[8/27][26/200], train_loss: 0.059938
[9/27][26/200], train_loss: 0.199245
[10/27][26/200], train_loss: 0.220996
[11/27][26/200], train_loss: 0.218711
[12/27][26/200], train_loss: 0.203438
[13/27][26/200], train_loss: 0.088523
[14/27][26/200], train_loss: 0.153416
[15/27][26/200], train_loss: 0.240099
[16/27][26/200], train_loss: 0.209846
[17/27][26/200], train_loss: 0.102591
[18/27][26/200], train_loss: 0.133200
[19/27][26/200], train_loss: 0.300488
[20/27][26/200], train_loss: 0.282228
[21/27][26/200], train_loss: 0.151130
[22/27][26/200], train_loss: 0.061174
[23/27][26/200], train_loss: 0.162650
[24/27][26/200], train_loss: 0.162213
[25/27][26/200], train_loss: 0.053918
[26/27][26/200], train_loss: 0.178526
[27/27][26/200], train_loss: 0.048633
ACC: 0.9358
SEN: 0.8692
SPE: 0.9656
AUC: 0.9174
F1_Score: 0.8933
confusionMatrix：
tensor([[561,  20],
        [ 34, 226]], device='cuda:0')
Epoch 26 average train loss: 0.165059
Current epoch: 26
ACC: 0.8619
SEN: 0.5692
SPE: 0.9931
AUC: 0.7812
F1_Score: 0.7184
confusionMatrix：
tensor([[144,   1],
        [ 28,  37]], device='cuda:0')
Current end epoch: 26 current accuracy: 0.861905 
Best accuracy: 0.933333 at epoch 20
Eopch:26 train acc:0.9357907176017761, test acc:0.8619047403335571
----------
epoch 27/200
[1/27][27/200], train_loss: 0.255488
[2/27][27/200], train_loss: 0.237004
[3/27][27/200], train_loss: 0.180025
[4/27][27/200], train_loss: 0.112519
[5/27][27/200], train_loss: 0.059679
[6/27][27/200], train_loss: 0.082435
[7/27][27/200], train_loss: 0.218903
[8/27][27/200], train_loss: 0.061252
[9/27][27/200], train_loss: 0.093492
[10/27][27/200], train_loss: 0.063465
[11/27][27/200], train_loss: 0.106805
[12/27][27/200], train_loss: 0.214171
[13/27][27/200], train_loss: 0.133066
[14/27][27/200], train_loss: 0.039995
[15/27][27/200], train_loss: 0.089567
[16/27][27/200], train_loss: 0.163125
[17/27][27/200], train_loss: 0.113919
[18/27][27/200], train_loss: 0.057735
[19/27][27/200], train_loss: 0.141091
[20/27][27/200], train_loss: 0.076782
[21/27][27/200], train_loss: 0.079402
[22/27][27/200], train_loss: 0.039472
[23/27][27/200], train_loss: 0.023492
[24/27][27/200], train_loss: 0.023096
[25/27][27/200], train_loss: 0.014439
[26/27][27/200], train_loss: 0.156387
[27/27][27/200], train_loss: 0.026188
ACC: 0.9620
SEN: 0.9000
SPE: 0.9897
AUC: 0.9448
F1_Score: 0.9360
confusionMatrix：
tensor([[575,   6],
        [ 26, 234]], device='cuda:0')
Epoch 27 average train loss: 0.106037
Current epoch: 27
ACC: 0.8952
SEN: 0.7077
SPE: 0.9793
AUC: 0.8435
F1_Score: 0.8070
confusionMatrix：
tensor([[142,   3],
        [ 19,  46]], device='cuda:0')
Current end epoch: 27 current accuracy: 0.895238 
Best accuracy: 0.933333 at epoch 20
Eopch:27 train acc:0.9619500637054443, test acc:0.8952381014823914
----------
epoch 28/200
[1/27][28/200], train_loss: 0.109295
[2/27][28/200], train_loss: 0.069827
[3/27][28/200], train_loss: 0.068225
[4/27][28/200], train_loss: 0.050812
[5/27][28/200], train_loss: 0.064051
[6/27][28/200], train_loss: 0.039608
[7/27][28/200], train_loss: 0.079383
[8/27][28/200], train_loss: 0.021623
[9/27][28/200], train_loss: 0.062441
[10/27][28/200], train_loss: 0.048872
[11/27][28/200], train_loss: 0.060818
[12/27][28/200], train_loss: 0.096077
[13/27][28/200], train_loss: 0.068176
[14/27][28/200], train_loss: 0.026179
[15/27][28/200], train_loss: 0.069113
[16/27][28/200], train_loss: 0.076163
[17/27][28/200], train_loss: 0.070700
[18/27][28/200], train_loss: 0.038902
[19/27][28/200], train_loss: 0.096426
[20/27][28/200], train_loss: 0.041735
[21/27][28/200], train_loss: 0.047006
[22/27][28/200], train_loss: 0.024761
[23/27][28/200], train_loss: 0.020409
[24/27][28/200], train_loss: 0.016409
[25/27][28/200], train_loss: 0.010054
[26/27][28/200], train_loss: 0.159036
[27/27][28/200], train_loss: 0.014932
ACC: 0.9845
SEN: 0.9615
SPE: 0.9948
AUC: 0.9782
F1_Score: 0.9747
confusionMatrix：
tensor([[578,   3],
        [ 10, 250]], device='cuda:0')
Epoch 28 average train loss: 0.057446
Current epoch: 28
ACC: 0.8857
SEN: 0.6769
SPE: 0.9793
AUC: 0.8281
F1_Score: 0.7857
confusionMatrix：
tensor([[142,   3],
        [ 21,  44]], device='cuda:0')
Current end epoch: 28 current accuracy: 0.885714 
Best accuracy: 0.933333 at epoch 20
Eopch:28 train acc:0.984542191028595, test acc:0.8857142925262451
----------
epoch 29/200
[1/27][29/200], train_loss: 0.101444
[2/27][29/200], train_loss: 0.046164
[3/27][29/200], train_loss: 0.061495
[4/27][29/200], train_loss: 0.042181
[5/27][29/200], train_loss: 0.059225
[6/27][29/200], train_loss: 0.034361
[7/27][29/200], train_loss: 0.079491
[8/27][29/200], train_loss: 0.020619
[9/27][29/200], train_loss: 0.052492
[10/27][29/200], train_loss: 0.036331
[11/27][29/200], train_loss: 0.050325
[12/27][29/200], train_loss: 0.078645
[13/27][29/200], train_loss: 0.057658
[14/27][29/200], train_loss: 0.021923
[15/27][29/200], train_loss: 0.058560
[16/27][29/200], train_loss: 0.050785
[17/27][29/200], train_loss: 0.061191
[18/27][29/200], train_loss: 0.033015
[19/27][29/200], train_loss: 0.081603
[20/27][29/200], train_loss: 0.032594
[21/27][29/200], train_loss: 0.037784
[22/27][29/200], train_loss: 0.020669
[23/27][29/200], train_loss: 0.016481
[24/27][29/200], train_loss: 0.013942
[25/27][29/200], train_loss: 0.009271
[26/27][29/200], train_loss: 0.163715
[27/27][29/200], train_loss: 0.012451
ACC: 0.9893
SEN: 0.9692
SPE: 0.9983
AUC: 0.9838
F1_Score: 0.9825
confusionMatrix：
tensor([[580,   1],
        [  8, 252]], device='cuda:0')
Epoch 29 average train loss: 0.049423
Current epoch: 29
ACC: 0.8714
SEN: 0.6154
SPE: 0.9862
AUC: 0.8008
F1_Score: 0.7477
confusionMatrix：
tensor([[143,   2],
        [ 25,  40]], device='cuda:0')
Current end epoch: 29 current accuracy: 0.871429 
Best accuracy: 0.933333 at epoch 20
Eopch:29 train acc:0.9892984628677368, test acc:0.8714285492897034
----------
epoch 30/200
[1/27][30/200], train_loss: 0.082625
[2/27][30/200], train_loss: 0.036847
[3/27][30/200], train_loss: 0.049845
[4/27][30/200], train_loss: 0.036585
[5/27][30/200], train_loss: 0.051824
[6/27][30/200], train_loss: 0.028896
[7/27][30/200], train_loss: 0.067000
[8/27][30/200], train_loss: 0.019617
[9/27][30/200], train_loss: 0.047159
[10/27][30/200], train_loss: 0.029448
[11/27][30/200], train_loss: 0.039607
[12/27][30/200], train_loss: 0.061950
[13/27][30/200], train_loss: 0.048786
[14/27][30/200], train_loss: 0.020656
[15/27][30/200], train_loss: 0.054150
[16/27][30/200], train_loss: 0.029305
[17/27][30/200], train_loss: 0.046608
[18/27][30/200], train_loss: 0.028153
[19/27][30/200], train_loss: 0.074167
[20/27][30/200], train_loss: 0.027736
[21/27][30/200], train_loss: 0.034203
[22/27][30/200], train_loss: 0.017951
[23/27][30/200], train_loss: 0.015206
[24/27][30/200], train_loss: 0.012268
[25/27][30/200], train_loss: 0.009098
[26/27][30/200], train_loss: 0.166890
[27/27][30/200], train_loss: 0.012103
ACC: 0.9929
SEN: 0.9808
SPE: 0.9983
AUC: 0.9895
F1_Score: 0.9884
confusionMatrix：
tensor([[580,   1],
        [  5, 255]], device='cuda:0')
Epoch 30 average train loss: 0.042544
Current epoch: 30
ACC: 0.8714
SEN: 0.6000
SPE: 0.9931
AUC: 0.7966
F1_Score: 0.7429
confusionMatrix：
tensor([[144,   1],
        [ 26,  39]], device='cuda:0')
Current end epoch: 30 current accuracy: 0.871429 
Best accuracy: 0.933333 at epoch 20
Eopch:30 train acc:0.9928656220436096, test acc:0.8714285492897034
----------
epoch 31/200
[1/27][31/200], train_loss: 0.074294
[2/27][31/200], train_loss: 0.034284
[3/27][31/200], train_loss: 0.043987
[4/27][31/200], train_loss: 0.032719
[5/27][31/200], train_loss: 0.044710
[6/27][31/200], train_loss: 0.025934
[7/27][31/200], train_loss: 0.062247
[8/27][31/200], train_loss: 0.021117
[9/27][31/200], train_loss: 0.044864
[10/27][31/200], train_loss: 0.025251
[11/27][31/200], train_loss: 0.032303
[12/27][31/200], train_loss: 0.052982
[13/27][31/200], train_loss: 0.043468
[14/27][31/200], train_loss: 0.020721
[15/27][31/200], train_loss: 0.050977
[16/27][31/200], train_loss: 0.018583
[17/27][31/200], train_loss: 0.036805
[18/27][31/200], train_loss: 0.023582
[19/27][31/200], train_loss: 0.063770
[20/27][31/200], train_loss: 0.026974
[21/27][31/200], train_loss: 0.035682
[22/27][31/200], train_loss: 0.017867
[23/27][31/200], train_loss: 0.016160
[24/27][31/200], train_loss: 0.010321
[25/27][31/200], train_loss: 0.008199
[26/27][31/200], train_loss: 0.163481
[27/27][31/200], train_loss: 0.011819
ACC: 0.9952
SEN: 0.9885
SPE: 0.9983
AUC: 0.9934
F1_Score: 0.9923
confusionMatrix：
tensor([[580,   1],
        [  3, 257]], device='cuda:0')
Epoch 31 average train loss: 0.038633
Current epoch: 31
ACC: 0.8714
SEN: 0.5846
SPE: 1.0000
AUC: 0.7923
F1_Score: 0.7379
confusionMatrix：
tensor([[145,   0],
        [ 27,  38]], device='cuda:0')
Current end epoch: 31 current accuracy: 0.871429 
Best accuracy: 0.933333 at epoch 20
Eopch:31 train acc:0.9952437281608582, test acc:0.8714285492897034
----------
epoch 32/200
[1/27][32/200], train_loss: 0.067404
[2/27][32/200], train_loss: 0.035769
[3/27][32/200], train_loss: 0.042611
[4/27][32/200], train_loss: 0.031227
[5/27][32/200], train_loss: 0.035651
[6/27][32/200], train_loss: 0.023485
[7/27][32/200], train_loss: 0.059435
[8/27][32/200], train_loss: 0.024375
[9/27][32/200], train_loss: 0.046923
[10/27][32/200], train_loss: 0.023911
[11/27][32/200], train_loss: 0.026444
[12/27][32/200], train_loss: 0.044720
[13/27][32/200], train_loss: 0.041217
[14/27][32/200], train_loss: 0.022464
[15/27][32/200], train_loss: 0.052009
[16/27][32/200], train_loss: 0.012533
[17/27][32/200], train_loss: 0.031040
[18/27][32/200], train_loss: 0.019940
[19/27][32/200], train_loss: 0.054048
[20/27][32/200], train_loss: 0.027232
[21/27][32/200], train_loss: 0.040330
[22/27][32/200], train_loss: 0.020325
[23/27][32/200], train_loss: 0.019000
[24/27][32/200], train_loss: 0.008754
[25/27][32/200], train_loss: 0.007030
[26/27][32/200], train_loss: 0.156246
[27/27][32/200], train_loss: 0.011292
ACC: 0.9964
SEN: 0.9885
SPE: 1.0000
AUC: 0.9942
F1_Score: 0.9942
confusionMatrix：
tensor([[581,   0],
        [  3, 257]], device='cuda:0')
Epoch 32 average train loss: 0.036497
Current epoch: 32
ACC: 0.8619
SEN: 0.5538
SPE: 1.0000
AUC: 0.7769
F1_Score: 0.7129
confusionMatrix：
tensor([[145,   0],
        [ 29,  36]], device='cuda:0')
Current end epoch: 32 current accuracy: 0.861905 
Best accuracy: 0.933333 at epoch 20
Eopch:32 train acc:0.9964328408241272, test acc:0.8619047403335571
----------
epoch 33/200
[1/27][33/200], train_loss: 0.061647
[2/27][33/200], train_loss: 0.041483
[3/27][33/200], train_loss: 0.044228
[4/27][33/200], train_loss: 0.031784
[5/27][33/200], train_loss: 0.027996
[6/27][33/200], train_loss: 0.021706
[7/27][33/200], train_loss: 0.058747
[8/27][33/200], train_loss: 0.029058
[9/27][33/200], train_loss: 0.053237
[10/27][33/200], train_loss: 0.024660
[11/27][33/200], train_loss: 0.022482
[12/27][33/200], train_loss: 0.039271
[13/27][33/200], train_loss: 0.040552
[14/27][33/200], train_loss: 0.024614
[15/27][33/200], train_loss: 0.053818
[16/27][33/200], train_loss: 0.009891
[17/27][33/200], train_loss: 0.029501
[18/27][33/200], train_loss: 0.017679
[19/27][33/200], train_loss: 0.045370
[20/27][33/200], train_loss: 0.027434
[21/27][33/200], train_loss: 0.045274
[22/27][33/200], train_loss: 0.024275
[23/27][33/200], train_loss: 0.023763
[24/27][33/200], train_loss: 0.008199
[25/27][33/200], train_loss: 0.005966
[26/27][33/200], train_loss: 0.148019
[27/27][33/200], train_loss: 0.010408
ACC: 0.9964
SEN: 0.9885
SPE: 1.0000
AUC: 0.9942
F1_Score: 0.9942
confusionMatrix：
tensor([[581,   0],
        [  3, 257]], device='cuda:0')
Epoch 33 average train loss: 0.035965
Current epoch: 33
ACC: 0.8571
SEN: 0.5385
SPE: 1.0000
AUC: 0.7692
F1_Score: 0.7000
confusionMatrix：
tensor([[145,   0],
        [ 30,  35]], device='cuda:0')
Current end epoch: 33 current accuracy: 0.857143 
Best accuracy: 0.933333 at epoch 20
Eopch:33 train acc:0.9964328408241272, test acc:0.8571428656578064
----------
epoch 34/200
[1/27][34/200], train_loss: 0.054327
[2/27][34/200], train_loss: 0.047291
[3/27][34/200], train_loss: 0.047379
[4/27][34/200], train_loss: 0.034516
[5/27][34/200], train_loss: 0.021047
[6/27][34/200], train_loss: 0.019461
[7/27][34/200], train_loss: 0.055344
[8/27][34/200], train_loss: 0.033049
[9/27][34/200], train_loss: 0.063743
[10/27][34/200], train_loss: 0.028124
[11/27][34/200], train_loss: 0.019398
[12/27][34/200], train_loss: 0.034658
[13/27][34/200], train_loss: 0.040028
[14/27][34/200], train_loss: 0.026662
[15/27][34/200], train_loss: 0.057677
[16/27][34/200], train_loss: 0.008912
[17/27][34/200], train_loss: 0.031862
[18/27][34/200], train_loss: 0.016610
[19/27][34/200], train_loss: 0.039513
[20/27][34/200], train_loss: 0.027475
[21/27][34/200], train_loss: 0.049047
[22/27][34/200], train_loss: 0.029160
[23/27][34/200], train_loss: 0.029506
[24/27][34/200], train_loss: 0.008470
[25/27][34/200], train_loss: 0.005368
[26/27][34/200], train_loss: 0.141586
[27/27][34/200], train_loss: 0.009644
ACC: 0.9976
SEN: 0.9923
SPE: 1.0000
AUC: 0.9962
F1_Score: 0.9961
confusionMatrix：
tensor([[581,   0],
        [  2, 258]], device='cuda:0')
Epoch 34 average train loss: 0.036291
Current epoch: 34
ACC: 0.8524
SEN: 0.5231
SPE: 1.0000
AUC: 0.7615
F1_Score: 0.6869
confusionMatrix：
tensor([[145,   0],
        [ 31,  34]], device='cuda:0')
Current end epoch: 34 current accuracy: 0.852381 
Best accuracy: 0.933333 at epoch 20
Eopch:34 train acc:0.9976218938827515, test acc:0.8523809313774109
----------
epoch 35/200
[1/27][35/200], train_loss: 0.047442
[2/27][35/200], train_loss: 0.049356
[3/27][35/200], train_loss: 0.049814
[4/27][35/200], train_loss: 0.037973
[5/27][35/200], train_loss: 0.015184
[6/27][35/200], train_loss: 0.016394
[7/27][35/200], train_loss: 0.046231
[8/27][35/200], train_loss: 0.033516
[9/27][35/200], train_loss: 0.075954
[10/27][35/200], train_loss: 0.034243
[11/27][35/200], train_loss: 0.017824
[12/27][35/200], train_loss: 0.033290
[13/27][35/200], train_loss: 0.038448
[14/27][35/200], train_loss: 0.024570
[15/27][35/200], train_loss: 0.052914
[16/27][35/200], train_loss: 0.008400
[17/27][35/200], train_loss: 0.034287
[18/27][35/200], train_loss: 0.016349
[19/27][35/200], train_loss: 0.033910
[20/27][35/200], train_loss: 0.024036
[21/27][35/200], train_loss: 0.043296
[22/27][35/200], train_loss: 0.033868
[23/27][35/200], train_loss: 0.038829
[24/27][35/200], train_loss: 0.010642
[25/27][35/200], train_loss: 0.005490
[26/27][35/200], train_loss: 0.137510
[27/27][35/200], train_loss: 0.009974
ACC: 0.9976
SEN: 0.9923
SPE: 1.0000
AUC: 0.9962
F1_Score: 0.9961
confusionMatrix：
tensor([[581,   0],
        [  2, 258]], device='cuda:0')
Epoch 35 average train loss: 0.035916
Current epoch: 35
ACC: 0.8429
SEN: 0.4923
SPE: 1.0000
AUC: 0.7462
F1_Score: 0.6598
confusionMatrix：
tensor([[145,   0],
        [ 33,  32]], device='cuda:0')
Current end epoch: 35 current accuracy: 0.842857 
Best accuracy: 0.933333 at epoch 20
Eopch:35 train acc:0.9976218938827515, test acc:0.8428571224212646
----------
epoch 36/200
[1/27][36/200], train_loss: 0.043070
[2/27][36/200], train_loss: 0.040762
[3/27][36/200], train_loss: 0.043449
[4/27][36/200], train_loss: 0.035696
[5/27][36/200], train_loss: 0.010639
[6/27][36/200], train_loss: 0.011991
[7/27][36/200], train_loss: 0.025690
[8/27][36/200], train_loss: 0.020936
[9/27][36/200], train_loss: 0.068157
[10/27][36/200], train_loss: 0.048495
[11/27][36/200], train_loss: 0.018551
[12/27][36/200], train_loss: 0.036331
[13/27][36/200], train_loss: 0.035461
[14/27][36/200], train_loss: 0.019935
[15/27][36/200], train_loss: 0.045354
[16/27][36/200], train_loss: 0.006991
[17/27][36/200], train_loss: 0.025500
[18/27][36/200], train_loss: 0.012889
[19/27][36/200], train_loss: 0.028641
[20/27][36/200], train_loss: 0.015915
[21/27][36/200], train_loss: 0.021304
[22/27][36/200], train_loss: 0.020794
[23/27][36/200], train_loss: 0.037035
[24/27][36/200], train_loss: 0.014725
[25/27][36/200], train_loss: 0.006593
[26/27][36/200], train_loss: 0.129963
[27/27][36/200], train_loss: 0.008835
ACC: 0.9988
SEN: 0.9962
SPE: 1.0000
AUC: 0.9981
F1_Score: 0.9981
confusionMatrix：
tensor([[581,   0],
        [  1, 259]], device='cuda:0')
Epoch 36 average train loss: 0.030878
Current epoch: 36
ACC: 0.8524
SEN: 0.5385
SPE: 0.9931
AUC: 0.7658
F1_Score: 0.6931
confusionMatrix：
tensor([[144,   1],
        [ 30,  35]], device='cuda:0')
Current end epoch: 36 current accuracy: 0.852381 
Best accuracy: 0.933333 at epoch 20
Eopch:36 train acc:0.9988109469413757, test acc:0.8523809313774109
----------
epoch 37/200
[1/27][37/200], train_loss: 0.040516
[2/27][37/200], train_loss: 0.024249
[3/27][37/200], train_loss: 0.038744
[4/27][37/200], train_loss: 0.030549
[5/27][37/200], train_loss: 0.009533
[6/27][37/200], train_loss: 0.008402
[7/27][37/200], train_loss: 0.013450
[8/27][37/200], train_loss: 0.010038
[9/27][37/200], train_loss: 0.037126
[10/27][37/200], train_loss: 0.030878
[11/27][37/200], train_loss: 0.023022
[12/27][37/200], train_loss: 0.027844
[13/27][37/200], train_loss: 0.012807
[14/27][37/200], train_loss: 0.014706
[15/27][37/200], train_loss: 0.072709
[16/27][37/200], train_loss: 0.010785
[17/27][37/200], train_loss: 0.051168
[18/27][37/200], train_loss: 0.016551
[19/27][37/200], train_loss: 0.029369
[20/27][37/200], train_loss: 0.018775
[21/27][37/200], train_loss: 0.036034
[22/27][37/200], train_loss: 0.023165
[23/27][37/200], train_loss: 0.035597
[24/27][37/200], train_loss: 0.012635
[25/27][37/200], train_loss: 0.004278
[26/27][37/200], train_loss: 0.115316
[27/27][37/200], train_loss: 0.007138
ACC: 0.9976
SEN: 0.9923
SPE: 1.0000
AUC: 0.9962
F1_Score: 0.9961
confusionMatrix：
tensor([[581,   0],
        [  2, 258]], device='cuda:0')
Epoch 37 average train loss: 0.027977
Current epoch: 37
ACC: 0.8524
SEN: 0.5385
SPE: 0.9931
AUC: 0.7658
F1_Score: 0.6931
confusionMatrix：
tensor([[144,   1],
        [ 30,  35]], device='cuda:0')
Current end epoch: 37 current accuracy: 0.852381 
Best accuracy: 0.933333 at epoch 20
Eopch:37 train acc:0.9976218938827515, test acc:0.8523809313774109
----------
epoch 38/200
[1/27][38/200], train_loss: 0.035591
[2/27][38/200], train_loss: 0.026687
[3/27][38/200], train_loss: 0.057890
[4/27][38/200], train_loss: 0.039406
[5/27][38/200], train_loss: 0.008151
[6/27][38/200], train_loss: 0.009567
[7/27][38/200], train_loss: 0.022974
[8/27][38/200], train_loss: 0.020789
[9/27][38/200], train_loss: 0.055262
[10/27][38/200], train_loss: 0.029472
[11/27][38/200], train_loss: 0.018694
[12/27][38/200], train_loss: 0.015075
[13/27][38/200], train_loss: 0.012827
[14/27][38/200], train_loss: 0.011561
[15/27][38/200], train_loss: 0.032699
[16/27][38/200], train_loss: 0.013754
[17/27][38/200], train_loss: 0.094404
[18/27][38/200], train_loss: 0.027722
[19/27][38/200], train_loss: 0.029397
[20/27][38/200], train_loss: 0.013653
[21/27][38/200], train_loss: 0.045733
[22/27][38/200], train_loss: 0.046152
[23/27][38/200], train_loss: 0.071308
[24/27][38/200], train_loss: 0.019039
[25/27][38/200], train_loss: 0.003782
[26/27][38/200], train_loss: 0.111220
[27/27][38/200], train_loss: 0.007753
ACC: 0.9952
SEN: 0.9846
SPE: 1.0000
AUC: 0.9923
F1_Score: 0.9922
confusionMatrix：
tensor([[581,   0],
        [  4, 256]], device='cuda:0')
Epoch 38 average train loss: 0.032613
Current epoch: 38
ACC: 0.8429
SEN: 0.4923
SPE: 1.0000
AUC: 0.7462
F1_Score: 0.6598
confusionMatrix：
tensor([[145,   0],
        [ 33,  32]], device='cuda:0')
Current end epoch: 38 current accuracy: 0.842857 
Best accuracy: 0.933333 at epoch 20
Eopch:38 train acc:0.9952437281608582, test acc:0.8428571224212646
----------
epoch 39/200
[1/27][39/200], train_loss: 0.044154
[2/27][39/200], train_loss: 0.046795
[3/27][39/200], train_loss: 0.071743
[4/27][39/200], train_loss: 0.044309
[5/27][39/200], train_loss: 0.006952
[6/27][39/200], train_loss: 0.010813
[7/27][39/200], train_loss: 0.029504
[8/27][39/200], train_loss: 0.029747
[9/27][39/200], train_loss: 0.065833
[10/27][39/200], train_loss: 0.030615
[11/27][39/200], train_loss: 0.020110
[12/27][39/200], train_loss: 0.014158
[13/27][39/200], train_loss: 0.015828
[14/27][39/200], train_loss: 0.012693
[15/27][39/200], train_loss: 0.032785
[16/27][39/200], train_loss: 0.011291
[17/27][39/200], train_loss: 0.058008
[18/27][39/200], train_loss: 0.026451
[19/27][39/200], train_loss: 0.038624
[20/27][39/200], train_loss: 0.011797
[21/27][39/200], train_loss: 0.018765
[22/27][39/200], train_loss: 0.025353
[23/27][39/200], train_loss: 0.074913
[24/27][39/200], train_loss: 0.040770
[25/27][39/200], train_loss: 0.007397
[26/27][39/200], train_loss: 0.109734
[27/27][39/200], train_loss: 0.010311
ACC: 0.9964
SEN: 0.9885
SPE: 1.0000
AUC: 0.9942
F1_Score: 0.9942
confusionMatrix：
tensor([[581,   0],
        [  3, 257]], device='cuda:0')
Epoch 39 average train loss: 0.033683
Current epoch: 39
ACC: 0.8714
SEN: 0.6000
SPE: 0.9931
AUC: 0.7966
F1_Score: 0.7429
confusionMatrix：
tensor([[144,   1],
        [ 26,  39]], device='cuda:0')
Current end epoch: 39 current accuracy: 0.871429 
Best accuracy: 0.933333 at epoch 20
Eopch:39 train acc:0.9964328408241272, test acc:0.8714285492897034
----------
epoch 40/200
[1/27][40/200], train_loss: 0.023901
[2/27][40/200], train_loss: 0.032895
[3/27][40/200], train_loss: 0.073223
[4/27][40/200], train_loss: 0.079847
[5/27][40/200], train_loss: 0.009166
[6/27][40/200], train_loss: 0.013377
[7/27][40/200], train_loss: 0.012728
[8/27][40/200], train_loss: 0.017713
[9/27][40/200], train_loss: 0.059280
[10/27][40/200], train_loss: 0.043363
[11/27][40/200], train_loss: 0.029148
[12/27][40/200], train_loss: 0.014820
[13/27][40/200], train_loss: 0.021922
[14/27][40/200], train_loss: 0.014022
[15/27][40/200], train_loss: 0.036936
[16/27][40/200], train_loss: 0.007355
[17/27][40/200], train_loss: 0.035908
[18/27][40/200], train_loss: 0.015545
[19/27][40/200], train_loss: 0.029218
[20/27][40/200], train_loss: 0.008862
[21/27][40/200], train_loss: 0.013354
[22/27][40/200], train_loss: 0.015539
[23/27][40/200], train_loss: 0.034225
[24/27][40/200], train_loss: 0.033908
[25/27][40/200], train_loss: 0.011149
[26/27][40/200], train_loss: 0.119836
[27/27][40/200], train_loss: 0.013966
ACC: 0.9952
SEN: 0.9846
SPE: 1.0000
AUC: 0.9923
F1_Score: 0.9922
confusionMatrix：
tensor([[581,   0],
        [  4, 256]], device='cuda:0')
Epoch 40 average train loss: 0.030415
Current epoch: 40
ACC: 0.8905
SEN: 0.6769
SPE: 0.9862
AUC: 0.8316
F1_Score: 0.7928
confusionMatrix：
tensor([[143,   2],
        [ 21,  44]], device='cuda:0')
Current end epoch: 40 current accuracy: 0.890476 
Best accuracy: 0.933333 at epoch 20
Eopch:40 train acc:0.9952437281608582, test acc:0.8904761672019958
----------
epoch 41/200
[1/27][41/200], train_loss: 0.017688
[2/27][41/200], train_loss: 0.032852
[3/27][41/200], train_loss: 0.057034
[4/27][41/200], train_loss: 0.049181
[5/27][41/200], train_loss: 0.010827
[6/27][41/200], train_loss: 0.019855
[7/27][41/200], train_loss: 0.004853
[8/27][41/200], train_loss: 0.003622
[9/27][41/200], train_loss: 0.016523
[10/27][41/200], train_loss: 0.024616
[11/27][41/200], train_loss: 0.047487
[12/27][41/200], train_loss: 0.037132
[13/27][41/200], train_loss: 0.029282
[14/27][41/200], train_loss: 0.011513
[15/27][41/200], train_loss: 0.042029
[16/27][41/200], train_loss: 0.006809
[17/27][41/200], train_loss: 0.047806
[18/27][41/200], train_loss: 0.012892
[19/27][41/200], train_loss: 0.022584
[20/27][41/200], train_loss: 0.010512
[21/27][41/200], train_loss: 0.019045
[22/27][41/200], train_loss: 0.018309
[23/27][41/200], train_loss: 0.025334
[24/27][41/200], train_loss: 0.016023
[25/27][41/200], train_loss: 0.006598
[26/27][41/200], train_loss: 0.088945
[27/27][41/200], train_loss: 0.007125
ACC: 0.9976
SEN: 0.9923
SPE: 1.0000
AUC: 0.9962
F1_Score: 0.9961
confusionMatrix：
tensor([[581,   0],
        [  2, 258]], device='cuda:0')
Epoch 41 average train loss: 0.025425
Current epoch: 41
ACC: 0.8952
SEN: 0.6923
SPE: 0.9862
AUC: 0.8393
F1_Score: 0.8036
confusionMatrix：
tensor([[143,   2],
        [ 20,  45]], device='cuda:0')
Current end epoch: 41 current accuracy: 0.895238 
Best accuracy: 0.933333 at epoch 20
Eopch:41 train acc:0.9976218938827515, test acc:0.8952381014823914
----------
epoch 42/200
[1/27][42/200], train_loss: 0.007995
[2/27][42/200], train_loss: 0.012384
[3/27][42/200], train_loss: 0.019645
[4/27][42/200], train_loss: 0.041747
[5/27][42/200], train_loss: 0.019580
[6/27][42/200], train_loss: 0.028285
[7/27][42/200], train_loss: 0.008323
[8/27][42/200], train_loss: 0.002503
[9/27][42/200], train_loss: 0.016402
[10/27][42/200], train_loss: 0.028140
[11/27][42/200], train_loss: 0.037883
[12/27][42/200], train_loss: 0.049845
[13/27][42/200], train_loss: 0.017502
[14/27][42/200], train_loss: 0.003224
[15/27][42/200], train_loss: 0.008917
[16/27][42/200], train_loss: 0.004194
[17/27][42/200], train_loss: 0.084641
[18/27][42/200], train_loss: 0.046505
[19/27][42/200], train_loss: 0.039112
[20/27][42/200], train_loss: 0.007852
[21/27][42/200], train_loss: 0.012522
[22/27][42/200], train_loss: 0.023916
[23/27][42/200], train_loss: 0.066598
[24/27][42/200], train_loss: 0.038851
[25/27][42/200], train_loss: 0.007263
[26/27][42/200], train_loss: 0.080205
[27/27][42/200], train_loss: 0.004868
ACC: 0.9952
SEN: 0.9846
SPE: 1.0000
AUC: 0.9923
F1_Score: 0.9922
confusionMatrix：
tensor([[581,   0],
        [  4, 256]], device='cuda:0')
Epoch 42 average train loss: 0.026626
Current epoch: 42
ACC: 0.8810
SEN: 0.6462
SPE: 0.9862
AUC: 0.8162
F1_Score: 0.7706
confusionMatrix：
tensor([[143,   2],
        [ 23,  42]], device='cuda:0')
Current end epoch: 42 current accuracy: 0.880952 
Best accuracy: 0.933333 at epoch 20
Eopch:42 train acc:0.9952437281608582, test acc:0.8809523582458496
----------
epoch 43/200
[1/27][43/200], train_loss: 0.013486
[2/27][43/200], train_loss: 0.021469
[3/27][43/200], train_loss: 0.035715
[4/27][43/200], train_loss: 0.045499
[5/27][43/200], train_loss: 0.012248
[6/27][43/200], train_loss: 0.019817
[7/27][43/200], train_loss: 0.008180
[8/27][43/200], train_loss: 0.003108
[9/27][43/200], train_loss: 0.014212
[10/27][43/200], train_loss: 0.018230
[11/27][43/200], train_loss: 0.028957
[12/27][43/200], train_loss: 0.042652
[13/27][43/200], train_loss: 0.031470
[14/27][43/200], train_loss: 0.006835
[15/27][43/200], train_loss: 0.007178
[16/27][43/200], train_loss: 0.003889
[17/27][43/200], train_loss: 0.028644
[18/27][43/200], train_loss: 0.041596
[19/27][43/200], train_loss: 0.067185
[20/27][43/200], train_loss: 0.024121
[21/27][43/200], train_loss: 0.011016
[22/27][43/200], train_loss: 0.005473
[23/27][43/200], train_loss: 0.022153
[24/27][43/200], train_loss: 0.061841
[25/27][43/200], train_loss: 0.036154
[26/27][43/200], train_loss: 0.101356
[27/27][43/200], train_loss: 0.011240
ACC: 0.9976
SEN: 0.9923
SPE: 1.0000
AUC: 0.9962
F1_Score: 0.9961
confusionMatrix：
tensor([[581,   0],
        [  2, 258]], device='cuda:0')
Epoch 43 average train loss: 0.026805
Current epoch: 43
ACC: 0.9000
SEN: 0.7231
SPE: 0.9793
AUC: 0.8512
F1_Score: 0.8174
confusionMatrix：
tensor([[142,   3],
        [ 18,  47]], device='cuda:0')
Current end epoch: 43 current accuracy: 0.900000 
Best accuracy: 0.933333 at epoch 20
Eopch:43 train acc:0.9976218938827515, test acc:0.8999999761581421
----------
epoch 44/200
[1/27][44/200], train_loss: 0.009782
[2/27][44/200], train_loss: 0.016570
[3/27][44/200], train_loss: 0.047701
[4/27][44/200], train_loss: 0.106986
[5/27][44/200], train_loss: 0.015188
[6/27][44/200], train_loss: 0.017009
[7/27][44/200], train_loss: 0.006161
[8/27][44/200], train_loss: 0.004327
[9/27][44/200], train_loss: 0.023023
[10/27][44/200], train_loss: 0.031518
[11/27][44/200], train_loss: 0.036314
[12/27][44/200], train_loss: 0.039595
[13/27][44/200], train_loss: 0.020980
[14/27][44/200], train_loss: 0.005547
[15/27][44/200], train_loss: 0.008547
[16/27][44/200], train_loss: 0.003593
[17/27][44/200], train_loss: 0.031819
[18/27][44/200], train_loss: 0.033480
[19/27][44/200], train_loss: 0.045063
[20/27][44/200], train_loss: 0.021439
[21/27][44/200], train_loss: 0.010686
[22/27][44/200], train_loss: 0.004709
[23/27][44/200], train_loss: 0.013916
[24/27][44/200], train_loss: 0.022487
[25/27][44/200], train_loss: 0.025233
[26/27][44/200], train_loss: 0.123963
[27/27][44/200], train_loss: 0.019352
ACC: 0.9976
SEN: 0.9923
SPE: 1.0000
AUC: 0.9962
F1_Score: 0.9961
confusionMatrix：
tensor([[581,   0],
        [  2, 258]], device='cuda:0')
Epoch 44 average train loss: 0.027592
Current epoch: 44
ACC: 0.9095
SEN: 0.7538
SPE: 0.9793
AUC: 0.8666
F1_Score: 0.8376
confusionMatrix：
tensor([[142,   3],
        [ 16,  49]], device='cuda:0')
Current end epoch: 44 current accuracy: 0.909524 
Best accuracy: 0.933333 at epoch 20
Eopch:44 train acc:0.9976218938827515, test acc:0.9095237851142883
----------
epoch 45/200
[1/27][45/200], train_loss: 0.013774
[2/27][45/200], train_loss: 0.009275
[3/27][45/200], train_loss: 0.018166
[4/27][45/200], train_loss: 0.065064
[5/27][45/200], train_loss: 0.042810
[6/27][45/200], train_loss: 0.083605
[7/27][45/200], train_loss: 0.017835
[8/27][45/200], train_loss: 0.002974
[9/27][45/200], train_loss: 0.018298
[10/27][45/200], train_loss: 0.043222
[11/27][45/200], train_loss: 0.060453
[12/27][45/200], train_loss: 0.063342
[13/27][45/200], train_loss: 0.017005
[14/27][45/200], train_loss: 0.004171
[15/27][45/200], train_loss: 0.032082
[16/27][45/200], train_loss: 0.004454
[17/27][45/200], train_loss: 0.042516
[18/27][45/200], train_loss: 0.018252
[19/27][45/200], train_loss: 0.015590
[20/27][45/200], train_loss: 0.013841
[21/27][45/200], train_loss: 0.007888
[22/27][45/200], train_loss: 0.005569
[23/27][45/200], train_loss: 0.012445
[24/27][45/200], train_loss: 0.011482
[25/27][45/200], train_loss: 0.009540
[26/27][45/200], train_loss: 0.065183
[27/27][45/200], train_loss: 0.014464
ACC: 0.9976
SEN: 0.9923
SPE: 1.0000
AUC: 0.9962
F1_Score: 0.9961
confusionMatrix：
tensor([[581,   0],
        [  2, 258]], device='cuda:0')
Epoch 45 average train loss: 0.026418
Current epoch: 45
ACC: 0.9286
SEN: 0.9077
SPE: 0.9379
AUC: 0.9228
F1_Score: 0.8872
confusionMatrix：
tensor([[136,   9],
        [  6,  59]], device='cuda:0')
Current end epoch: 45 current accuracy: 0.928571 
Best accuracy: 0.933333 at epoch 20
Eopch:45 train acc:0.9976218938827515, test acc:0.9285714030265808
----------
epoch 46/200
[1/27][46/200], train_loss: 0.061491
[2/27][46/200], train_loss: 0.019522
[3/27][46/200], train_loss: 0.007917
[4/27][46/200], train_loss: 0.028985
[5/27][46/200], train_loss: 0.027841
[6/27][46/200], train_loss: 0.077430
[7/27][46/200], train_loss: 0.034404
[8/27][46/200], train_loss: 0.008945
[9/27][46/200], train_loss: 0.009865
[10/27][46/200], train_loss: 0.007118
[11/27][46/200], train_loss: 0.011742
[12/27][46/200], train_loss: 0.039999
[13/27][46/200], train_loss: 0.061901
[14/27][46/200], train_loss: 0.044625
[15/27][46/200], train_loss: 0.016615
[16/27][46/200], train_loss: 0.004729
[17/27][46/200], train_loss: 0.127804
[18/27][46/200], train_loss: 0.030471
[19/27][46/200], train_loss: 0.008376
[20/27][46/200], train_loss: 0.006391
[21/27][46/200], train_loss: 0.013474
[22/27][46/200], train_loss: 0.014257
[23/27][46/200], train_loss: 0.022853
[24/27][46/200], train_loss: 0.013254
[25/27][46/200], train_loss: 0.005911
[26/27][46/200], train_loss: 0.050026
[27/27][46/200], train_loss: 0.003083
ACC: 0.9941
SEN: 0.9885
SPE: 0.9966
AUC: 0.9925
F1_Score: 0.9904
confusionMatrix：
tensor([[579,   2],
        [  3, 257]], device='cuda:0')
Epoch 46 average train loss: 0.028112
Current epoch: 46
ACC: 0.9286
SEN: 0.8308
SPE: 0.9724
AUC: 0.9016
F1_Score: 0.8780
confusionMatrix：
tensor([[141,   4],
        [ 11,  54]], device='cuda:0')
Current end epoch: 46 current accuracy: 0.928571 
Best accuracy: 0.933333 at epoch 20
Eopch:46 train acc:0.9940546751022339, test acc:0.9285714030265808
----------
epoch 47/200
[1/27][47/200], train_loss: 0.015574
[2/27][47/200], train_loss: 0.006898
[3/27][47/200], train_loss: 0.006912
[4/27][47/200], train_loss: 0.010012
[5/27][47/200], train_loss: 0.004270
[6/27][47/200], train_loss: 0.016579
[7/27][47/200], train_loss: 0.006808
[8/27][47/200], train_loss: 0.022940
[9/27][47/200], train_loss: 0.037061
[10/27][47/200], train_loss: 0.016954
[11/27][47/200], train_loss: 0.007193
[12/27][47/200], train_loss: 0.006082
[13/27][47/200], train_loss: 0.047418
[14/27][47/200], train_loss: 0.048919
[15/27][47/200], train_loss: 0.064998
[16/27][47/200], train_loss: 0.019041
[17/27][47/200], train_loss: 0.005477
[18/27][47/200], train_loss: 0.010166
[19/27][47/200], train_loss: 0.075721
[20/27][47/200], train_loss: 0.152351
[21/27][47/200], train_loss: 0.060728
[22/27][47/200], train_loss: 0.004983
[23/27][47/200], train_loss: 0.022244
[24/27][47/200], train_loss: 0.119677
[25/27][47/200], train_loss: 0.053477
[26/27][47/200], train_loss: 0.074628
[27/27][47/200], train_loss: 0.006382
ACC: 0.9905
SEN: 0.9808
SPE: 0.9948
AUC: 0.9878
F1_Score: 0.9846
confusionMatrix：
tensor([[578,   3],
        [  5, 255]], device='cuda:0')
Epoch 47 average train loss: 0.034203
Current epoch: 47
ACC: 0.9095
SEN: 0.7538
SPE: 0.9793
AUC: 0.8666
F1_Score: 0.8376
confusionMatrix：
tensor([[142,   3],
        [ 16,  49]], device='cuda:0')
Current end epoch: 47 current accuracy: 0.909524 
Best accuracy: 0.933333 at epoch 20
Eopch:47 train acc:0.9904875159263611, test acc:0.9095237851142883
----------
epoch 48/200
[1/27][48/200], train_loss: 0.011993
[2/27][48/200], train_loss: 0.010778
[3/27][48/200], train_loss: 0.033986
[4/27][48/200], train_loss: 0.037877
[5/27][48/200], train_loss: 0.012363
[6/27][48/200], train_loss: 0.031111
[7/27][48/200], train_loss: 0.010043
[8/27][48/200], train_loss: 0.008973
[9/27][48/200], train_loss: 0.016822
[10/27][48/200], train_loss: 0.013080
[11/27][48/200], train_loss: 0.009260
[12/27][48/200], train_loss: 0.009839
[13/27][48/200], train_loss: 0.029255
[14/27][48/200], train_loss: 0.031755
[15/27][48/200], train_loss: 0.033129
[16/27][48/200], train_loss: 0.045394
[17/27][48/200], train_loss: 0.012860
[18/27][48/200], train_loss: 0.004791
[19/27][48/200], train_loss: 0.015954
[20/27][48/200], train_loss: 0.054644
[21/27][48/200], train_loss: 0.088969
[22/27][48/200], train_loss: 0.030092
[23/27][48/200], train_loss: 0.002613
[24/27][48/200], train_loss: 0.001282
[25/27][48/200], train_loss: 0.002487
[26/27][48/200], train_loss: 0.052294
[27/27][48/200], train_loss: 0.032008
ACC: 0.9952
SEN: 0.9885
SPE: 0.9983
AUC: 0.9934
F1_Score: 0.9923
confusionMatrix：
tensor([[580,   1],
        [  3, 257]], device='cuda:0')
Epoch 48 average train loss: 0.023839
Current epoch: 48
ACC: 0.8905
SEN: 0.9385
SPE: 0.8690
AUC: 0.9037
F1_Score: 0.8414
confusionMatrix：
tensor([[126,  19],
        [  4,  61]], device='cuda:0')
Current end epoch: 48 current accuracy: 0.890476 
Best accuracy: 0.933333 at epoch 20
Eopch:48 train acc:0.9952437281608582, test acc:0.8904761672019958
----------
epoch 49/200
[1/27][49/200], train_loss: 0.145869
[2/27][49/200], train_loss: 0.033759
[3/27][49/200], train_loss: 0.004318
[4/27][49/200], train_loss: 0.011973
[5/27][49/200], train_loss: 0.021263
[6/27][49/200], train_loss: 0.152947
[7/27][49/200], train_loss: 0.048807
[8/27][49/200], train_loss: 0.027749
[9/27][49/200], train_loss: 0.017040
[10/27][49/200], train_loss: 0.008530
[11/27][49/200], train_loss: 0.017005
[12/27][49/200], train_loss: 0.044703
[13/27][49/200], train_loss: 0.047891
[14/27][49/200], train_loss: 0.034122
[15/27][49/200], train_loss: 0.025080
[16/27][49/200], train_loss: 0.015638
[17/27][49/200], train_loss: 0.013616
[18/27][49/200], train_loss: 0.016560
[19/27][49/200], train_loss: 0.044583
[20/27][49/200], train_loss: 0.035702
[21/27][49/200], train_loss: 0.023307
[22/27][49/200], train_loss: 0.009254
[23/27][49/200], train_loss: 0.003000
[24/27][49/200], train_loss: 0.003242
[25/27][49/200], train_loss: 0.003645
[26/27][49/200], train_loss: 0.076016
[27/27][49/200], train_loss: 0.014558
ACC: 0.9893
SEN: 0.9769
SPE: 0.9948
AUC: 0.9859
F1_Score: 0.9826
confusionMatrix：
tensor([[578,   3],
        [  6, 254]], device='cuda:0')
Epoch 49 average train loss: 0.033340
Current epoch: 49
ACC: 0.9000
SEN: 0.9385
SPE: 0.8828
AUC: 0.9106
F1_Score: 0.8531
confusionMatrix：
tensor([[128,  17],
        [  4,  61]], device='cuda:0')
Current end epoch: 49 current accuracy: 0.900000 
Best accuracy: 0.933333 at epoch 20
Eopch:49 train acc:0.9892984628677368, test acc:0.8999999761581421
----------
epoch 50/200
[1/27][50/200], train_loss: 0.028336
[2/27][50/200], train_loss: 0.028750
[3/27][50/200], train_loss: 0.006207
[4/27][50/200], train_loss: 0.006896
[5/27][50/200], train_loss: 0.001737
[6/27][50/200], train_loss: 0.004273
[7/27][50/200], train_loss: 0.009173
[8/27][50/200], train_loss: 0.094459
[9/27][50/200], train_loss: 0.059255
[10/27][50/200], train_loss: 0.011860
[11/27][50/200], train_loss: 0.005806
[12/27][50/200], train_loss: 0.004336
[13/27][50/200], train_loss: 0.020780
[14/27][50/200], train_loss: 0.041409
[15/27][50/200], train_loss: 0.087732
[16/27][50/200], train_loss: 0.057530
[17/27][50/200], train_loss: 0.017958
[18/27][50/200], train_loss: 0.004703
[19/27][50/200], train_loss: 0.036809
[20/27][50/200], train_loss: 0.084249
[21/27][50/200], train_loss: 0.068564
[22/27][50/200], train_loss: 0.011991
[23/27][50/200], train_loss: 0.002091
[24/27][50/200], train_loss: 0.002113
[25/27][50/200], train_loss: 0.003939
[26/27][50/200], train_loss: 0.051145
[27/27][50/200], train_loss: 0.016066
ACC: 0.9952
SEN: 0.9885
SPE: 0.9983
AUC: 0.9934
F1_Score: 0.9923
confusionMatrix：
tensor([[580,   1],
        [  3, 257]], device='cuda:0')
Epoch 50 average train loss: 0.028451
Current epoch: 50
ACC: 0.8762
SEN: 0.9385
SPE: 0.8483
AUC: 0.8934
F1_Score: 0.8243
confusionMatrix：
tensor([[123,  22],
        [  4,  61]], device='cuda:0')
Current end epoch: 50 current accuracy: 0.876190 
Best accuracy: 0.933333 at epoch 20
Eopch:50 train acc:0.9952437281608582, test acc:0.8761904835700989
----------
epoch 51/200
[1/27][51/200], train_loss: 0.063637
[2/27][51/200], train_loss: 0.025226
[3/27][51/200], train_loss: 0.009128
[4/27][51/200], train_loss: 0.007969
[5/27][51/200], train_loss: 0.003677
[6/27][51/200], train_loss: 0.020556
[7/27][51/200], train_loss: 0.020232
[8/27][51/200], train_loss: 0.061550
[9/27][51/200], train_loss: 0.050473
[10/27][51/200], train_loss: 0.013329
[11/27][51/200], train_loss: 0.007154
[12/27][51/200], train_loss: 0.003887
[13/27][51/200], train_loss: 0.012330
[14/27][51/200], train_loss: 0.025099
[15/27][51/200], train_loss: 0.040087
[16/27][51/200], train_loss: 0.078141
[17/27][51/200], train_loss: 0.027195
[18/27][51/200], train_loss: 0.002128
[19/27][51/200], train_loss: 0.007346
[20/27][51/200], train_loss: 0.017505
[21/27][51/200], train_loss: 0.088250
[22/27][51/200], train_loss: 0.057181
[23/27][51/200], train_loss: 0.004359
[24/27][51/200], train_loss: 0.001212
[25/27][51/200], train_loss: 0.000793
[26/27][51/200], train_loss: 0.048015
[27/27][51/200], train_loss: 0.006895
ACC: 0.9941
SEN: 0.9808
SPE: 1.0000
AUC: 0.9904
F1_Score: 0.9903
confusionMatrix：
tensor([[581,   0],
        [  5, 255]], device='cuda:0')
Epoch 51 average train loss: 0.026050
Current epoch: 51
ACC: 0.8714
SEN: 0.9538
SPE: 0.8345
AUC: 0.8942
F1_Score: 0.8212
confusionMatrix：
tensor([[121,  24],
        [  3,  62]], device='cuda:0')
Current end epoch: 51 current accuracy: 0.871429 
Best accuracy: 0.933333 at epoch 20
Eopch:51 train acc:0.9940546751022339, test acc:0.8714285492897034
----------
epoch 52/200
[1/27][52/200], train_loss: 0.047794
[2/27][52/200], train_loss: 0.108128
[3/27][52/200], train_loss: 0.018223
[4/27][52/200], train_loss: 0.014152
[5/27][52/200], train_loss: 0.001455
[6/27][52/200], train_loss: 0.003767
[7/27][52/200], train_loss: 0.006042
[8/27][52/200], train_loss: 0.035199
[9/27][52/200], train_loss: 0.114357
[10/27][52/200], train_loss: 0.049984
[11/27][52/200], train_loss: 0.037642
[12/27][52/200], train_loss: 0.005694
[13/27][52/200], train_loss: 0.005970
[14/27][52/200], train_loss: 0.013577
[15/27][52/200], train_loss: 0.043009
[16/27][52/200], train_loss: 0.139525
[17/27][52/200], train_loss: 0.050798
[18/27][52/200], train_loss: 0.002691
[19/27][52/200], train_loss: 0.007361
[20/27][52/200], train_loss: 0.025559
[21/27][52/200], train_loss: 0.074513
[22/27][52/200], train_loss: 0.031447
[23/27][52/200], train_loss: 0.009767
[24/27][52/200], train_loss: 0.002826
[25/27][52/200], train_loss: 0.000914
[26/27][52/200], train_loss: 0.057174
[27/27][52/200], train_loss: 0.002320
ACC: 0.9917
SEN: 0.9846
SPE: 0.9948
AUC: 0.9897
F1_Score: 0.9865
confusionMatrix：
tensor([[578,   3],
        [  4, 256]], device='cuda:0')
Epoch 52 average train loss: 0.033699
Current epoch: 52
ACC: 0.9286
SEN: 0.9385
SPE: 0.9241
AUC: 0.9313
F1_Score: 0.8905
confusionMatrix：
tensor([[134,  11],
        [  4,  61]], device='cuda:0')
Current end epoch: 52 current accuracy: 0.928571 
Best accuracy: 0.933333 at epoch 20
Eopch:52 train acc:0.9916765689849854, test acc:0.9285714030265808
----------
epoch 53/200
[1/27][53/200], train_loss: 0.007122
[2/27][53/200], train_loss: 0.014643
[3/27][53/200], train_loss: 0.022822
[4/27][53/200], train_loss: 0.064316
[5/27][53/200], train_loss: 0.024343
[6/27][53/200], train_loss: 0.003018
[7/27][53/200], train_loss: 0.001958
[8/27][53/200], train_loss: 0.002678
[9/27][53/200], train_loss: 0.037099
[10/27][53/200], train_loss: 0.050300
[11/27][53/200], train_loss: 0.119591
[12/27][53/200], train_loss: 0.083285
[13/27][53/200], train_loss: 0.005697
[14/27][53/200], train_loss: 0.003506
[15/27][53/200], train_loss: 0.018165
[16/27][53/200], train_loss: 0.092435
[17/27][53/200], train_loss: 0.134914
[18/27][53/200], train_loss: 0.014152
[19/27][53/200], train_loss: 0.009350
[20/27][53/200], train_loss: 0.004489
[21/27][53/200], train_loss: 0.019409
[22/27][53/200], train_loss: 0.057197
[23/27][53/200], train_loss: 0.037418
[24/27][53/200], train_loss: 0.022034
[25/27][53/200], train_loss: 0.004367
[26/27][53/200], train_loss: 0.087992
[27/27][53/200], train_loss: 0.003831
ACC: 0.9869
SEN: 0.9731
SPE: 0.9931
AUC: 0.9831
F1_Score: 0.9787
confusionMatrix：
tensor([[577,   4],
        [  7, 253]], device='cuda:0')
Epoch 53 average train loss: 0.035042
Current epoch: 53
ACC: 0.9381
SEN: 0.8923
SPE: 0.9586
AUC: 0.9255
F1_Score: 0.8992
confusionMatrix：
tensor([[139,   6],
        [  7,  58]], device='cuda:0')
saved new best accuracy model
Current end epoch: 53 current accuracy: 0.938095 
Best accuracy: 0.938095 at epoch 53
Eopch:53 train acc:0.9869203567504883, test acc:0.938095211982727
----------
epoch 54/200
[1/27][54/200], train_loss: 0.007328
[2/27][54/200], train_loss: 0.008660
[3/27][54/200], train_loss: 0.009105
[4/27][54/200], train_loss: 0.033528
[5/27][54/200], train_loss: 0.051834
[6/27][54/200], train_loss: 0.005252
[7/27][54/200], train_loss: 0.003069
[8/27][54/200], train_loss: 0.001472
[9/27][54/200], train_loss: 0.015177
[10/27][54/200], train_loss: 0.008649
[11/27][54/200], train_loss: 0.033802
[12/27][54/200], train_loss: 0.059084
[13/27][54/200], train_loss: 0.032012
[14/27][54/200], train_loss: 0.002260
[15/27][54/200], train_loss: 0.004133
[16/27][54/200], train_loss: 0.004520
[17/27][54/200], train_loss: 0.012721
[18/27][54/200], train_loss: 0.029239
[19/27][54/200], train_loss: 0.137808
[20/27][54/200], train_loss: 0.007020
[21/27][54/200], train_loss: 0.002966
[22/27][54/200], train_loss: 0.001010
[23/27][54/200], train_loss: 0.001141
[24/27][54/200], train_loss: 0.014203
[25/27][54/200], train_loss: 0.013236
[26/27][54/200], train_loss: 0.162878
[27/27][54/200], train_loss: 0.026060
ACC: 0.9964
SEN: 0.9923
SPE: 0.9983
AUC: 0.9953
F1_Score: 0.9942
confusionMatrix：
tensor([[580,   1],
        [  2, 258]], device='cuda:0')
Epoch 54 average train loss: 0.025488
Current epoch: 54
ACC: 0.8905
SEN: 0.6769
SPE: 0.9862
AUC: 0.8316
F1_Score: 0.7928
confusionMatrix：
tensor([[143,   2],
        [ 21,  44]], device='cuda:0')
Current end epoch: 54 current accuracy: 0.890476 
Best accuracy: 0.938095 at epoch 53
Eopch:54 train acc:0.9964328408241272, test acc:0.8904761672019958
----------
epoch 55/200
[1/27][55/200], train_loss: 0.034912
[2/27][55/200], train_loss: 0.002476
[3/27][55/200], train_loss: 0.002666
[4/27][55/200], train_loss: 0.006211
[5/27][55/200], train_loss: 0.025488
[6/27][55/200], train_loss: 0.010353
[7/27][55/200], train_loss: 0.037233
[8/27][55/200], train_loss: 0.011845
[9/27][55/200], train_loss: 0.012813
[10/27][55/200], train_loss: 0.002923
[11/27][55/200], train_loss: 0.004108
[12/27][55/200], train_loss: 0.003976
[13/27][55/200], train_loss: 0.006367
[14/27][55/200], train_loss: 0.002993
[15/27][55/200], train_loss: 0.007726
[16/27][55/200], train_loss: 0.001302
[17/27][55/200], train_loss: 0.006964
[18/27][55/200], train_loss: 0.005784
[19/27][55/200], train_loss: 0.002845
[20/27][55/200], train_loss: 0.001975
[21/27][55/200], train_loss: 0.001812
[22/27][55/200], train_loss: 0.000944
[23/27][55/200], train_loss: 0.001058
[24/27][55/200], train_loss: 0.001163
[25/27][55/200], train_loss: 0.000892
[26/27][55/200], train_loss: 0.024602
[27/27][55/200], train_loss: 0.000812
ACC: 0.9988
SEN: 0.9962
SPE: 1.0000
AUC: 0.9981
F1_Score: 0.9981
confusionMatrix：
tensor([[581,   0],
        [  1, 259]], device='cuda:0')
Epoch 55 average train loss: 0.008231
Current epoch: 55
ACC: 0.9095
SEN: 0.7692
SPE: 0.9724
AUC: 0.8708
F1_Score: 0.8403
confusionMatrix：
tensor([[141,   4],
        [ 15,  50]], device='cuda:0')
Current end epoch: 55 current accuracy: 0.909524 
Best accuracy: 0.938095 at epoch 53
Eopch:55 train acc:0.9988109469413757, test acc:0.9095237851142883
----------
epoch 56/200
[1/27][56/200], train_loss: 0.002361
[2/27][56/200], train_loss: 0.001714
[3/27][56/200], train_loss: 0.002327
[4/27][56/200], train_loss: 0.002514
[5/27][56/200], train_loss: 0.001576
[6/27][56/200], train_loss: 0.000867
[7/27][56/200], train_loss: 0.001153
[8/27][56/200], train_loss: 0.000642
[9/27][56/200], train_loss: 0.003055
[10/27][56/200], train_loss: 0.001113
[11/27][56/200], train_loss: 0.002704
[12/27][56/200], train_loss: 0.001532
[13/27][56/200], train_loss: 0.003026
[14/27][56/200], train_loss: 0.001026
[15/27][56/200], train_loss: 0.001675
[16/27][56/200], train_loss: 0.000970
[17/27][56/200], train_loss: 0.002408
[18/27][56/200], train_loss: 0.001008
[19/27][56/200], train_loss: 0.001089
[20/27][56/200], train_loss: 0.001646
[21/27][56/200], train_loss: 0.002090
[22/27][56/200], train_loss: 0.000736
[23/27][56/200], train_loss: 0.001580
[24/27][56/200], train_loss: 0.000679
[25/27][56/200], train_loss: 0.000620
[26/27][56/200], train_loss: 0.007226
[27/27][56/200], train_loss: 0.000694
ACC: 1.0000
SEN: 1.0000
SPE: 1.0000
AUC: 1.0000
F1_Score: 1.0000
confusionMatrix：
tensor([[581,   0],
        [  0, 260]], device='cuda:0')
Epoch 56 average train loss: 0.001779
Current epoch: 56
ACC: 0.9238
SEN: 0.8154
SPE: 0.9724
AUC: 0.8939
F1_Score: 0.8689
confusionMatrix：
tensor([[141,   4],
        [ 12,  53]], device='cuda:0')
Current end epoch: 56 current accuracy: 0.923810 
Best accuracy: 0.938095 at epoch 53
Eopch:56 train acc:1.0, test acc:0.9238095283508301
----------
epoch 57/200
[1/27][57/200], train_loss: 0.001696
[2/27][57/200], train_loss: 0.001085
[3/27][57/200], train_loss: 0.001489
[4/27][57/200], train_loss: 0.001831
[5/27][57/200], train_loss: 0.000857
[6/27][57/200], train_loss: 0.000509
[7/27][57/200], train_loss: 0.000601
[8/27][57/200], train_loss: 0.000412
[9/27][57/200], train_loss: 0.002667
[10/27][57/200], train_loss: 0.000629
[11/27][57/200], train_loss: 0.002344
[12/27][57/200], train_loss: 0.001473
[13/27][57/200], train_loss: 0.002501
[14/27][57/200], train_loss: 0.001034
[15/27][57/200], train_loss: 0.001898
[16/27][57/200], train_loss: 0.000550
[17/27][57/200], train_loss: 0.001904
[18/27][57/200], train_loss: 0.000785
[19/27][57/200], train_loss: 0.000709
[20/27][57/200], train_loss: 0.001015
[21/27][57/200], train_loss: 0.001259
[22/27][57/200], train_loss: 0.000475
[23/27][57/200], train_loss: 0.001011
[24/27][57/200], train_loss: 0.000465
[25/27][57/200], train_loss: 0.000436
[26/27][57/200], train_loss: 0.005283
[27/27][57/200], train_loss: 0.000564
ACC: 1.0000
SEN: 1.0000
SPE: 1.0000
AUC: 1.0000
F1_Score: 1.0000
confusionMatrix：
tensor([[581,   0],
        [  0, 260]], device='cuda:0')
Epoch 57 average train loss: 0.001314
Current epoch: 57
ACC: 0.9333
SEN: 0.8462
SPE: 0.9724
AUC: 0.9093
F1_Score: 0.8871
confusionMatrix：
tensor([[141,   4],
        [ 10,  55]], device='cuda:0')
Current end epoch: 57 current accuracy: 0.933333 
Best accuracy: 0.938095 at epoch 53
Eopch:57 train acc:1.0, test acc:0.9333333373069763
----------
epoch 58/200
[1/27][58/200], train_loss: 0.001408
[2/27][58/200], train_loss: 0.000888
[3/27][58/200], train_loss: 0.001193
[4/27][58/200], train_loss: 0.001700
[5/27][58/200], train_loss: 0.000858
[6/27][58/200], train_loss: 0.000394
[7/27][58/200], train_loss: 0.000534
[8/27][58/200], train_loss: 0.000310
[9/27][58/200], train_loss: 0.002009
[10/27][58/200], train_loss: 0.000489
[11/27][58/200], train_loss: 0.001669
[12/27][58/200], train_loss: 0.000996
[13/27][58/200], train_loss: 0.001939
[14/27][58/200], train_loss: 0.000764
[15/27][58/200], train_loss: 0.001468
[16/27][58/200], train_loss: 0.000446
[17/27][58/200], train_loss: 0.001686
[18/27][58/200], train_loss: 0.000635
[19/27][58/200], train_loss: 0.000595
[20/27][58/200], train_loss: 0.000854
[21/27][58/200], train_loss: 0.001080
[22/27][58/200], train_loss: 0.000383
[23/27][58/200], train_loss: 0.000782
[24/27][58/200], train_loss: 0.000363
[25/27][58/200], train_loss: 0.000335
[26/27][58/200], train_loss: 0.004531
[27/27][58/200], train_loss: 0.000438
ACC: 1.0000
SEN: 1.0000
SPE: 1.0000
AUC: 1.0000
F1_Score: 1.0000
confusionMatrix：
tensor([[581,   0],
        [  0, 260]], device='cuda:0')
Epoch 58 average train loss: 0.001065
Current epoch: 58
ACC: 0.9333
SEN: 0.8462
SPE: 0.9724
AUC: 0.9093
F1_Score: 0.8871
confusionMatrix：
tensor([[141,   4],
        [ 10,  55]], device='cuda:0')
Current end epoch: 58 current accuracy: 0.933333 
Best accuracy: 0.938095 at epoch 53
Eopch:58 train acc:1.0, test acc:0.9333333373069763
----------
epoch 59/200
[1/27][59/200], train_loss: 0.001159
[2/27][59/200], train_loss: 0.000710
[3/27][59/200], train_loss: 0.000991
[4/27][59/200], train_loss: 0.001452
[5/27][59/200], train_loss: 0.000680
[6/27][59/200], train_loss: 0.000330
[7/27][59/200], train_loss: 0.000443
[8/27][59/200], train_loss: 0.000265
[9/27][59/200], train_loss: 0.001815
[10/27][59/200], train_loss: 0.000413
[11/27][59/200], train_loss: 0.001471
[12/27][59/200], train_loss: 0.000900
[13/27][59/200], train_loss: 0.001725
[14/27][59/200], train_loss: 0.000684
[15/27][59/200], train_loss: 0.001357
[16/27][59/200], train_loss: 0.000383
[17/27][59/200], train_loss: 0.001514
[18/27][59/200], train_loss: 0.000559
[19/27][59/200], train_loss: 0.000526
[20/27][59/200], train_loss: 0.000756
[21/27][59/200], train_loss: 0.000973
[22/27][59/200], train_loss: 0.000338
[23/27][59/200], train_loss: 0.000693
[24/27][59/200], train_loss: 0.000313
[25/27][59/200], train_loss: 0.000288
[26/27][59/200], train_loss: 0.003755
[27/27][59/200], train_loss: 0.000394
ACC: 1.0000
SEN: 1.0000
SPE: 1.0000
AUC: 1.0000
F1_Score: 1.0000
confusionMatrix：
tensor([[581,   0],
        [  0, 260]], device='cuda:0')
Epoch 59 average train loss: 0.000922
Current epoch: 59
ACC: 0.9333
SEN: 0.8462
SPE: 0.9724
AUC: 0.9093
F1_Score: 0.8871
confusionMatrix：
tensor([[141,   4],
        [ 10,  55]], device='cuda:0')
Current end epoch: 59 current accuracy: 0.933333 
Best accuracy: 0.938095 at epoch 53
Eopch:59 train acc:1.0, test acc:0.9333333373069763
----------
epoch 60/200
[1/27][60/200], train_loss: 0.001058
[2/27][60/200], train_loss: 0.000631
[3/27][60/200], train_loss: 0.000877
[4/27][60/200], train_loss: 0.001339
[5/27][60/200], train_loss: 0.000621
[6/27][60/200], train_loss: 0.000291
[7/27][60/200], train_loss: 0.000400
[8/27][60/200], train_loss: 0.000235
[9/27][60/200], train_loss: 0.001623
[10/27][60/200], train_loss: 0.000363
[11/27][60/200], train_loss: 0.001305
[12/27][60/200], train_loss: 0.000811
[13/27][60/200], train_loss: 0.001548
[14/27][60/200], train_loss: 0.000613
[15/27][60/200], train_loss: 0.001250
[16/27][60/200], train_loss: 0.000339
[17/27][60/200], train_loss: 0.001376
[18/27][60/200], train_loss: 0.000505
[19/27][60/200], train_loss: 0.000476
[20/27][60/200], train_loss: 0.000676
[21/27][60/200], train_loss: 0.000873
[22/27][60/200], train_loss: 0.000299
[23/27][60/200], train_loss: 0.000607
[24/27][60/200], train_loss: 0.000273
[25/27][60/200], train_loss: 0.000249
[26/27][60/200], train_loss: 0.003275
[27/27][60/200], train_loss: 0.000352
ACC: 1.0000
SEN: 1.0000
SPE: 1.0000
AUC: 1.0000
F1_Score: 1.0000
confusionMatrix：
tensor([[581,   0],
        [  0, 260]], device='cuda:0')
Epoch 60 average train loss: 0.000825
Current epoch: 60
ACC: 0.9333
SEN: 0.8462
SPE: 0.9724
AUC: 0.9093
F1_Score: 0.8871
confusionMatrix：
tensor([[141,   4],
        [ 10,  55]], device='cuda:0')
Current end epoch: 60 current accuracy: 0.933333 
Best accuracy: 0.938095 at epoch 53
Eopch:60 train acc:1.0, test acc:0.9333333373069763
Cross-testation fiveFold_3 end:
Training completed, recorder.best_accuracy: 0.938095 at epoch: 53
######################################################################################

